mpiexec -n 32 -f machinefile ./delaunay 32 -1 256 256 256 2.0 -1.0 -1.0 0 0 del.out
[0]: Time for round 1 = 27.468262 s
[0]: Time for round 2 = 29.938814 s
[0]: Time for round 3 = 30.350390 s
[0]: Time for round 4 = 29.399082 s
----------------- global stats ------------------
particle exchange time        = 0.000 s
delaunay computation time     = 117.157 s
output time                   = 0.149 s
total time                    = 117.307 s
All times printed in one row:
0.000 117.157 0.149 117.307
-------------------------------------------------
                     [min, avg, max]:
original particles = [524288, 524288, 524288]
with ghosts        = [567843, 590244, 615236]
tets               = [3826467, 3979613, 4150741]
-------------------------------------------------
Attempting to use an MPI routine after finalizing MPICH
Attempting to use an MPI routine after finalizing MPICH

===================================================================================
=   BAD TERMINATION OF ONE OF YOUR APPLICATION PROCESSES
=   EXIT CODE: 1
=   CLEANING UP REMAINING PROCESSES
=   YOU CAN IGNORE THE BELOW CLEANUP MESSAGES
===================================================================================
[proxy:0:0@master] HYD_pmcd_pmip_control_cmd_cb (./pm/pmiserv/pmip_cb.c:886): assert (!closed) failed
[proxy:0:0@master] HYDT_dmxu_poll_wait_for_event (./tools/demux/demux_poll.c:77): callback returned error status
[proxy:0:0@master] main (./pm/pmiserv/pmip.c:206): demux engine error waiting for event
[proxy:0:1@worker01] HYD_pmcd_pmip_control_cmd_cb (./pm/pmiserv/pmip_cb.c:886): assert (!closed) failed
[proxy:0:1@worker01] HYDT_dmxu_poll_wait_for_event (./tools/demux/demux_poll.c:77): callback returned error status
[proxy:0:1@worker01] main (./pm/pmiserv/pmip.c:206): demux engine error waiting for event
[proxy:0:3@worker03] HYD_pmcd_pmip_control_cmd_cb (./pm/pmiserv/pmip_cb.c:886): assert (!closed) failed
[proxy:0:3@worker03] HYDT_dmxu_poll_wait_for_event (./tools/demux/demux_poll.c:77): callback returned error status
[proxy:0:3@worker03] main (./pm/pmiserv/pmip.c:206): demux engine error waiting for event
[proxy:0:7@worker07] HYD_pmcd_pmip_control_cmd_cb (./pm/pmiserv/pmip_cb.c:886): assert (!closed) failed
[proxy:0:7@worker07] HYDT_dmxu_poll_wait_for_event (./tools/demux/demux_poll.c:77): callback returned error status
[proxy:0:7@worker07] main (./pm/pmiserv/pmip.c:206): demux engine error waiting for event
[proxy:0:8@worker08] HYD_pmcd_pmip_control_cmd_cb (./pm/pmiserv/pmip_cb.c:886): assert (!closed) failed
[proxy:0:8@worker08] HYDT_dmxu_poll_wait_for_event (./tools/demux/demux_poll.c:77): callback returned error status
[proxy:0:8@worker08] main (./pm/pmiserv/pmip.c:206): demux engine error waiting for event
[mpiexec@master] HYDT_bscu_wait_for_completion (./tools/bootstrap/utils/bscu_wait.c:76): one of the processes terminated badly; aborting
[mpiexec@master] HYDT_bsci_wait_for_completion (./tools/bootstrap/src/bsci_wait.c:23): launcher returned error waiting for completion
[mpiexec@master] HYD_pmci_wait_for_completion (./pm/pmiserv/pmiserv_pmci.c:217): launcher returned error waiting for completion
[mpiexec@master] main (./ui/mpich/mpiexec.c:331): process manager error waiting for completion
