mpiexec -n 384 -f machinefile -wdir /home/cc/tessinstall/examples/tess ./delaunay 384 -1 128 128 128 2.0 -1.0 -1.0 0 0 del.out
[0]: Time for round 1 = 1.427964 s
[0]: Time for round 2 = 2.754241 s
[0]: Time for round 3 = 3.001250 s
[0]: Time for round 4 = 3.263726 s
Fatal error in PMPI_Test: A process has failed, error stack:
PMPI_Test(166).............: MPI_Test(request=0x25dd5d0, flag=0x7ffde7df1ab0, status=0x7ffde7df1b10) failed
MPIR_Test_impl(65).........: 
MPID_nem_tcp_connpoll(1826): Communication error with rank 262: Connection timed out
Fatal error in PMPI_Test: A process has failed, error stack:
PMPI_Test(166).............: MPI_Test(request=0x20f0e90, flag=0x7ffe34a4bdd0, status=0x7ffe34a4be30) failed
MPIR_Test_impl(65).........: 
MPID_nem_tcp_connpoll(1826): Communication error with rank 90: Connection timed out
Fatal error in PMPI_Test: A process has failed, error stack:
PMPI_Test(166).............: MPI_Test(request=0x200cbf0, flag=0x7ffcc8e43f00, status=0x7ffcc8e43f60) failed
MPIR_Test_impl(65).........: 
MPID_nem_tcp_connpoll(1826): Communication error with rank 30: Connection timed out
Fatal error in PMPI_Test: A process has failed, error stack:
PMPI_Test(166).............: MPI_Test(request=0x7fe4d0, flag=0x7ffcaa735260, status=0x7ffcaa7352c0) failed
MPIR_Test_impl(65).........: 
MPID_nem_tcp_connpoll(1826): Communication error with rank 130: Connection timed out
Fatal error in PMPI_Test: A process has failed, error stack:
PMPI_Test(166).............: MPI_Test(request=0x1e264c0, flag=0x7ffc24e2a3f0, status=0x7ffc24e2a450) failed
MPIR_Test_impl(65).........: 
MPID_nem_tcp_connpoll(1826): Communication error with rank 226: Connection timed out
Fatal error in PMPI_Test: A process has failed, error stack:
PMPI_Test(166).............: MPI_Test(request=0x1336b50, flag=0x7fff89ebd050, status=0x7fff89ebd0b0) failed
MPIR_Test_impl(65).........: 
MPID_nem_tcp_connpoll(1826): Communication error with rank 306: Connection timed out
Fatal error in PMPI_Test: A process has failed, error stack:
PMPI_Test(166).............: MPI_Test(request=0x86c880, flag=0x7fff869d8120, status=0x7fff869d8180) failed
MPIR_Test_impl(65).........: 
MPID_nem_tcp_connpoll(1826): Communication error with rank 254: Connection timed out
Fatal error in PMPI_Test: A process has failed, error stack:
PMPI_Test(166).............: MPI_Test(request=0x2557030, flag=0x7ffd797598a0, status=0x7ffd79759900) failed
MPIR_Test_impl(65).........: 
MPID_nem_tcp_connpoll(1826): Communication error with rank 6: Connection timed out
Fatal error in PMPI_Test: A process has failed, error stack:
PMPI_Test(166).............: MPI_Test(request=0x1469290, flag=0x7ffe77d2f7a0, status=0x7ffe77d2f800) failed
MPIR_Test_impl(65).........: 
MPID_nem_tcp_connpoll(1826): Communication error with rank 30: Connection timed out
Fatal error in PMPI_Test: A process has failed, error stack:
PMPI_Test(166).............: MPI_Test(request=0x1fb0df0, flag=0x7ffc266b4b10, status=0x7ffc266b4b70) failed
MPIR_Test_impl(65).........: 
MPID_nem_tcp_connpoll(1826): Communication error with rank 58: Connection timed out

===================================================================================
=   BAD TERMINATION OF ONE OF YOUR APPLICATION PROCESSES
=   EXIT CODE: 1
=   CLEANING UP REMAINING PROCESSES
=   YOU CAN IGNORE THE BELOW CLEANUP MESSAGES
===================================================================================
[proxy:0:0@master] HYD_pmcd_pmip_control_cmd_cb (./pm/pmiserv/pmip_cb.c:886): assert (!closed) failed
[proxy:0:0@master] HYDT_dmxu_poll_wait_for_event (./tools/demux/demux_poll.c:77): callback returned error status
[proxy:0:0@master] main (./pm/pmiserv/pmip.c:206): demux engine error waiting for event
[mpiexec@master] HYDT_bscu_wait_for_completion (./tools/bootstrap/utils/bscu_wait.c:76): one of the processes terminated badly; aborting
[mpiexec@master] HYDT_bsci_wait_for_completion (./tools/bootstrap/src/bsci_wait.c:23): launcher returned error waiting for completion
[mpiexec@master] HYD_pmci_wait_for_completion (./pm/pmiserv/pmiserv_pmci.c:217): launcher returned error waiting for completion
[mpiexec@master] main (./ui/mpich/mpiexec.c:331): process manager error waiting for completion
