mpiexec -n 32 -f machinefile ./delaunay 32 -1 1024 1024 1024 2.0 -1.0 -1.0 0 0 del.out
QH6159 qhull error: more than 16777215 vertices.  ID field overflows and two vertices
may have the same identifier.  Vertices will not be sorted correctly.

While executing:  | qhull d Qt
Options selected for Qhull 2012.1 2012/02/18:
  run-id 1260398958  delaunay  Qtriangulate  _pre-merge  _zero-centrum  Pgood
  _max-width 1e+06  Error-roundoff 2.1e-09  _one-merge 1.9e-08
  _near-inside 9.5e-08  Visible-distance 1.3e-08  U-coplanar-distance 1.3e-08
  Width-outside 2.5e-08  _wide-facet 7.6e-08
Last point added to hull was p7497163.  Last merge was #22061.

At error exit:
QH6159 qhull error: more than 16777215 vertices.  ID field overflows and two vertices
may have the same identifier.  Vertices will not be sorted correctly.

While executing:  | qhull d Qt
Options selected for Qhull 2012.1 2012/02/18:
  run-id 1260398958  delaunay  Qtriangulate  _pre-merge  _zero-centrum  Pgood
  _max-width 5.2e+05  Error-roundoff 6.6e-10  _one-merge 5.9e-09
  _near-inside 3e-08  Visible-distance 4e-09  U-coplanar-distance 4e-09
  Width-outside 7.9e-09  _wide-facet 2.4e-08
Last point added to hull was p12576579.  Last merge was #2966.

At error exit:
QH6159 qhull error: more than 16777215 vertices.  ID field overflows and two vertices
may have the same identifier.  Vertices will not be sorted correctly.

While executing:  | qhull d Qt
Options selected for Qhull 2012.1 2012/02/18:
  run-id 1260398958  delaunay  Qtriangulate  _pre-merge  _zero-centrum  Pgood
  _max-width 7.8e+05  Error-roundoff 1.2e-09  _one-merge 1.1e-08
  _near-inside 5.6e-08  Visible-distance 7.5e-09  U-coplanar-distance 7.5e-09
  Width-outside 1.5e-08  _wide-facet 4.5e-08
Last point added to hull was p20928893.  Last merge was #8731.

At error exit:
QH6159 qhull error: more than 16777215 vertices.  ID field overflows and two vertices
may have the same identifier.  Vertices will not be sorted correctly.

While executing:  | qhull d Qt
Options selected for Qhull 2012.1 2012/02/18:
  run-id 1260398958  delaunay  Qtriangulate  _pre-merge  _zero-centrum  Pgood
  _max-width 6.5e+05  Error-roundoff 8.8e-10  _one-merge 7.9e-09
  _near-inside 4e-08  Visible-distance 5.3e-09  U-coplanar-distance 5.3e-09
  Width-outside 1.1e-08  _wide-facet 3.2e-08
Last point added to hull was p29877469.  Last merge was #4844.

At error exit:
QH6159 qhull error: more than 16777215 vertices.  ID field overflows and two vertices
may have the same identifier.  Vertices will not be sorted correctly.

While executing:  | qhull d Qt
Options selected for Qhull 2012.1 2012/02/18:
  run-id 1260398958  delaunay  Qtriangulate  _pre-merge  _zero-centrum  Pgood
  _max-width 1.3e+06  Error-roundoff 2.1e-09  _one-merge 1.9e-08
  _near-inside 9.5e-08  Visible-distance 1.3e-08  U-coplanar-distance 1.3e-08
  Width-outside 2.5e-08  _wide-facet 7.6e-08
Last point added to hull was p24052834.  Last merge was #21488.

At error exit:
QH6159 qhull error: more than 16777215 vertices.  ID field overflows and two vertices
may have the same identifier.  Vertices will not be sorted correctly.

While executing:  | qhull d Qt
Options selected for Qhull 2012.1 2012/02/18:
  run-id 1260398958  delaunay  Qtriangulate  _pre-merge  _zero-centrum  Pgood
  _max-width 1.2e+06  Error-roundoff 1.9e-09  _one-merge 1.7e-08
  _near-inside 8.6e-08  Visible-distance 1.1e-08  U-coplanar-distance 1.1e-08
  Width-outside 2.3e-08  _wide-facet 6.8e-08
Last point added to hull was p31810384.  Last merge was #17560.

At error exit:
QH6159 qhull error: more than 16777215 vertices.  ID field overflows and two vertices
may have the same identifier.  Vertices will not be sorted correctly.

While executing:  | qhull d Qt
Options selected for Qhull 2012.1 2012/02/18:
  run-id 1260398958  delaunay  Qtriangulate  _pre-merge  _zero-centrum  Pgood
  _max-width 1e+06  Error-roundoff 2.1e-09  _one-merge 1.9e-08
  _near-inside 9.6e-08  Visible-distance 1.3e-08  U-coplanar-distance 1.3e-08
  Width-outside 2.5e-08  _wide-facet 7.6e-08
Last point added to hull was p19030723.  Last merge was #21796.

At error exit:
QH6159 qhull error: more than 16777215 vertices.  ID field overflows and two vertices
may have the same identifier.  Vertices will not be sorted correctly.

While executing:  | qhull d Qt
Options selected for Qhull 2012.1 2012/02/18:
  run-id 1260398958  delaunay  Qtriangulate  _pre-merge  _zero-centrum  Pgood
  _max-width 5.2e+05  Error-roundoff 6.6e-10  _one-merge 5.9e-09
  _near-inside 3e-08  Visible-distance 4e-09  U-coplanar-distance 4e-09
  Width-outside 7.9e-09  _wide-facet 2.4e-08
Last point added to hull was p8326841.  Last merge was #3019.

At error exit:
QH6159 qhull error: more than 16777215 vertices.  ID field overflows and two vertices
may have the same identifier.  Vertices will not be sorted correctly.

While executing:  | qhull d Qt
Options selected for Qhull 2012.1 2012/02/18:
  run-id 1260398958  delaunay  Qtriangulate  _pre-merge  _zero-centrum  Pgood
  _max-width 1.2e+06  Error-roundoff 1.8e-09  _one-merge 1.6e-08
  _near-inside 7.9e-08  Visible-distance 1.1e-08  U-coplanar-distance 1.1e-08
  Width-outside 2.1e-08  _wide-facet 6.3e-08
Last point added to hull was p994129.  Last merge was #15272.

At error exit:
QH6159 qhull error: more than 16777215 vertices.  ID field overflows and two vertices
may have the same identifier.  Vertices will not be sorted correctly.

While executing:  | qhull d Qt
Options selected for Qhull 2012.1 2012/02/18:
  run-id 1260398958  delaunay  Qtriangulate  _pre-merge  _zero-centrum  Pgood
  _max-width 1e+06  Error-roundoff 1.5e-09  _one-merge 1.4e-08
  _near-inside 6.9e-08  Visible-distance 9.2e-09  U-coplanar-distance 9.2e-09
  Width-outside 1.8e-08  _wide-facet 5.5e-08
Last point added to hull was p26919217.  Last merge was #12671.

At error exit:
QH6159 qhull error: more than 16777215 vertices.  ID field overflows and two vertices
may have the same identifier.  Vertices will not be sorted correctly.

While executing:  | qhull d Qt
Options selected for Qhull 2012.1 2012/02/18:
  run-id 1260398958  delaunay  Qtriangulate  _pre-merge  _zero-centrum  Pgood
  _max-width 1.2e+06  Error-roundoff 2.6e-09  _one-merge 2.4e-08
  _near-inside 1.2e-07  Visible-distance 1.6e-08  U-coplanar-distance 1.6e-08
  Width-outside 3.2e-08  _wide-facet 9.5e-08
Last point added to hull was p21312082.  Last merge was #31435.

At error exit:
QH6159 qhull error: more than 16777215 vertices.  ID field overflows and two vertices
may have the same identifier.  Vertices will not be sorted correctly.

While executing:  | qhull d Qt
Options selected for Qhull 2012.1 2012/02/18:
  run-id 1260398958  delaunay  Qtriangulate  _pre-merge  _zero-centrum  Pgood
  _max-width 7.8e+05  Error-roundoff 1.5e-09  _one-merge 1.4e-08
  _near-inside 6.9e-08  Visible-distance 9.2e-09  U-coplanar-distance 9.2e-09
  Width-outside 1.8e-08  _wide-facet 5.5e-08
Last point added to hull was p29551940.  Last merge was #13455.

At error exit:

Delaunay triangulation by the convex hull of 33554432 points in 4-d:

  Number of input sites: 16777214
  Total number of nearly incident points: 16777218
  Number of Delaunay regions: 0
  Number of non-simplicial Delaunay regions: 5109

Statistics for:  | qhull d Qt

  Number of points processed: 16777215
  Number of hyperplanes created: 435844091
  Number of facets in hull: 113002308
  Number of distance tests for qhull: 696245129
  Number of distance tests for merging: -2113493907
  Number of distance tests for checking: 0
  Number of merged facets: 22061
  Maximum distance of merged point above facet: 1.5e-08 (0.7x)
  Maximum distance of merged vertex below facet: -1.9e-08 (0.9x)


precision problems (corrected unless 'Q0' or an error)
  14411 coplanar horizon facets for new vertices

Delaunay triangulation by the convex hull of 33554432 points in 4-d:

  Number of input sites: 16777214
  Total number of nearly incident points: 16777218
  Number of Delaunay regions: 0
  Number of non-simplicial Delaunay regions: 645

Statistics for:  | qhull d Qt

  Number of points processed: 16777215
  Number of hyperplanes created: 436357946
  Number of facets in hull: 112994919
  Number of distance tests for qhull: 564505250
  Number of distance tests for merging: -2112870780
  Number of distance tests for checking: 0
  Number of merged facets: 2966
  Maximum distance of merged point above facet: 4.6e-09 (0.7x)
  Maximum distance of merged vertex below facet: -4.6e-09 (0.7x)


precision problems (corrected unless 'Q0' or an error)
   1953 coplanar horizon facets for new vertices
QH6159 qhull error: more than 16777215 vertices.  ID field overflows and two vertices
may have the same identifier.  Vertices will not be sorted correctly.

While executing:  | qhull d Qt
Options selected for Qhull 2012.1 2012/02/18:
  run-id 1260398958  delaunay  Qtriangulate  _pre-merge  _zero-centrum  Pgood
  _max-width 1.3e+06  Error-roundoff 2.4e-09  _one-merge 2.2e-08
  _near-inside 1.1e-07  Visible-distance 1.4e-08  U-coplanar-distance 1.4e-08
  Width-outside 2.9e-08  _wide-facet 8.7e-08
Last point added to hull was p30360343.  Last merge was #27266.

At error exit:

Delaunay triangulation by the convex hull of 33554432 points in 4-d:

  Number of input sites: 16777214
  Total number of nearly incident points: 16777218
  Number of Delaunay regions: 0
  Number of non-simplicial Delaunay regions: 1117

Statistics for:  | qhull d Qt

  Number of points processed: 16777215
  Number of hyperplanes created: 436255773
  Number of facets in hull: 113004197
  Number of distance tests for qhull: 640089722
  Number of distance tests for merging: -2113201103
  Number of distance tests for checking: 0
  Number of merged facets: 4844
  Maximum distance of merged point above facet: 6.1e-09 (0.7x)
  Maximum distance of merged vertex below facet: -7.1e-09 (0.8x)


Delaunay triangulation by the convex hull of 33554432 points in 4-d:

  Number of input sites: 16777214
  Total number of nearly incident points: 16777218
  Number of Delaunay regions: 0
  Number of non-simplicial Delaunay regions: 1978

Statistics for:  | qhull d Qt

  Number of points processed: 16777215
  Number of hyperplanes created: 436074509
  Number of facets in hull: 112993008
  Number of distance tests for qhull: 613229994
  Number of distance tests for merging: -2113705689
  Number of distance tests for checking: 0
  Number of merged facets: 8731
  Maximum distance of merged point above facet: 8.7e-09 (0.7x)
  Maximum distance of merged vertex below facet: -1.1e-08 (0.9x)


   5770 coplanar horizon facets for new vertices

Delaunay triangulation by the convex hull of 33554432 points in 4-d:

  Number of input sites: 16777214
  Total number of nearly incident points: 16777218
  Number of Delaunay regions: 0
  Number of non-simplicial Delaunay regions: 4968

Statistics for:  | qhull d Qt

  Number of points processed: 16777215
  Number of hyperplanes created: 435842473
  Number of facets in hull: 113009689
  Number of distance tests for qhull: 759528817
  Number of distance tests for merging: -2113584669
  Number of distance tests for checking: 0
  Number of merged facets: 21488
  Maximum distance of merged point above facet: 1.5e-08 (0.7x)
  Maximum distance of merged vertex below facet: -1.9e-08 (0.9x)

QH6159 qhull error: more than 16777215 vertices.  ID field overflows and two vertices
may have the same identifier.  Vertices will not be sorted correctly.

While executing:  | qhull d Qt
Options selected for Qhull 2012.1 2012/02/18:
  run-id 1260398958  delaunay  Qtriangulate  _pre-merge  _zero-centrum  Pgood
  _max-width 7.8e+05  Error-roundoff 1.2e-09  _one-merge 1.1e-08
  _near-inside 5.6e-08  Visible-distance 7.5e-09  U-coplanar-distance 7.5e-09
  Width-outside 1.5e-08  _wide-facet 4.5e-08
Last point added to hull was p21267507.  Last merge was #9450.

At error exit:

Delaunay triangulation by the convex hull of 33554432 points in 4-d:

  Number of input sites: 16777214
  Total number of nearly incident points: 16777218
  Number of Delaunay regions: 0
  Number of non-simplicial Delaunay regions: 4070

Statistics for:  | qhull d Qt

  Number of points processed: 16777215
  Number of hyperplanes created: 435900723
  Number of facets in hull: 113002995
  Number of distance tests for qhull: 691181230
  Number of distance tests for merging: -2113676019
  Number of distance tests for checking: 0
  Number of merged facets: 17560
  Maximum distance of merged point above facet: 1.3e-08 (0.7x)
  Maximum distance of merged vertex below facet: -1.6e-08 (0.9x)


precision problems (corrected unless 'Q0' or an error)
  11518 coplanar horizon facets for new vertices

Delaunay triangulation by the convex hull of 33554432 points in 4-d:

  Number of input sites: 16777214
  Total number of nearly incident points: 16777218
  Number of Delaunay regions: 0
  Number of non-simplicial Delaunay regions: 5118

Statistics for:  | qhull d Qt

  Number of points processed: 16777215
  Number of hyperplanes created: 435869296
  Number of facets in hull: 113004041
  Number of distance tests for qhull: 792170781
  Number of distance tests for merging: -2113394757
  Number of distance tests for checking: 0
  Number of merged facets: 21796
  Maximum distance of merged point above facet: 1.5e-08 (0.7x)
  Maximum distance of merged vertex below facet: -1.9e-08 (0.9x)


precision problems (corrected unless 'Q0' or an error)
  14253 coplanar horizon facets for new vertices

Delaunay triangulation by the convex hull of 33554432 points in 4-d:

  Number of input sites: 16777214
  Total number of nearly incident points: 16777218
  Number of Delaunay regions: 0
  Number of non-simplicial Delaunay regions: 3595

Statistics for:  | qhull d Qt

  Number of points processed: 16777215
  Number of hyperplanes created: 435830705
  Number of facets in hull: 113009416
  Number of distance tests for qhull: 914271538
  Number of distance tests for merging: -2114267057
  Number of distance tests for checking: 0
  Number of merged facets: 15272
  Maximum distance of merged point above facet: 1.2e-08 (0.7x)
  Maximum distance of merged vertex below facet: -1.6e-08 (0.9x)


Delaunay triangulation by the convex hull of 33554432 points in 4-d:

  Number of input sites: 16777214
  Total number of nearly incident points: 16777218
  Number of Delaunay regions: 0
  Number of non-simplicial Delaunay regions: 716

Statistics for:  | qhull d Qt

  Number of points processed: 16777215
  Number of hyperplanes created: 436559723
  Number of facets in hull: 113003736
  Number of distance tests for qhull: 470308750
  Number of distance tests for merging: -2111853988
  Number of distance tests for checking: 0
  Number of merged facets: 3019
  Maximum distance of merged point above facet: 4.6e-09 (0.7x)
  Maximum distance of merged vertex below facet: -5.8e-09 (0.9x)


precision problems (corrected unless 'Q0' or an error)
   1972 coplanar horizon facets for new vertices

Delaunay triangulation by the convex hull of 33554432 points in 4-d:

  Number of input sites: 16777214
  Total number of nearly incident points: 16777218
  Number of Delaunay regions: 0
  Number of non-simplicial Delaunay regions: 2986

Statistics for:  | qhull d Qt

  Number of points processed: 16777215
  Number of hyperplanes created: 435978346
  Number of facets in hull: 113010546
  Number of distance tests for qhull: 715736539
  Number of distance tests for merging: -2113777512
  Number of distance tests for checking: 0
  Number of merged facets: 12671
  Maximum distance of merged point above facet: 1.1e-08 (0.7x)
  Maximum distance of merged vertex below facet: -1.2e-08 (0.8x)


precision problems (corrected unless 'Q0' or an error)
   8333 coplanar horizon facets for new vertices

Delaunay triangulation by the convex hull of 33554432 points in 4-d:

  Number of input sites: 16777214
  Total number of nearly incident points: 16777218
  Number of Delaunay regions: 0
  Number of non-simplicial Delaunay regions: 7172

Statistics for:  | qhull d Qt

  Number of points processed: 16777215
  Number of hyperplanes created: 435599005
  Number of facets in hull: 112994580
  Number of distance tests for qhull: 1135335742
  Number of distance tests for merging: -2113793979
  Number of distance tests for checking: 0
  Number of merged facets: 31435
  Maximum distance of merged point above facet: 1.8e-08 (0.7x)
  Maximum distance of merged vertex below facet: -3.1e-08 (1.2x)


precision problems (corrected unless 'Q0' or an error)
  20600 coplanar horizon facets for new vertices

Delaunay triangulation by the convex hull of 33554432 points in 4-d:

  Number of input sites: 16777214
  Total number of nearly incident points: 16777218
  Number of Delaunay regions: 0
  Number of non-simplicial Delaunay regions: 3094

Statistics for:  | qhull d Qt

  Number of points processed: 16777215
  Number of hyperplanes created: 435807127
  Number of facets in hull: 113004005
  Number of distance tests for qhull: 914035048
  Number of distance tests for merging: -2114562562
  Number of distance tests for checking: 0
  Number of merged facets: 13455
  Maximum distance of merged point above facet: 1.1e-08 (0.7x)
  Maximum distance of merged vertex below facet: -2.3e-08 (1.5x)


precision problems (corrected unless 'Q0' or an error)
   8818 coplanar horizon facets for new vertices

Delaunay triangulation by the convex hull of 33554432 points in 4-d:

  Number of input sites: 16777214
  Total number of nearly incident points: 16777218
  Number of Delaunay regions: 0
  Number of non-simplicial Delaunay regions: 6355

Statistics for:  | qhull d Qt

  Number of points processed: 16777215
  Number of hyperplanes created: 435759619
  Number of facets in hull: 113003760
  Number of distance tests for qhull: 918418988
  Number of distance tests for merging: -2113426587
  Number of distance tests for checking: 0
  Number of merged facets: 27266
  Maximum distance of merged point above facet: 1.7e-08 (0.7x)
  Maximum distance of merged vertex below facet: -3.1e-08 (1.3x)


precision problems (corrected unless 'Q0' or an error)
  17829 coplanar horizon facets for new vertices
Particle 0 is not in the triangulation. Perhaps it's a duplicate? Aborting.
Particle 1 is not in the triangulation. Perhaps it's a duplicate? Aborting.
Particle 2 is not in the triangulation. Perhaps it's a duplicate? Aborting.
Particle 3 is not in the triangulation. Perhaps it's a duplicate? Aborting.
Particle 4 is not in the triangulation. Perhaps it's a duplicate? Aborting.
Particle 5 is not in the triangulation. Perhaps it's a duplicate? Aborting.
Particle 6 is not in the triangulation. Perhaps it's a duplicate? Aborting.
Particle 7 is not in the triangulation. Perhaps it's a duplicate? Aborting.
Particle 8 is not in the triangulation. Perhaps it's a duplicate? Aborting.

