mpiexec -n 64 -f machinefile ./delaunay 64 -1 1024 1024 1024 2.0 -1.0 -1.0 0 0 del.out
QH6159 qhull error: more than 16777215 vertices.  ID field overflows and two vertices
may have the same identifier.  Vertices will not be sorted correctly.

While executing:  | qhull d Qt
Options selected for Qhull 2012.1 2012/02/18:
  run-id 1286769141  delaunay  Qtriangulate  _pre-merge  _zero-centrum  Pgood
  _max-width 9.8e+05  Error-roundoff 2.4e-09  _one-merge 2.2e-08
  _near-inside 1.1e-07  Visible-distance 1.4e-08  U-coplanar-distance 1.4e-08
  Width-outside 2.9e-08  _wide-facet 8.7e-08
Last point added to hull was p14674478.  Last merge was #40241.

At error exit:
QH6159 qhull error: more than 16777215 vertices.  ID field overflows and two vertices
may have the same identifier.  Vertices will not be sorted correctly.

While executing:  | qhull d Qt
Options selected for Qhull 2012.1 2012/02/18:
  run-id 1286769141  delaunay  Qtriangulate  _pre-merge  _zero-centrum  Pgood
  _max-width 8.5e+05  Error-roundoff 1.9e-09  _one-merge 1.7e-08
  _near-inside 8.6e-08  Visible-distance 1.1e-08  U-coplanar-distance 1.1e-08
  Width-outside 2.3e-08  _wide-facet 6.9e-08
Last point added to hull was p6510676.  Last merge was #28017.

At error exit:
QH6159 qhull error: more than 16777215 vertices.  ID field overflows and two vertices
may have the same identifier.  Vertices will not be sorted correctly.

While executing:  | qhull d Qt
Options selected for Qhull 2012.1 2012/02/18:
  run-id 1286769141  delaunay  Qtriangulate  _pre-merge  _zero-centrum  Pgood
  _max-width 5.9e+05  Error-roundoff 8.8e-10  _one-merge 7.9e-09
  _near-inside 3.9e-08  Visible-distance 5.3e-09  U-coplanar-distance 5.3e-09
  Width-outside 1.1e-08  _wide-facet 3.2e-08
Last point added to hull was p13453226.  Last merge was #7521.

At error exit:
QH6159 qhull error: more than 16777215 vertices.  ID field overflows and two vertices
may have the same identifier.  Vertices will not be sorted correctly.

While executing:  | qhull d Qt
Options selected for Qhull 2012.1 2012/02/18:
  run-id 1286769141  delaunay  Qtriangulate  _pre-merge  _zero-centrum  Pgood
  _max-width 7.2e+05  Error-roundoff 1.5e-09  _one-merge 1.4e-08
  _near-inside 6.9e-08  Visible-distance 9.2e-09  U-coplanar-distance 9.2e-09
  Width-outside 1.8e-08  _wide-facet 5.5e-08
Last point added to hull was p2763678.  Last merge was #19784.

At error exit:
QH6159 qhull error: more than 16777215 vertices.  ID field overflows and two vertices
may have the same identifier.  Vertices will not be sorted correctly.

While executing:  | qhull d Qt
Options selected for Qhull 2012.1 2012/02/18:
  run-id 1286769141  delaunay  Qtriangulate  _pre-merge  _zero-centrum  Pgood
  _max-width 8.5e+05  Error-roundoff 1.9e-09  _one-merge 1.7e-08
  _near-inside 8.6e-08  Visible-distance 1.1e-08  U-coplanar-distance 1.1e-08
  Width-outside 2.3e-08  _wide-facet 6.8e-08
Last point added to hull was p5919176.  Last merge was #27906.

At error exit:
QH6159 qhull error: more than 16777215 vertices.  ID field overflows and two vertices
may have the same identifier.  Vertices will not be sorted correctly.

While executing:  | qhull d Qt
Options selected for Qhull 2012.1 2012/02/18:
  run-id 1286769141  delaunay  Qtriangulate  _pre-merge  _zero-centrum  Pgood
  _max-width 3.3e+05  Error-roundoff 4.4e-10  _one-merge 4e-09
  _near-inside 2e-08  Visible-distance 2.6e-09  U-coplanar-distance 2.6e-09
  Width-outside 5.3e-09  _wide-facet 1.6e-08
Last point added to hull was p12462817.  Last merge was #2482.

At error exit:
QH6159 qhull error: more than 16777215 vertices.  ID field overflows and two vertices
may have the same identifier.  Vertices will not be sorted correctly.

While executing:  | qhull d Qt
Options selected for Qhull 2012.1 2012/02/18:
  run-id 1286769141  delaunay  Qtriangulate  _pre-merge  _zero-centrum  Pgood
  _max-width 1.1e+06  Error-roundoff 2.5e-09  _one-merge 2.2e-08
  _near-inside 1.1e-07  Visible-distance 1.5e-08  U-coplanar-distance 1.5e-08
  Width-outside 3e-08  _wide-facet 9e-08
Last point added to hull was p10175951.  Last merge was #41685.

At error exit:
QH6159 qhull error: more than 16777215 vertices.  ID field overflows and two vertices
may have the same identifier.  Vertices will not be sorted correctly.

While executing:  | qhull d Qt
Options selected for Qhull 2012.1 2012/02/18:
  run-id 1286769141  delaunay  Qtriangulate  _pre-merge  _zero-centrum  Pgood
  _max-width 8.5e+05  Error-roundoff 1.9e-09  _one-merge 1.7e-08
  _near-inside 8.6e-08  Visible-distance 1.1e-08  U-coplanar-distance 1.1e-08
  Width-outside 2.3e-08  _wide-facet 6.9e-08
Last point added to hull was p449305.  Last merge was #27685.

At error exit:
QH6159 qhull error: more than 16777215 vertices.  ID field overflows and two vertices
may have the same identifier.  Vertices will not be sorted correctly.

While executing:  | qhull d Qt
Options selected for Qhull 2012.1 2012/02/18:
  run-id 1286769141  delaunay  Qtriangulate  _pre-merge  _zero-centrum  Pgood
  _max-width 5.9e+05  Error-roundoff 1e-09  _one-merge 9.2e-09
  _near-inside 4.6e-08  Visible-distance 6.1e-09  U-coplanar-distance 6.1e-09
  Width-outside 1.2e-08  _wide-facet 3.7e-08
Last point added to hull was p12732320.  Last merge was #10226.

At error exit:
QH6159 qhull error: more than 16777215 vertices.  ID field overflows and two vertices
may have the same identifier.  Vertices will not be sorted correctly.

While executing:  | qhull d Qt
Options selected for Qhull 2012.1 2012/02/18:
  run-id 1286769141  delaunay  Qtriangulate  _pre-merge  _zero-centrum  Pgood
  _max-width 8.5e+05  Error-roundoff 1.9e-09  _one-merge 1.7e-08
  _near-inside 8.6e-08  Visible-distance 1.1e-08  U-coplanar-distance 1.1e-08
  Width-outside 2.3e-08  _wide-facet 6.9e-08
Last point added to hull was p13242164.  Last merge was #27496.

At error exit:
QH6159 qhull error: more than 16777215 vertices.  ID field overflows and two vertices
may have the same identifier.  Vertices will not be sorted correctly.

While executing:  | qhull d Qt
Options selected for Qhull 2012.1 2012/02/18:
  run-id 1286769141  delaunay  Qtriangulate  _pre-merge  _zero-centrum  Pgood
  _max-width 9.8e+05  Error-roundoff 2.1e-09  _one-merge 1.9e-08
  _near-inside 9.5e-08  Visible-distance 1.3e-08  U-coplanar-distance 1.3e-08
  Width-outside 2.5e-08  _wide-facet 7.6e-08
Last point added to hull was p9178306.  Last merge was #32644.

At error exit:
QH6159 qhull error: more than 16777215 vertices.  ID field overflows and two vertices
may have the same identifier.  Vertices will not be sorted correctly.

While executing:  | qhull d Qt
Options selected for Qhull 2012.1 2012/02/18:
  run-id 1286769141  delaunay  Qtriangulate  _pre-merge  _zero-centrum  Pgood
  _max-width 7.2e+05  Error-roundoff 1.5e-09  _one-merge 1.4e-08
  _near-inside 6.9e-08  Visible-distance 9.2e-09  U-coplanar-distance 9.2e-09
  Width-outside 1.8e-08  _wide-facet 5.5e-08
Last point added to hull was p2398915.  Last merge was #19851.

At error exit:
QH6159 qhull error: more than 16777215 vertices.  ID field overflows and two vertices
may have the same identifier.  Vertices will not be sorted correctly.

While executing:  | qhull d Qt
Options selected for Qhull 2012.1 2012/02/18:
  run-id 1286769141  delaunay  Qtriangulate  _pre-merge  _zero-centrum  Pgood
  _max-width 7.2e+05  Error-roundoff 1.4e-09  _one-merge 1.3e-08
  _near-inside 6.3e-08  Visible-distance 8.3e-09  U-coplanar-distance 8.3e-09
  Width-outside 1.7e-08  _wide-facet 5e-08
Last point added to hull was p2648417.  Last merge was #16836.

At error exit:
QH6159 qhull error: more than 16777215 vertices.  ID field overflows and two vertices
may have the same identifier.  Vertices will not be sorted correctly.

While executing:  | qhull d Qt
Options selected for Qhull 2012.1 2012/02/18:
  run-id 1286769141  delaunay  Qtriangulate  _pre-merge  _zero-centrum  Pgood
  _max-width 1.1e+06  Error-roundoff 2.5e-09  _one-merge 2.2e-08
  _near-inside 1.1e-07  Visible-distance 1.5e-08  U-coplanar-distance 1.5e-08
  Width-outside 3e-08  _wide-facet 9e-08
Last point added to hull was p4270512.  Last merge was #41529.

At error exit:
QH6159 qhull error: more than 16777215 vertices.  ID field overflows and two vertices
may have the same identifier.  Vertices will not be sorted correctly.

While executing:  | qhull d Qt
Options selected for Qhull 2012.1 2012/02/18:
  run-id 1286769141  delaunay  Qtriangulate  _pre-merge  _zero-centrum  Pgood
  _max-width 4.6e+05  Error-roundoff 6.6e-10  _one-merge 5.9e-09
  _near-inside 3e-08  Visible-distance 4e-09  U-coplanar-distance 4e-09
  Width-outside 7.9e-09  _wide-facet 2.4e-08
Last point added to hull was p159316.  Last merge was #4899.

At error exit:
QH6159 qhull error: more than 16777215 vertices.  ID field overflows and two vertices
may have the same identifier.  Vertices will not be sorted correctly.

While executing:  | qhull d Qt
Options selected for Qhull 2012.1 2012/02/18:
  run-id 1286769141  delaunay  Qtriangulate  _pre-merge  _zero-centrum  Pgood
  _max-width 7.2e+05  Error-roundoff 1.4e-09  _one-merge 1.3e-08
  _near-inside 6.3e-08  Visible-distance 8.3e-09  U-coplanar-distance 8.3e-09
  Width-outside 1.7e-08  _wide-facet 5e-08
Last point added to hull was p8032501.  Last merge was #16886.

At error exit:
QH6159 qhull error: more than 16777215 vertices.  ID field overflows and two vertices
may have the same identifier.  Vertices will not be sorted correctly.

While executing:  | qhull d Qt
Options selected for Qhull 2012.1 2012/02/18:
  run-id 1286769141  delaunay  Qtriangulate  _pre-merge  _zero-centrum  Pgood
  _max-width 9.8e+05  Error-roundoff 2.1e-09  _one-merge 1.9e-08
  _near-inside 9.6e-08  Visible-distance 1.3e-08  U-coplanar-distance 1.3e-08
  Width-outside 2.5e-08  _wide-facet 7.6e-08
Last point added to hull was p5593368.  Last merge was #32718.

At error exit:
QH6159 qhull error: more than 16777215 vertices.  ID field overflows and two vertices
may have the same identifier.  Vertices will not be sorted correctly.

While executing:  | qhull d Qt
Options selected for Qhull 2012.1 2012/02/18:
  run-id 1286769141  delaunay  Qtriangulate  _pre-merge  _zero-centrum  Pgood
  _max-width 5.9e+05  Error-roundoff 1.3e-09  _one-merge 1.2e-08
  _near-inside 5.9e-08  Visible-distance 7.9e-09  U-coplanar-distance 7.9e-09
  Width-outside 1.6e-08  _wide-facet 4.7e-08
Last point added to hull was p2949674.  Last merge was #15886.

At error exit:
QH6159 qhull error: more than 16777215 vertices.  ID field overflows and two vertices
may have the same identifier.  Vertices will not be sorted correctly.

While executing:  | qhull d Qt
Options selected for Qhull 2012.1 2012/02/18:
  run-id 1286769141  delaunay  Qtriangulate  _pre-merge  _zero-centrum  Pgood
  _max-width 5.9e+05  Error-roundoff 1.3e-09  _one-merge 1.2e-08
  _near-inside 5.9e-08  Visible-distance 7.9e-09  U-coplanar-distance 7.9e-09
  Width-outside 1.6e-08  _wide-facet 4.7e-08
Last point added to hull was p11944733.  Last merge was #15959.

At error exit:
QH6159 qhull error: more than 16777215 vertices.  ID field overflows and two vertices
may have the same identifier.  Vertices will not be sorted correctly.

While executing:  | qhull d Qt
Options selected for Qhull 2012.1 2012/02/18:
  run-id 1286769141  delaunay  Qtriangulate  _pre-merge  _zero-centrum  Pgood
  _max-width 5.9e+05  Error-roundoff 1e-09  _one-merge 9.2e-09
  _near-inside 4.6e-08  Visible-distance 6.1e-09  U-coplanar-distance 6.1e-09
  Width-outside 1.2e-08  _wide-facet 3.7e-08
Last point added to hull was p5237964.  Last merge was #10136.

At error exit:
QH6159 qhull error: more than 16777215 vertices.  ID field overflows and two vertices
may have the same identifier.  Vertices will not be sorted correctly.

While executing:  | qhull d Qt
Options selected for Qhull 2012.1 2012/02/18:
  run-id 1286769141  delaunay  Qtriangulate  _pre-merge  _zero-centrum  Pgood
  _max-width 8.5e+05  Error-roundoff 1.8e-09  _one-merge 1.6e-08
  _near-inside 7.9e-08  Visible-distance 1.1e-08  U-coplanar-distance 1.1e-08
  Width-outside 2.1e-08  _wide-facet 6.3e-08
Last point added to hull was p1355559.  Last merge was #24246.

At error exit:
QH6159 qhull error: more than 16777215 vertices.  ID field overflows and two vertices
may have the same identifier.  Vertices will not be sorted correctly.

While executing:  | qhull d Qt
Options selected for Qhull 2012.1 2012/02/18:
  run-id 1286769141  delaunay  Qtriangulate  _pre-merge  _zero-centrum  Pgood
  _max-width 9.8e+05  Error-roundoff 2.1e-09  _one-merge 1.9e-08
  _near-inside 9.5e-08  Visible-distance 1.3e-08  U-coplanar-distance 1.3e-08
  Width-outside 2.5e-08  _wide-facet 7.6e-08
Last point added to hull was p10348823.  Last merge was #32387.

At error exit:
QH6159 qhull error: more than 16777215 vertices.  ID field overflows and two vertices
may have the same identifier.  Vertices will not be sorted correctly.

While executing:  | qhull d Qt
Options selected for Qhull 2012.1 2012/02/18:
  run-id 1286769141  delaunay  Qtriangulate  _pre-merge  _zero-centrum  Pgood
  _max-width 8.5e+05  Error-roundoff 1.9e-09  _one-merge 1.7e-08
  _near-inside 8.6e-08  Visible-distance 1.1e-08  U-coplanar-distance 1.1e-08
  Width-outside 2.3e-08  _wide-facet 6.8e-08
Last point added to hull was p13136862.  Last merge was #27581.

At error exit:
QH6159 qhull error: more than 16777215 vertices.  ID field overflows and two vertices
may have the same identifier.  Vertices will not be sorted correctly.

While executing:  | qhull d Qt
Options selected for Qhull 2012.1 2012/02/18:
  run-id 1286769141  delaunay  Qtriangulate  _pre-merge  _zero-centrum  Pgood
  _max-width 7.2e+05  Error-roundoff 1.5e-09  _one-merge 1.4e-08
  _near-inside 6.9e-08  Visible-distance 9.2e-09  U-coplanar-distance 9.2e-09
  Width-outside 1.8e-08  _wide-facet 5.5e-08
Last point added to hull was p14386879.  Last merge was #19815.

At error exit:
QH6159 qhull error: more than 16777215 vertices.  ID field overflows and two vertices
may have the same identifier.  Vertices will not be sorted correctly.

While executing:  | qhull d Qt
Options selected for Qhull 2012.1 2012/02/18:
  run-id 1286769141  delaunay  Qtriangulate  _pre-merge  _zero-centrum  Pgood
  _max-width 1.2e+06  Error-roundoff 3e-09  _one-merge 2.7e-08
  _near-inside 1.4e-07  Visible-distance 1.8e-08  U-coplanar-distance 1.8e-08
  Width-outside 3.6e-08  _wide-facet 1.1e-07
Last point added to hull was p6293825.  Last merge was #55734.

At error exit:
QH6159 qhull error: more than 16777215 vertices.  ID field overflows and two vertices
may have the same identifier.  Vertices will not be sorted correctly.

While executing:  | qhull d Qt
Options selected for Qhull 2012.1 2012/02/18:
  run-id 1286769141  delaunay  Qtriangulate  _pre-merge  _zero-centrum  Pgood
  _max-width 8.5e+05  Error-roundoff 1.6e-09  _one-merge 1.5e-08
  _near-inside 7.3e-08  Visible-distance 9.7e-09  U-coplanar-distance 9.7e-09
  Width-outside 1.9e-08  _wide-facet 5.8e-08
Last point added to hull was p14151900.  Last merge was #20389.

At error exit:

Delaunay triangulation by the convex hull of 16777216 points in 4-d:

  Number of input sites: 16777214
  Total number of nearly incident points: 2
  Number of Delaunay regions: 0
  Number of non-simplicial Delaunay regions: 9593

Statistics for:  | qhull d Qt

  Number of points processed: 16777215
  Number of hyperplanes created: 439941008
  Number of facets in hull: 113407874
  Number of distance tests for qhull: -1477075861
  Number of distance tests for merging: -2091222782
  Number of distance tests for checking: 0
  Number of merged facets: 40241
  Maximum distance of merged point above facet: 1.7e-08 (0.7x)
  Maximum distance of merged vertex below facet: -2.3e-08 (1.0x)


precision problems (corrected unless 'Q0' or an error)
  26382 coplanar horizon facets for new vertices

Delaunay triangulation by the convex hull of 16777216 points in 4-d:

  Number of input sites: 16777214
  Total number of nearly incident points: 2
  Number of Delaunay regions: 0
  Number of non-simplicial Delaunay regions: 6684

Statistics for:  | qhull d Qt

  Number of points processed: 16777215
  Number of hyperplanes created: 440097193
  Number of facets in hull: 113411883
  Number of distance tests for qhull: -1499030227
  Number of distance tests for merging: -2091631627
  Number of distance tests for checking: 0
  Number of merged facets: 28017
  Maximum distance of merged point above facet: 1.3e-08 (0.7x)
  Maximum distance of merged vertex below facet: -3.4e-08 (1.8x)


precision problems (corrected unless 'Q0' or an error)
  18351 coplanar horizon facets for new vertices

Delaunay triangulation by the convex hull of 16777216 points in 4-d:

  Number of input sites: 16777214
  Total number of nearly incident points: 2
  Number of Delaunay regions: 0
  Number of non-simplicial Delaunay regions: 1821

Statistics for:  | qhull d Qt

  Number of points processed: 16777215
  Number of hyperplanes created: 440246114
  Number of facets in hull: 113425368
  Number of distance tests for qhull: -1474037487
  Number of distance tests for merging: -2092960349
  Number of distance tests for checking: 0
  Number of merged facets: 7521
  Maximum distance of merged point above facet: 6.1e-09 (0.7x)
  Maximum distance of merged vertex below facet: -7.8e-09 (0.9x)


precision problems (corrected unless 'Q0' or an error)
   4938 coplanar horizon facets for new vertices

Delaunay triangulation by the convex hull of 16777216 points in 4-d:

  Number of input sites: 16777214
  Total number of nearly incident points: 2
  Number of Delaunay regions: 0
  Number of non-simplicial Delaunay regions: 4646

Statistics for:  | qhull d Qt

  Number of points processed: 16777215
  Number of hyperplanes created: 440144671
  Number of facets in hull: 113416872
  Number of distance tests for qhull: -1467504006
  Number of distance tests for merging: -2092234651
  Number of distance tests for checking: 0
  Number of merged facets: 19784
  Maximum distance of merged point above facet: 1.1e-08 (0.7x)
  Maximum distance of merged vertex below facet: -2.7e-08 (1.8x)


precision problems (corrected unless 'Q0' or an error)
  12996 coplanar horizon facets for new vertices

Delaunay triangulation by the convex hull of 16777216 points in 4-d:

  Number of input sites: 16777214
  Total number of nearly incident points: 2
  Number of Delaunay regions: 0
  Number of non-simplicial Delaunay regions: 6686

Statistics for:  | qhull d Qt

  Number of points processed: 16777215
  Number of hyperplanes created: 440079234
  Number of facets in hull: 113412480
  Number of distance tests for qhull: -1520914177
  Number of distance tests for merging: -2091740565
  Number of distance tests for checking: 0
  Number of merged facets: 27906
  Maximum distance of merged point above facet: 1.3e-08 (0.7x)
  Maximum distance of merged vertex below facet: -2.7e-08 (1.4x)


precision problems (corrected unless 'Q0' or an error)
  18345 coplanar horizon facets for new vertices

Delaunay triangulation by the convex hull of 16777216 points in 4-d:

  Number of input sites: 16777214
  Total number of nearly incident points: 2
  Number of Delaunay regions: 0
  Number of non-simplicial Delaunay regions: 571

Statistics for:  | qhull d Qt

  Number of points processed: 16777215
  Number of hyperplanes created: 440710688
  Number of facets in hull: 113419588
  Number of distance tests for qhull: -1543333629
  Number of distance tests for merging: -2091158123
  Number of distance tests for checking: 0
  Number of merged facets: 2482
  Maximum distance of merged point above facet: 3.1e-09 (0.7x)
  Maximum distance of merged vertex below facet: -3.1e-09 (0.7x)


precision problems (corrected unless 'Q0' or an error)
   1644 coplanar horizon facets for new vertices

Delaunay triangulation by the convex hull of 16777216 points in 4-d:

  Number of input sites: 16777214
  Total number of nearly incident points: 2
  Number of Delaunay regions: 0
  Number of non-simplicial Delaunay regions: 9951

Statistics for:  | qhull d Qt

  Number of points processed: 16777215
  Number of hyperplanes created: 439972606
  Number of facets in hull: 113402725
  Number of distance tests for qhull: -1473877360
  Number of distance tests for merging: -2090908177
  Number of distance tests for checking: 0
  Number of merged facets: 41685
  Maximum distance of merged point above facet: 1.7e-08 (0.7x)
  Maximum distance of merged vertex below facet: -2.6e-08 (1.0x)


  27199 coplanar horizon facets for new vertices

Delaunay triangulation by the convex hull of 16777216 points in 4-d:

  Number of input sites: 16777214
  Total number of nearly incident points: 2
  Number of Delaunay regions: 0
  Number of non-simplicial Delaunay regions: 6608

Statistics for:  | qhull d Qt

  Number of points processed: 16777215
  Number of hyperplanes created: 439922240
  Number of facets in hull: 113405091
  Number of distance tests for qhull: -1395114245
  Number of distance tests for merging: -2092520366
  Number of distance tests for checking: 0
  Number of merged facets: 27685
  Maximum distance of merged point above facet: 1.3e-08 (0.7x)
  Maximum distance of merged vertex below facet: -1.7e-08 (0.9x)


precision problems (corrected unless 'Q0' or an error)
  18171 coplanar horizon facets for new vertices
QH6159 qhull error: more than 16777215 vertices.  ID field overflows and two vertices
may have the same identifier.  Vertices will not be sorted correctly.

While executing:  | qhull d Qt
Options selected for Qhull 2012.1 2012/02/18:
  run-id 1286769141  delaunay  Qtriangulate  _pre-merge  _zero-centrum  Pgood
  _max-width 8.5e+05  Error-roundoff 1.8e-09  _one-merge 1.6e-08
  _near-inside 7.9e-08  Visible-distance 1.1e-08  U-coplanar-distance 1.1e-08
  Width-outside 2.1e-08  _wide-facet 6.3e-08
Last point added to hull was p10060896.  Last merge was #23997.

At error exit:

Delaunay triangulation by the convex hull of 16777216 points in 4-d:

  Number of input sites: 16777214
  Total number of nearly incident points: 2
  Number of Delaunay regions: 0
  Number of non-simplicial Delaunay regions: 6681

Statistics for:  | qhull d Qt

  Number of points processed: 16777215
  Number of hyperplanes created: 439963972
  Number of facets in hull: 113408607
  Number of distance tests for qhull: -1475807181
  Number of distance tests for merging: -2092345645
  Number of distance tests for checking: 0
  Number of merged facets: 27496
  Maximum distance of merged point above facet: 1.3e-08 (0.7x)
  Maximum distance of merged vertex below facet: -1.7e-08 (0.9x)


precision problems (corrected unless 'Q0' or an error)
  18048 coplanar horizon facets for new vertices

Delaunay triangulation by the convex hull of 16777216 points in 4-d:

  Number of input sites: 16777214
  Total number of nearly incident points: 2
  Number of Delaunay regions: 0
  Number of non-simplicial Delaunay regions: 2386

Statistics for:  | qhull d Qt

  Number of points processed: 16777215
  Number of hyperplanes created: 440128809
  Number of facets in hull: 113418584
  Number of distance tests for qhull: -1455497209
  Number of distance tests for merging: -2093288599
  Number of distance tests for checking: 0
  Number of merged facets: 10226
  Maximum distance of merged point above facet: 7.2e-09 (0.7x)
  Maximum distance of merged vertex below facet: -8.6e-09 (0.8x)


precision problems (corrected unless 'Q0' or an error)
   6693 coplanar horizon facets for new vertices

Delaunay triangulation by the convex hull of 16777216 points in 4-d:

  Number of input sites: 16777214
  Total number of nearly incident points: 2
  Number of Delaunay regions: 0
  Number of non-simplicial Delaunay regions: 7821

Statistics for:  | qhull d Qt

  Number of points processed: 16777215
  Number of hyperplanes created: 439904442
  Number of facets in hull: 113410806
  Number of distance tests for qhull: -1413912897
  Number of distance tests for merging: -2092139799
  Number of distance tests for checking: 0
  Number of merged facets: 32644
  Maximum distance of merged point above facet: 1.5e-08 (0.7x)
  Maximum distance of merged vertex below facet: -1.9e-08 (0.9x)


Delaunay triangulation by the convex hull of 16777216 points in 4-d:

  Number of input sites: 16777214
  Total number of nearly incident points: 2
  Number of Delaunay regions: 0
  Number of non-simplicial Delaunay regions: 4705

Statistics for:  | qhull d Qt

  Number of points processed: 16777215
  Number of hyperplanes created: 439950840
  Number of facets in hull: 113410044
  Number of distance tests for qhull: -1465140109
  Number of distance tests for merging: -2093216715
  Number of distance tests for checking: 0
  Number of merged facets: 19851
  Maximum distance of merged point above facet: 1.1e-08 (0.7x)
  Maximum distance of merged vertex below facet: -1.4e-08 (0.9x)


precision problems (corrected unless 'Q0' or an error)
  12997 coplanar horizon facets for new vertices

Delaunay triangulation by the convex hull of 16777216 points in 4-d:

  Number of input sites: 16777214
  Total number of nearly incident points: 2
  Number of Delaunay regions: 0
  Number of non-simplicial Delaunay regions: 4039

Statistics for:  | qhull d Qt

  Number of points processed: 16777215
  Number of hyperplanes created: 440047454
  Number of facets in hull: 113405845
  Number of distance tests for qhull: -1444855726
  Number of distance tests for merging: -2093023384
  Number of distance tests for checking: 0
  Number of merged facets: 16836
  Maximum distance of merged point above facet: 9.7e-09 (0.7x)
  Maximum distance of merged vertex below facet: -1.5e-08 (1.1x)


Delaunay triangulation by the convex hull of 16777216 points in 4-d:

  Number of input sites: 16777214
  Total number of nearly incident points: 2
  Number of Delaunay regions: 0
  Number of non-simplicial Delaunay regions: 10016

Statistics for:  | qhull d Qt

  Number of points processed: 16777215
  Number of hyperplanes created: 439891933
  Number of facets in hull: 113401826
  Number of distance tests for qhull: -1409794501
  Number of distance tests for merging: -2091331818
  Number of distance tests for checking: 0
  Number of merged facets: 41529
  Maximum distance of merged point above facet: 1.7e-08 (0.7x)
  Maximum distance of merged vertex below facet: -3.8e-08 (1.5x)


Delaunay triangulation by the convex hull of 16777216 points in 4-d:

  Number of input sites: 16777214
  Total number of nearly incident points: 2
  Number of Delaunay regions: 0
  Number of non-simplicial Delaunay regions: 1119

Statistics for:  | qhull d Qt

  Number of points processed: 16777215
  Number of hyperplanes created: 440348287
  Number of facets in hull: 113429595
  Number of distance tests for qhull: -1500648569
  Number of distance tests for merging: -2092729213
  Number of distance tests for checking: 0
  Number of merged facets: 4899
  Maximum distance of merged point above facet: 4.6e-09 (0.7x)
  Maximum distance of merged vertex below facet: -4.6e-09 (0.7x)


Delaunay triangulation by the convex hull of 16777216 points in 4-d:

  Number of input sites: 16777214
  Total number of nearly incident points: 2
  Number of Delaunay regions: 0
  Number of non-simplicial Delaunay regions: 7824

Statistics for:  | qhull d Qt

  Number of points processed: 16777215
  Number of hyperplanes created: 439972238
  Number of facets in hull: 113410195
  Number of distance tests for qhull: -1364428574
  Number of distance tests for merging: -2091821019
  Number of distance tests for checking: 0
  Number of merged facets: 32718
  Maximum distance of merged point above facet: 1.5e-08 (0.7x)
  Maximum distance of merged vertex below facet: -1.9e-08 (0.9x)


  21395 coplanar horizon facets for new vertices

Delaunay triangulation by the convex hull of 16777216 points in 4-d:

  Number of input sites: 16777214
  Total number of nearly incident points: 2
  Number of Delaunay regions: 0
  Number of non-simplicial Delaunay regions: 4045

Statistics for:  | qhull d Qt

  Number of points processed: 16777215
  Number of hyperplanes created: 440094642
  Number of facets in hull: 113419445
  Number of distance tests for qhull: -1245021679
  Number of distance tests for merging: -2092809825
  Number of distance tests for checking: 0
  Number of merged facets: 16886
  Maximum distance of merged point above facet: 9.7e-09 (0.7x)
  Maximum distance of merged vertex below facet: -1.2e-08 (0.9x)


  11044 coplanar horizon facets for new vertices

Delaunay triangulation by the convex hull of 16777216 points in 4-d:

  Number of input sites: 16777214
  Total number of nearly incident points: 2
  Number of Delaunay regions: 0
  Number of non-simplicial Delaunay regions: 3812

Statistics for:  | qhull d Qt

  Number of points processed: 16777215
  Number of hyperplanes created: 440115824
  Number of facets in hull: 113413967
  Number of distance tests for qhull: -1491071043
  Number of distance tests for merging: -2092765613
  Number of distance tests for checking: 0
  Number of merged facets: 15886
  Maximum distance of merged point above facet: 9.2e-09 (0.7x)
  Maximum distance of merged vertex below facet: -1.1e-08 (0.8x)


precision problems (corrected unless 'Q0' or an error)
  10424 coplanar horizon facets for new vertices

Delaunay triangulation by the convex hull of 16777216 points in 4-d:

  Number of input sites: 16777214
  Total number of nearly incident points: 2
  Number of Delaunay regions: 0
  Number of non-simplicial Delaunay regions: 3783

Statistics for:  | qhull d Qt

  Number of points processed: 16777215
  Number of hyperplanes created: 439990962
  Number of facets in hull: 113418906
  Number of distance tests for qhull: -1441061145
  Number of distance tests for merging: -2093395731
  Number of distance tests for checking: 0
  Number of merged facets: 15959
  Maximum distance of merged point above facet: 9.2e-09 (0.7x)
  Maximum distance of merged vertex below facet: -1.1e-08 (0.9x)


precision problems (corrected unless 'Q0' or an error)
  10417 coplanar horizon facets for new vertices

Delaunay triangulation by the convex hull of 16777216 points in 4-d:

  Number of input sites: 16777214
  Total number of nearly incident points: 2
  Number of Delaunay regions: 0
  Number of non-simplicial Delaunay regions: 2326

Statistics for:  | qhull d Qt

  Number of points processed: 16777215
  Number of hyperplanes created: 440146022
  Number of facets in hull: 113419301
  Number of distance tests for qhull: -1393067625
  Number of distance tests for merging: -2093203280
  Number of distance tests for checking: 0
  Number of merged facets: 10136
  Maximum distance of merged point above facet: 7.2e-09 (0.7x)
  Maximum distance of merged vertex below facet: -1.4e-08 (1.4x)


   6684 coplanar horizon facets for new vertices

Delaunay triangulation by the convex hull of 16777216 points in 4-d:

  Number of input sites: 16777214
  Total number of nearly incident points: 2
  Number of Delaunay regions: 0
  Number of non-simplicial Delaunay regions: 5686

Statistics for:  | qhull d Qt

  Number of points processed: 16777215
  Number of hyperplanes created: 439997858
  Number of facets in hull: 113411243
  Number of distance tests for qhull: -1435929798
  Number of distance tests for merging: -2092534449
  Number of distance tests for checking: 0
  Number of merged facets: 24246
  Maximum distance of merged point above facet: 1.2e-08 (0.7x)
  Maximum distance of merged vertex below facet: -1.6e-08 (0.9x)


Delaunay triangulation by the convex hull of 16777216 points in 4-d:

  Number of input sites: 16777214
  Total number of nearly incident points: 2
  Number of Delaunay regions: 0
  Number of non-simplicial Delaunay regions: 7703

Statistics for:  | qhull d Qt

  Number of points processed: 16777215
  Number of hyperplanes created: 439907418
  Number of facets in hull: 113417955
  Number of distance tests for qhull: -1390195814
  Number of distance tests for merging: -2092178680
  Number of distance tests for checking: 0
  Number of merged facets: 32387
  Maximum distance of merged point above facet: 1.5e-08 (0.7x)
  Maximum distance of merged vertex below facet: -2.2e-08 (1.0x)


Delaunay triangulation by the convex hull of 16777216 points in 4-d:

  Number of input sites: 16777214
  Total number of nearly incident points: 2
  Number of Delaunay regions: 0
  Number of non-simplicial Delaunay regions: 6575

Statistics for:  | qhull d Qt

  Number of points processed: 16777215
  Number of hyperplanes created: 439983075
  Number of facets in hull: 113411787
  Number of distance tests for qhull: -1316377545
  Number of distance tests for merging: -2092299498
  Number of distance tests for checking: 0
  Number of merged facets: 27581
  Maximum distance of merged point above facet: 1.3e-08 (0.7x)
  Maximum distance of merged vertex below facet: -3.2e-08 (1.7x)


precision problems (corrected unless 'Q0' or an error)
  18115 coplanar horizon facets for new vertices

Delaunay triangulation by the convex hull of 16777216 points in 4-d:

  Number of input sites: 16777214
  Total number of nearly incident points: 2
  Number of Delaunay regions: 0
  Number of non-simplicial Delaunay regions: 4733

Statistics for:  | qhull d Qt

  Number of points processed: 16777215
  Number of hyperplanes created: 440052317
  Number of facets in hull: 113411357
  Number of distance tests for qhull: -1415027175
  Number of distance tests for merging: -2092709461
  Number of distance tests for checking: 0
  Number of merged facets: 19815
  Maximum distance of merged point above facet: 1.1e-08 (0.7x)
  Maximum distance of merged vertex below facet: -1.4e-08 (0.9x)


precision problems (corrected unless 'Q0' or an error)
  12979 coplanar horizon facets for new vertices

Delaunay triangulation by the convex hull of 16777216 points in 4-d:

  Number of input sites: 16777214
  Total number of nearly incident points: 2
  Number of Delaunay regions: 0
  Number of non-simplicial Delaunay regions: 13443

Statistics for:  | qhull d Qt

  Number of points processed: 16777215
  Number of hyperplanes created: 439729057
  Number of facets in hull: 113402842
  Number of distance tests for qhull: -1318740884
  Number of distance tests for merging: -2090714592
  Number of distance tests for checking: 0
  Number of merged facets: 55734
  Maximum distance of merged point above facet: 2.1e-08 (0.7x)
  Maximum distance of merged vertex below facet: -4.6e-08 (1.5x)


precision problems (corrected unless 'Q0' or an error)
  36514 coplanar horizon facets for new vertices
QH6159 qhull error: more than 16777215 vertices.  ID field overflows and two vertices
may have the same identifier.  Vertices will not be sorted correctly.

While executing:  | qhull d Qt
Options selected for Qhull 2012.1 2012/02/18:
  run-id 1286769141  delaunay  Qtriangulate  _pre-merge  _zero-centrum  Pgood
  _max-width 7.2e+05  Error-roundoff 1.2e-09  _one-merge 1.1e-08
  _near-inside 5.6e-08  Visible-distance 7.5e-09  U-coplanar-distance 7.5e-09
  Width-outside 1.5e-08  _wide-facet 4.5e-08
Last point added to hull was p7668130.  Last merge was #13718.

At error exit:
QH6159 qhull error: more than 16777215 vertices.  ID field overflows and two vertices
may have the same identifier.  Vertices will not be sorted correctly.

While executing:  | qhull d Qt
Options selected for Qhull 2012.1 2012/02/18:
  run-id 1286769141  delaunay  Qtriangulate  _pre-merge  _zero-centrum  Pgood
  _max-width 3.3e+05  Error-roundoff 4.4e-10  _one-merge 3.9e-09
  _near-inside 2e-08  Visible-distance 2.6e-09  U-coplanar-distance 2.6e-09
  Width-outside 5.3e-09  _wide-facet 1.6e-08
Last point added to hull was p11634349.  Last merge was #2429.

At error exit:
QH6159 qhull error: more than 16777215 vertices.  ID field overflows and two vertices
may have the same identifier.  Vertices will not be sorted correctly.

While executing:  | qhull d Qt
Options selected for Qhull 2012.1 2012/02/18:
  run-id 1286769141  delaunay  Qtriangulate  _pre-merge  _zero-centrum  Pgood
  _max-width 9.8e+05  Error-roundoff 2.4e-09  _one-merge 2.2e-08
  _near-inside 1.1e-07  Visible-distance 1.4e-08  U-coplanar-distance 1.4e-08
  Width-outside 2.9e-08  _wide-facet 8.7e-08
Last point added to hull was p15749919.  Last merge was #40216.

At error exit:
QH6159 qhull error: more than 16777215 vertices.  ID field overflows and two vertices
may have the same identifier.  Vertices will not be sorted correctly.

While executing:  | qhull d Qt
Options selected for Qhull 2012.1 2012/02/18:
  run-id 1286769141  delaunay  Qtriangulate  _pre-merge  _zero-centrum  Pgood
  _max-width 1.2e+06  Error-roundoff 3e-09  _one-merge 2.7e-08
  _near-inside 1.3e-07  Visible-distance 1.8e-08  U-coplanar-distance 1.8e-08
  Width-outside 3.6e-08  _wide-facet 1.1e-07
Last point added to hull was p2835914.  Last merge was #56097.

At error exit:

Delaunay triangulation by the convex hull of 16777216 points in 4-d:

  Number of input sites: 16777214
  Total number of nearly incident points: 2
  Number of Delaunay regions: 0
  Number of non-simplicial Delaunay regions: 4885

Statistics for:  | qhull d Qt

  Number of points processed: 16777215
  Number of hyperplanes created: 440069490
  Number of facets in hull: 113410558
  Number of distance tests for qhull: -1320673726
  Number of distance tests for merging: -2092550589
  Number of distance tests for checking: 0
  Number of merged facets: 20389
  Maximum distance of merged point above facet: 1.1e-08 (0.7x)
  Maximum distance of merged vertex below facet: -1.3e-08 (0.8x)


precision problems (corrected unless 'Q0' or an error)
  13432 coplanar horizon facets for new vertices
QH6159 qhull error: more than 16777215 vertices.  ID field overflows and two vertices
may have the same identifier.  Vertices will not be sorted correctly.

While executing:  | qhull d Qt
Options selected for Qhull 2012.1 2012/02/18:
  run-id 1286769141  delaunay  Qtriangulate  _pre-merge  _zero-centrum  Pgood
  _max-width 5.9e+05  Error-roundoff 1e-09  _one-merge 9.2e-09
  _near-inside 4.6e-08  Visible-distance 6.1e-09  U-coplanar-distance 6.1e-09
  Width-outside 1.2e-08  _wide-facet 3.7e-08
Last point added to hull was p13691182.  Last merge was #10169.

At error exit:
QH6159 qhull error: more than 16777215 vertices.  ID field overflows and two vertices
may have the same identifier.  Vertices will not be sorted correctly.

While executing:  | qhull d Qt
Options selected for Qhull 2012.1 2012/02/18:
  run-id 1286769141  delaunay  Qtriangulate  _pre-merge  _zero-centrum  Pgood
  _max-width 1.1e+06  Error-roundoff 2.6e-09  _one-merge 2.4e-08
  _near-inside 1.2e-07  Visible-distance 1.6e-08  U-coplanar-distance 1.6e-08
  Width-outside 3.2e-08  _wide-facet 9.5e-08
Last point added to hull was p15373355.  Last merge was #45824.

At error exit:
QH6159 qhull error: more than 16777215 vertices.  ID field overflows and two vertices
may have the same identifier.  Vertices will not be sorted correctly.

While executing:  | qhull d Qt
Options selected for Qhull 2012.1 2012/02/18:
  run-id 1286769141  delaunay  Qtriangulate  _pre-merge  _zero-centrum  Pgood
  _max-width 4.6e+05  Error-roundoff 8e-10  _one-merge 7.2e-09
  _near-inside 3.6e-08  Visible-distance 4.8e-09  U-coplanar-distance 4.8e-09
  Width-outside 9.7e-09  _wide-facet 2.9e-08
Last point added to hull was p5300438.  Last merge was #7130.

At error exit:
QH6159 qhull error: more than 16777215 vertices.  ID field overflows and two vertices
may have the same identifier.  Vertices will not be sorted correctly.

While executing:  | qhull d Qt
Options selected for Qhull 2012.1 2012/02/18:
  run-id 1286769141  delaunay  Qtriangulate  _pre-merge  _zero-centrum  Pgood
  _max-width 9.8e+05  Error-roundoff 2e-09  _one-merge 1.8e-08
  _near-inside 8.9e-08  Visible-distance 1.2e-08  U-coplanar-distance 1.2e-08
  Width-outside 2.4e-08  _wide-facet 7.1e-08
Last point added to hull was p4224315.  Last merge was #28642.

At error exit:

Delaunay triangulation by the convex hull of 16777216 points in 4-d:

  Number of input sites: 16777214
  Total number of nearly incident points: 2
  Number of Delaunay regions: 0
  Number of non-simplicial Delaunay regions: 5690

Statistics for:  | qhull d Qt

  Number of points processed: 16777215
  Number of hyperplanes created: 439965113
  Number of facets in hull: 113409397
  Number of distance tests for qhull: -1437048545
  Number of distance tests for merging: -2092704393
  Number of distance tests for checking: 0
  Number of merged facets: 23997
  Maximum distance of merged point above facet: 1.2e-08 (0.7x)
  Maximum distance of merged vertex below facet: -1.6e-08 (0.9x)


precision problems (corrected unless 'Q0' or an error)
  15740 coplanar horizon facets for new vertices
QH6159 qhull error: more than 16777215 vertices.  ID field overflows and two vertices
may have the same identifier.  Vertices will not be sorted correctly.

While executing:  | qhull d Qt
Options selected for Qhull 2012.1 2012/02/18:
  run-id 1286769141  delaunay  Qtriangulate  _pre-merge  _zero-centrum  Pgood
  _max-width 7.2e+05  Error-roundoff 1.4e-09  _one-merge 1.3e-08
  _near-inside 6.3e-08  Visible-distance 8.3e-09  U-coplanar-distance 8.3e-09
  Width-outside 1.7e-08  _wide-facet 5e-08
Last point added to hull was p7596169.  Last merge was #16763.

At error exit:
QH6159 qhull error: more than 16777215 vertices.  ID field overflows and two vertices
may have the same identifier.  Vertices will not be sorted correctly.

While executing:  | qhull d Qt
Options selected for Qhull 2012.1 2012/02/18:
  run-id 1286769141  delaunay  Qtriangulate  _pre-merge  _zero-centrum  Pgood
  _max-width 1.1e+06  Error-roundoff 2.5e-09  _one-merge 2.2e-08
  _near-inside 1.1e-07  Visible-distance 1.5e-08  U-coplanar-distance 1.5e-08
  Width-outside 3e-08  _wide-facet 9e-08
Last point added to hull was p6055636.  Last merge was #41105.

At error exit:
QH6159 qhull error: more than 16777215 vertices.  ID field overflows and two vertices
may have the same identifier.  Vertices will not be sorted correctly.

While executing:  | qhull d Qt
Options selected for Qhull 2012.1 2012/02/18:
  run-id 1286769141  delaunay  Qtriangulate  _pre-merge  _zero-centrum  Pgood
  _max-width 3.3e+05  Error-roundoff 4.4e-10  _one-merge 3.9e-09
  _near-inside 2e-08  Visible-distance 2.6e-09  U-coplanar-distance 2.6e-09
  Width-outside 5.3e-09  _wide-facet 1.6e-08
Last point added to hull was p2919328.  Last merge was #2432.

At error exit:
QH6159 qhull error: more than 16777215 vertices.  ID field overflows and two vertices
may have the same identifier.  Vertices will not be sorted correctly.

While executing:  | qhull d Qt
Options selected for Qhull 2012.1 2012/02/18:
  run-id 1286769141  delaunay  Qtriangulate  _pre-merge  _zero-centrum  Pgood
  _max-width 9.8e+05  Error-roundoff 2.4e-09  _one-merge 2.2e-08
  _near-inside 1.1e-07  Visible-distance 1.4e-08  U-coplanar-distance 1.4e-08
  Width-outside 2.9e-08  _wide-facet 8.7e-08
Last point added to hull was p7533101.  Last merge was #40688.

At error exit:
QH6159 qhull error: more than 16777215 vertices.  ID field overflows and two vertices
may have the same identifier.  Vertices will not be sorted correctly.

While executing:  | qhull d Qt
Options selected for Qhull 2012.1 2012/02/18:
  run-id 1286769141  delaunay  Qtriangulate  _pre-merge  _zero-centrum  Pgood
  _max-width 7.2e+05  Error-roundoff 1.2e-09  _one-merge 1.1e-08
  _near-inside 5.6e-08  Visible-distance 7.5e-09  U-coplanar-distance 7.5e-09
  Width-outside 1.5e-08  _wide-facet 4.5e-08
Last point added to hull was p2170881.  Last merge was #13554.

At error exit:
QH6159 qhull error: more than 16777215 vertices.  ID field overflows and two vertices
may have the same identifier.  Vertices will not be sorted correctly.

While executing:  | qhull d Qt
Options selected for Qhull 2012.1 2012/02/18:
  run-id 1286769141  delaunay  Qtriangulate  _pre-merge  _zero-centrum  Pgood
  _max-width 1.2e+06  Error-roundoff 3e-09  _one-merge 2.7e-08
  _near-inside 1.4e-07  Visible-distance 1.8e-08  U-coplanar-distance 1.8e-08
  Width-outside 3.6e-08  _wide-facet 1.1e-07
Last point added to hull was p10914892.  Last merge was #55639.

At error exit:
QH6159 qhull error: more than 16777215 vertices.  ID field overflows and two vertices
may have the same identifier.  Vertices will not be sorted correctly.

While executing:  | qhull d Qt
Options selected for Qhull 2012.1 2012/02/18:
  run-id 1286769141  delaunay  Qtriangulate  _pre-merge  _zero-centrum  Pgood
  _max-width 5.9e+05  Error-roundoff 1e-09  _one-merge 9.2e-09
  _near-inside 4.6e-08  Visible-distance 6.1e-09  U-coplanar-distance 6.1e-09
  Width-outside 1.2e-08  _wide-facet 3.7e-08
Last point added to hull was p9778928.  Last merge was #9941.

At error exit:
QH6159 qhull error: more than 16777215 vertices.  ID field overflows and two vertices
may have the same identifier.  Vertices will not be sorted correctly.

While executing:  | qhull d Qt
Options selected for Qhull 2012.1 2012/02/18:
  run-id 1286769141  delaunay  Qtriangulate  _pre-merge  _zero-centrum  Pgood
  _max-width 5.9e+05  Error-roundoff 1e-09  _one-merge 9.2e-09
  _near-inside 4.6e-08  Visible-distance 6.1e-09  U-coplanar-distance 6.1e-09
  Width-outside 1.2e-08  _wide-facet 3.7e-08
Last point added to hull was p12515212.  Last merge was #10320.

At error exit:
QH6159 qhull error: more than 16777215 vertices.  ID field overflows and two vertices
may have the same identifier.  Vertices will not be sorted correctly.

While executing:  | qhull d Qt
Options selected for Qhull 2012.1 2012/02/18:
  run-id 1286769141  delaunay  Qtriangulate  _pre-merge  _zero-centrum  Pgood
  _max-width 5.9e+05  Error-roundoff 1e-09  _one-merge 9.2e-09
  _near-inside 4.6e-08  Visible-distance 6.2e-09  U-coplanar-distance 6.2e-09
  Width-outside 1.2e-08  _wide-facet 3.7e-08
Last point added to hull was p10631611.  Last merge was #10291.

At error exit:
QH6159 qhull error: more than 16777215 vertices.  ID field overflows and two vertices
may have the same identifier.  Vertices will not be sorted correctly.

While executing:  | qhull d Qt
Options selected for Qhull 2012.1 2012/02/18:
  run-id 1286769141  delaunay  Qtriangulate  _pre-merge  _zero-centrum  Pgood
  _max-width 4.6e+05  Error-roundoff 6.6e-10  _one-merge 5.9e-09
  _near-inside 3e-08  Visible-distance 4e-09  U-coplanar-distance 4e-09
  Width-outside 7.9e-09  _wide-facet 2.4e-08
Last point added to hull was p13302469.  Last merge was #4835.

At error exit:
QH6159 qhull error: more than 16777215 vertices.  ID field overflows and two vertices
may have the same identifier.  Vertices will not be sorted correctly.

While executing:  | qhull d Qt
Options selected for Qhull 2012.1 2012/02/18:
  run-id 1286769141  delaunay  Qtriangulate  _pre-merge  _zero-centrum  Pgood
  _max-width 8.5e+05  Error-roundoff 1.6e-09  _one-merge 1.4e-08
  _near-inside 7.2e-08  Visible-distance 9.7e-09  U-coplanar-distance 9.7e-09
  Width-outside 1.9e-08  _wide-facet 5.8e-08
Last point added to hull was p5641492.  Last merge was #20812.

At error exit:
Particle 0 is not in the triangulation. Perhaps it's a duplicate? Aborting.
Particle 1 is not in the triangulation. Perhaps it's a duplicate? Aborting.
Particle 2 is not in the triangulation. Perhaps it's a duplicate? Aborting.
Particle 3 is not in the triangulation. Perhaps it's a duplicate? Aborting.
Particle 4 is not in the triangulation. Perhaps it's a duplicate? Aborting.
Particle 5 is not in the triangulation. Perhaps it's a duplicate? Aborting.
Particle 6 is not in the triangulation. Perhaps it's a duplicate? Aborting.
Particle 7 is not in the triangulation. Perhaps it's a duplicate? Aborting.
Particle 8 is not in the triangulation. Perhaps it's a duplicate? Aborting.
Particle 9 is not in the triangulation. Perhaps it's a duplicate? Aborting.
Particle 10 is not in the triangulation. Perhaps it's a duplicate? Aborting.
Particle 11 is not in the triangulation. Perhaps it's a duplicate? Aborting.
Particle 12 is not in the triangulation. Perhaps it's a duplicate? Aborting.
Particle 13 is not in the triangulation. Perhaps it's a duplicate? Aborting.
Particle 14 is not in the triangulation. Perhaps it's a duplicate? Aborting.
Particle 15 is not in the triangulation. Perhaps it's a duplicate? Aborting.
Particle 16 is not in the triangulation. Perhaps it's a duplicate? Aborting.
Particle 17 is not in the triangulation. Perhaps it's a duplicate? Aborting.
Particle 18 is not in the triangulation. Perhaps it's a duplicate? Aborting.
Particle 19 is not in the triangulation. Perhaps it's a duplicate? Aborting.
Particle 20 is not in the triangulation. Perhaps it's a duplicate? Aborting.
Particle 21 is not in the triangulation. Perhaps it's a duplicate? Aborting.
Particle 22 is not in the triangulation. Perhaps it's a duplicate? Aborting.
Particle 23 is not in the triangulation. Perhaps it's a duplicate? Aborting.
Particle 24 is not in the triangulation. Perhaps it's a duplicate? Aborting.
Particle 25 is not in the triangulation. Perhaps it's a duplicate? Aborting.
Particle 26 is not in the triangulation. Perhaps it's a duplicate? Aborting.
Particle 27 is not in the triangulation. Perhaps it's a duplicate? Aborting.
Particle 28 is not in the triangulation. Perhaps it's a duplicate? Aborting.
Particle 29 is not in the triangulation. Perhaps it's a duplicate? Aborting.
Particle 30 is not in the triangulation. Perhaps it's a duplicate? Aborting.
Particle 31 is not in the triangulation. Perhaps it's a duplicate? Aborting.
Particle 32 is not in the triangulation. Perhaps it's a duplicate? Aborting.
Particle 33 is not in the triangulation. Perhaps it'
