mpiexec -n 1024  -f machinefile /home/cc/tessinstall.cgal/examples/tess/delaunay 1024 -1 1024 1024 1024 2.0 -1.0 -1.0 0 0 del.out
[0]: Time for round 1 = 15.730435 s
[0]: Time for round 2 = 10.491282 s
[0]: Time for round 3 = 22.142311 s
[0]: Time for round 4 = 23.238812 s
[0]: Time for round 5 = 25.287274 s
[0]: Time for round 6 = 28.165225 s
Fatal error in PMPI_Test: Other MPI error, error stack:
PMPI_Test(166)...............: MPI_Test(request=0x1c16530, flag=0x7ffea6bc2500, status=0x7ffea6bc25d0) failed
MPIDI_CH3I_Progress(367).....: 
MPID_nem_mpich_test_recv(754): 
MPID_nem_tcp_connpoll(1838)..: 
state_listening_handler(1906): accept of socket fd failed - Too many open files
Fatal error in PMPI_Test: Other MPI error, error stack:
PMPI_Test(166)...............: MPI_Test(request=0x28fd260, flag=0x7ffc210a67f0, status=0x7ffc210a68c0) failed
MPIDI_CH3I_Progress(367).....: 
MPID_nem_mpich_test_recv(754): 
MPID_nem_tcp_connpoll(1838)..: 
state_listening_handler(1906): accept of socket fd failed - Too many open files
Fatal error in PMPI_Test: A process has failed, error stack:
PMPI_Test(166).............: MPI_Test(request=0x228cc040, flag=0x7ffef1925c40, status=0x7ffef1925d10) failed
MPIR_Test_impl(65).........: 
MPID_nem_tcp_connpoll(1826): Communication error with rank 200: Connection reset by peer
Fatal error in PMPI_Test: A process has failed, error stack:
PMPI_Test(166).............: MPI_Test(request=0x2bfe680, flag=0x7ffd793fd690, status=0x7ffd793fd760) failed
MPIR_Test_impl(65).........: 
MPID_nem_tcp_connpoll(1826): Communication error with rank 200: Connection reset by peer
Fatal error in PMPI_Test: A process has failed, error stack:
PMPI_Test(166).............: MPI_Test(request=0x1ab11d0, flag=0x7ffccefbc030, status=0x7ffccefbc100) failed
MPIR_Test_impl(65).........: 
MPID_nem_tcp_connpoll(1826): Communication error with rank 200: Connection reset by peer
Fatal error in PMPI_Test: A process has failed, error stack:
PMPI_Test(166).............: MPI_Test(request=0x1c68b70, flag=0x7ffe9457a290, status=0x7ffe9457a360) failed
MPIR_Test_impl(65).........: 
MPID_nem_tcp_connpoll(1826): Communication error with rank 200: Connection reset by peer
Fatal error in PMPI_Test: A process has failed, error stack:
PMPI_Test(166).............: MPI_Test(request=0x22e5be0, flag=0x7ffcc87c6550, status=0x7ffcc87c6620) failed
MPIR_Test_impl(65).........: 
MPID_nem_tcp_connpoll(1826): Communication error with rank 200: Connection reset by peer
Fatal error in PMPI_Test: A process has failed, error stack:
PMPI_Test(166).............: MPI_Test(request=0x2254eae0, flag=0x7ffc743c3570, status=0x7ffc743c3640) failed
MPIR_Test_impl(65).........: 
MPID_nem_tcp_connpoll(1826): Communication error with rank 200: Connection reset by peer
Fatal error in PMPI_Test: A process has failed, error stack:
PMPI_Test(166).............: MPI_Test(request=0x37490a0, flag=0x7fffd9168cd0, status=0x7fffd9168da0) failed
MPIR_Test_impl(65).........: 
MPID_nem_tcp_connpoll(1826): Communication error with rank 200: Connection reset by peer
Fatal error in PMPI_Test: A process has failed, error stack:
PMPI_Test(166).............: MPI_Test(request=0x3378680, flag=0x7ffdceb31a40, status=0x7ffdceb31b10) failed
MPIR_Test_impl(65).........: 
MPID_nem_tcp_connpoll(1826): Communication error with rank 200: Connection reset by peer
Fatal error in PMPI_Test: A process has failed, error stack:
PMPI_Test(166).............: MPI_Test(request=0x2425eee0, flag=0x7ffecc6ac530, status=0x7ffecc6ac600) failed
MPIR_Test_impl(65).........: 
MPID_nem_tcp_connpoll(1826): Communication error with rank 200: Connection reset by peer
Fatal error in PMPI_Test: A process has failed, error stack:
PMPI_Test(166).............: MPI_Test(request=0x31517f0, flag=0x7ffc49bf33f0, status=0x7ffc49bf34c0) failed
MPIR_Test_impl(65).........: 
MPID_nem_tcp_connpoll(1826): Communication error with rank 200: Connection reset by peer
Fatal error in PMPI_Test: A process has failed, error stack:
PMPI_Test(166).............: MPI_Test(request=0x22d3ad70, flag=0x7fff92e2e660, status=0x7fff92e2e730) failed
MPIR_Test_impl(65).........: 
MPID_nem_tcp_connpoll(1826): Communication error with rank 200: Connection reset by peer
Fatal error in PMPI_Test: A process has failed, error stack:
PMPI_Test(166).............: MPI_Test(request=0x1b011f0, flag=0x7ffdf9ff92e0, status=0x7ffdf9ff93b0) failed
MPIR_Test_impl(65).........: 
MPID_nem_tcp_connpoll(1826): Communication error with rank 200: Connection reset by peer
Fatal error in PMPI_Test: A process has failed, error stack:
PMPI_Test(166).............: MPI_Test(request=0x1f2bd50, flag=0x7ffc217f2530, status=0x7ffc217f2600) failed
MPIR_Test_impl(65).........: 
MPID_nem_tcp_connpoll(1826): Communication error with rank 200: Connection reset by peer
Fatal error in PMPI_Test: A process has failed, error stack:
PMPI_Test(166).............: MPI_Test(request=0x1b75100, flag=0x7ffca1ba62b0, status=0x7ffca1ba6380) failed
MPIR_Test_impl(65).........: 
MPID_nem_tcp_connpoll(1826): Communication error with rank 200: Connection reset by peer
Fatal error in PMPI_Test: A process has failed, error stack:
PMPI_Test(166).............: MPI_Test(request=0x30b4550, flag=0x7ffd2a4c7eb0, status=0x7ffd2a4c7f80) failed
MPIR_Test_impl(65).........: 
MPID_nem_tcp_connpoll(1826): Communication error with rank 200: Connection reset by peer
Fatal error in PMPI_Test: A process has failed, error stack:
PMPI_Test(166).............: MPI_Test(request=0x23b6410, flag=0x7ffd2e7f49b0, status=0x7ffd2e7f4a80) failed
MPIR_Test_impl(65).........: 
MPID_nem_tcp_connpoll(1826): Communication error with rank 200: Connection reset by peer
Fatal error in PMPI_Test: A process has failed, error stack:
PMPI_Test(166).............: MPI_Test(request=0x2d6bf70, flag=0x7fff3ef04e00, status=0x7fff3ef04ed0) failed
MPIR_Test_impl(65).........: 
MPID_nem_tcp_connpoll(1826): Communication error with rank 200: Connection reset by peer
Fatal error in PMPI_Test: A process has failed, error stack:
PMPI_Test(166).............: MPI_Test(request=0x222d32c0, flag=0x7ffdc9c54350, status=0x7ffdc9c54420) failed
MPIR_Test_impl(65).........: 
MPID_nem_tcp_connpoll(1826): Communication error with rank 200: Connection reset by peer
Fatal error in PMPI_Test: A process has failed, error stack:
PMPI_Test(166).............: MPI_Test(request=0x2f70c20, flag=0x7fff87059fb0, status=0x7fff8705a080) failed
MPIR_Test_impl(65).........: 
MPID_nem_tcp_connpoll(1826): Communication error with rank 200: Connection reset by peer
Fatal error in PMPI_Test: A process has failed, error stack:
PMPI_Test(166).............: MPI_Test(request=0x25317e0, flag=0x7ffcc9dd7480, status=0x7ffcc9dd7550) failed
MPIR_Test_impl(65).........: 
MPID_nem_tcp_connpoll(1826): Communication error with rank 200: Connection reset by peer
Fatal error in PMPI_Test: A process has failed, error stack:
PMPI_Test(166).............: MPI_Test(request=0x2bd1530, flag=0x7ffcf970cb60, status=0x7ffcf970cc30) failed
MPIR_Test_impl(65).........: 
MPID_nem_tcp_connpoll(1826): Communication error with rank 200: Connection reset by peer
Fatal error in PMPI_Test: A process has failed, error stack:
PMPI_Test(166).............: MPI_Test(request=0x2e24b10, flag=0x7ffc4ec65940, status=0x7ffc4ec65a10) failed
MPIR_Test_impl(65).........: 
MPID_nem_tcp_connpoll(1826): Communication error with rank 200: Connection reset by peer
Fatal error in PMPI_Test: A process has failed, error stack:
PMPI_Test(166).............: MPI_Test(request=0x29bb890, flag=0x7ffd7a1c9270, status=0x7ffd7a1c9340) failed
MPIR_Test_impl(65).........: 
MPID_nem_tcp_connpoll(1826): Communication error with rank 200: Connection reset by peer
Fatal error in PMPI_Test: A process has failed, error stack:
PMPI_Test(166).............: MPI_Test(request=0x2fa2090, flag=0x7ffda1831a90, status=0x7ffda1831b60) failed
MPIR_Test_impl(65).........: 
MPID_nem_tcp_connpoll(1826): Communication error with rank 200: Connection reset by peer
Fatal error in PMPI_Test: A process has failed, error stack:
PMPI_Test(166).............: MPI_Test(request=0x3602280, flag=0x7ffd74984f80, status=0x7ffd74985050) failed
MPIR_Test_impl(65).........: 
MPID_nem_tcp_connpoll(1826): Communication error with rank 200: Connection reset by peer
Fatal error in PMPI_Test: A process has failed, error stack:
PMPI_Test(166).............: MPI_Test(request=0x1a2b710, flag=0x7fff24d29a00, status=0x7fff24d29ad0) failed
MPIR_Test_impl(65).........: 
MPID_nem_tcp_connpoll(1826): Communication error with rank 200: Connection reset by peer
Fatal error in PMPI_Test: A process has failed, error stack:
PMPI_Test(166).............: MPI_Test(request=0x22c6caf0, flag=0x7ffca4c92310, status=0x7ffca4c923e0) failed
MPIR_Test_impl(65).........: 
MPID_nem_tcp_connpoll(1826): Communication error with rank 200: Connection reset by peer
Fatal error in PMPI_Test: A process has failed, error stack:
PMPI_Test(166).............: MPI_Test(request=0x307d0e0, flag=0x7ffdf3f14ba0, status=0x7ffdf3f14c70) failed
MPIR_Test_impl(65).........: 
MPID_nem_tcp_connpoll(1826): Communication error with rank 200: Connection reset by peer
Fatal error in PMPI_Test: A process has failed, error stack:
PMPI_Test(166).............: MPI_Test(request=0x223ca810, flag=0x7ffc38624ff0, status=0x7ffc386250c0) failed
MPIR_Test_impl(65).........: 
MPID_nem_tcp_connpoll(1826): Communication error with rank 200: Connection reset by peer
Fatal error in PMPI_Test: A process has failed, error stack:
PMPI_Test(166).............: MPI_Test(request=0x23d32690, flag=0x7ffeff83f240, status=0x7ffeff83f310) failed
MPIR_Test_impl(65).........: 
MPID_nem_tcp_connpoll(1826): Communication error with rank 200: Connection reset by peer
Fatal error in PMPI_Test: A process has failed, error stack:
PMPI_Test(166).............: MPI_Test(request=0x38bfc70, flag=0x7fff6082d9a0, status=0x7fff6082da70) failed
MPIR_Test_impl(65).........: 
MPID_nem_tcp_connpoll(1826): Communication error with rank 200: Connection reset by peer
Fatal error in PMPI_Test: A process has failed, error stack:
PMPI_Test(166).............: MPI_Test(request=0x2428690, flag=0x7ffea6987d60, status=0x7ffea6987e30) failed
MPIR_Test_impl(65).........: 
MPID_nem_tcp_connpoll(1826): Communication error with rank 200: Connection reset by peer
Fatal error in PMPI_Test: A process has failed, error stack:
PMPI_Test(166).............: MPI_Test(request=0x23e48780, flag=0x7ffd29e4cbe0, status=0x7ffd29e4ccb0) failed
MPIR_Test_impl(65).........: 
MPID_nem_tcp_connpoll(1826): Communication error with rank 200: Connection reset by peer
Fatal error in PMPI_Test: A process has failed, error stack:
PMPI_Test(166).............: MPI_Test(request=0x29297d0, flag=0x7fff25182640, status=0x7fff25182710) failed
MPIR_Test_impl(65).........: 
MPID_nem_tcp_connpoll(1826): Communication error with rank 200: Connection reset by peer
Fatal error in PMPI_Test: A process has failed, error stack:
PMPI_Test(166).............: MPI_Test(request=0xb519b0, flag=0x7ffc46cbc020, status=0x7ffc46cbc0f0) failed
MPIR_Test_impl(65).........: 
MPID_nem_tcp_connpoll(1826): Communication error with rank 200: Connection reset by peer
Fatal error in PMPI_Test: A process has failed, error stack:
PMPI_Test(166).............: MPI_Test(request=0x1a37860, flag=0x7ffc8e044840, status=0x7ffc8e044910) failed
MPIR_Test_impl(65).........: 
MPID_nem_tcp_connpoll(1826): Communication error with rank 200: Connection reset by peer
Fatal error in PMPI_Test: A process has failed, error stack:
PMPI_Test(166).............: MPI_Test(request=0x287b400, flag=0x7ffc36426ad0, status=0x7ffc36426ba0) failed
MPIR_Test_impl(65).........: 
MPID_nem_tcp_connpoll(1826): Communication error with rank 200: Connection reset by peer
Fatal error in PMPI_Test: A process has failed, error stack:
PMPI_Test(166).............: MPI_Test(request=0x22cdc4d0, flag=0x7ffe226403c0, status=0x7ffe22640490) failed
MPIR_Test_impl(65).........: 
MPID_nem_tcp_connpoll(1826): Communication error with rank 200: Connection reset by peer
Fatal error in PMPI_Test: A process has failed, error stack:
PMPI_Test(166).............: MPI_Test(request=0x230adb0, flag=0x7ffce213f660, status=0x7ffce213f730) failed
MPIR_Test_impl(65).........: 
MPID_nem_tcp_connpoll(1826): Communication error with rank 200: Connection reset by peer
Fatal error in PMPI_Test: A process has failed, error stack:
PMPI_Test(166).............: MPI_Test(request=0x298e460, flag=0x7ffe70efd040, status=0x7ffe70efd110) failed
MPIR_Test_impl(65).........: 
MPID_nem_tcp_connpoll(1826): Communication error with rank 200: Connection reset by peer
Fatal error in PMPI_Test: A process has failed, error stack:
PMPI_Test(166).............: MPI_Test(request=0x299a710, flag=0x7ffe9402fc80, status=0x7ffe9402fd50) failed
MPIR_Test_impl(65).........: 
MPID_nem_tcp_connpoll(1826): Communication error with rank 200: Connection reset by peer
Fatal error in PMPI_Test: A process has failed, error stack:
PMPI_Test(166).............: MPI_Test(request=0x1baa0d0, flag=0x7ffd0c1d48a0, status=0x7ffd0c1d4970) failed
MPIR_Test_impl(65).........: 
MPID_nem_tcp_connpoll(1826): Communication error with rank 200: Connection reset by peer
Fatal error in PMPI_Test: A process has failed, error stack:
PMPI_Test(166).............: MPI_Test(request=0x2f6f7e0, flag=0x7ffe19ce9770, status=0x7ffe19ce9840) failed
MPIR_Test_impl(65).........: 
MPID_nem_tcp_connpoll(1826): Communication error with rank 200: Connection reset by peer
Fatal error in PMPI_Test: A process has failed, error stack:
PMPI_Test(166).............: MPI_Test(request=0x28167d0, flag=0x7ffd68d25ef0, status=0x7ffd68d25fc0) failed
MPIR_Test_impl(65).........: 
MPID_nem_tcp_connpoll(1826): Communication error with rank 200: Connection reset by peer
Fatal error in PMPI_Test: A process has failed, error stack:
PMPI_Test(166).............: MPI_Test(request=0x1858b80, flag=0x7ffefee8be50, status=0x7ffefee8bf20) failed
MPIR_Test_impl(65).........: 
MPID_nem_tcp_connpoll(1826): Communication error with rank 200: Connection reset by peer
Fatal error in PMPI_Test: A process has failed, error stack:
PMPI_Test(166).............: MPI_Test(request=0x12a23c0, flag=0x7ffeca1c14c0, status=0x7ffeca1c1590) failed
MPIR_Test_impl(65).........: 
MPID_nem_tcp_connpoll(1826): Communication error with rank 200: Connection reset by peer
Fatal error in PMPI_Test: A process has failed, error stack:
PMPI_Test(166).............: MPI_Test(request=0x1909dc0, flag=0x7ffc5f0425b0, status=0x7ffc5f042680) failed
MPIR_Test_impl(65).........: 
MPID_nem_tcp_connpoll(1826): Communication error with rank 200: Connection reset by peer
Fatal error in PMPI_Test: A process has failed, error stack:
PMPI_Test(166).............: MPI_Test(request=0x23ca2da0, flag=0x7ffe899a4980, status=0x7ffe899a4a50) failed
MPIR_Test_impl(65).........: 
MPID_nem_tcp_connpoll(1826): Communication error with rank 200: Connection reset by peer
Fatal error in PMPI_Test: A process has failed, error stack:
PMPI_Test(166).............: MPI_Test(request=0x2ac3630, flag=0x7fffa382edd0, status=0x7fffa382eea0) failed
MPIR_Test_impl(65).........: 
MPID_nem_tcp_connpoll(1826): Communication error with rank 200: Connection reset by peer
Fatal error in PMPI_Test: A process has failed, error stack:
PMPI_Test(166).............: MPI_Test(request=0x1623460, flag=0x7ffc341a4610, status=0x7ffc341a46e0) failed
MPIR_Test_impl(65).........: 
MPID_nem_tcp_connpoll(1826): Communication error with rank 200: Connection reset by peer
Fatal error in PMPI_Test: A process has failed, error stack:
PMPI_Test(166).............: MPI_Test(request=0x224361a0, flag=0x7ffd60f13ed0, status=0x7ffd60f13fa0) failed
MPIR_Test_impl(65).........: 
MPID_nem_tcp_connpoll(1826): Communication error with rank 200: Connection reset by peer
Fatal error in PMPI_Test: A process has failed, error stack:
PMPI_Test(166).............: MPI_Test(request=0x2297b50, flag=0x7fffb6c6a8a0, status=0x7fffb6c6a970) failed
MPIR_Test_impl(65).........: 
MPID_nem_tcp_connpoll(1826): Communication error with rank 200: Connection reset by peer
Fatal error in PMPI_Test: A process has failed, error stack:
PMPI_Test(166).............: MPI_Test(request=0x2ca35c0, flag=0x7ffe81281800, status=0x7ffe812818d0) failed
MPIR_Test_impl(65).........: 
MPID_nem_tcp_connpoll(1826): Communication error with rank 200: Connection reset by peer
Fatal error in PMPI_Test: A process has failed, error stack:
PMPI_Test(166).............: MPI_Test(request=0x354ecb0, flag=0x7fff32c35310, status=0x7fff32c353e0) failed
MPIR_Test_impl(65).........: 
MPID_nem_tcp_connpoll(1826): Communication error with rank 200: Connection reset by peer
Fatal error in PMPI_Test: A process has failed, error stack:
PMPI_Test(166).............: MPI_Test(request=0x33de5c0, flag=0x7ffd393b40b0, status=0x7ffd393b4180) failed
MPIR_Test_impl(65).........: 
MPID_nem_tcp_connpoll(1826): Communication error with rank 200: Connection reset by peer
Fatal error in PMPI_Test: A process has failed, error stack:
PMPI_Test(166).............: MPI_Test(request=0x24186d0, flag=0x7ffeda4754d0, status=0x7ffeda4755a0) failed
MPIR_Test_impl(65).........: 
MPID_nem_tcp_connpoll(1826): Communication error with rank 200: Connection reset by peer
Fatal error in PMPI_Test: A process has failed, error stack:
PMPI_Test(166).............: MPI_Test(request=0x380c3b0, flag=0x7ffceea80da0, status=0x7ffceea80e70) failed
MPIR_Test_impl(65).........: 
MPID_nem_tcp_connpoll(1826): Communication error with rank 200: Connection reset by peer
Fatal error in PMPI_Test: A process has failed, error stack:
PMPI_Test(166).............: MPI_Test(request=0x1f4e0b0, flag=0x7ffcc84cba40, status=0x7ffcc84cbb10) failed
MPIR_Test_impl(65).........: 
MPID_nem_tcp_connpoll(1826): Communication error with rank 200: Connection reset by peer
Fatal error in PMPI_Test: A process has failed, error stack:
PMPI_Test(166).............: MPI_Test(request=0x1d1c900, flag=0x7ffd596f1a50, status=0x7ffd596f1b20) failed
MPIR_Test_impl(65).........: 
MPID_nem_tcp_connpoll(1826): Communication error with rank 200: Connection reset by peer
Fatal error in PMPI_Test: A process has failed, error stack:
PMPI_Test(166).............: MPI_Test(request=0x1129db0, flag=0x7ffc9aec2790, status=0x7ffc9aec2860) failed
MPIR_Test_impl(65).........: 
MPID_nem_tcp_connpoll(1826): Communication error with rank 200: Connection reset by peer
Fatal error in PMPI_Test: A process has failed, error stack:
PMPI_Test(166).............: MPI_Test(request=0x18cb2f0, flag=0x7ffed3c41650, status=0x7ffed3c41720) failed
MPIR_Test_impl(65).........: 
MPID_nem_tcp_connpoll(1826): Communication error with rank 200: Connection reset by peer
Fatal error in PMPI_Test: A process has failed, error stack:
PMPI_Test(166).............: MPI_Test(request=0x865df0, flag=0x7ffe5a487720, status=0x7ffe5a4877f0) failed
MPIR_Test_impl(65).........: 
MPID_nem_tcp_connpoll(1826): Communication error with rank 200: Connection reset by peer
Fatal error in PMPI_Test: A process has failed, error stack:
PMPI_Test(166).............: MPI_Test(request=0x29615e0, flag=0x7ffe27739b30, status=0x7ffe27739c00) failed
MPIR_Test_impl(65).........: 
MPID_nem_tcp_connpoll(1826): Communication error with rank 200: Connection reset by peer
Fatal error in PMPI_Test: A process has failed, error stack:
PMPI_Test(166).............: MPI_Test(request=0x19ff9f0, flag=0x7ffc6794e450, status=0x7ffc6794e520) failed
MPIR_Test_impl(65).........: 
MPID_nem_tcp_connpoll(1826): Communication error with rank 200: Connection reset by peer
Fatal error in PMPI_Test: A process has failed, error stack:
PMPI_Test(166).............: MPI_Test(request=0x242b0e0, flag=0x7ffd2bffcdf0, status=0x7ffd2bffcec0) failed
MPIR_Test_impl(65).........: 
MPID_nem_tcp_connpoll(1826): Communication error with rank 200: Connection reset by peer
Fatal error in PMPI_Test: A process has failed, error stack:
PMPI_Test(166).............: MPI_Test(request=0x1c86b10, flag=0x7ffc53ad1870, status=0x7ffc53ad1940) failed
MPIR_Test_impl(65).........: 
MPID_nem_tcp_connpoll(1826): Communication error with rank 200: Connection reset by peer
Fatal error in PMPI_Test: A process has failed, error stack:
PMPI_Test(166).............: MPI_Test(request=0x34184b0, flag=0x7ffd4010cdd0, status=0x7ffd4010cea0) failed
MPIR_Test_impl(65).........: 
MPID_nem_tcp_connpoll(1826): Communication error with rank 200: Connection reset by peer
Fatal error in PMPI_Test: A process has failed, error stack:
PMPI_Test(166).............: MPI_Test(request=0x38226d0, flag=0x7ffd95b0f7a0, status=0x7ffd95b0f870) failed
MPIR_Test_impl(65).........: 
MPID_nem_tcp_connpoll(1826): Communication error with rank 200: Connection reset by peer
Fatal error in PMPI_Test: A process has failed, error stack:
PMPI_Test(166).............: MPI_Test(request=0x215e160, flag=0x7ffe73a7c9b0, status=0x7ffe73a7ca80) failed
MPIR_Test_impl(65).........: 
MPID_nem_tcp_connpoll(1826): Communication error with rank 200: Connection reset by peer
Fatal error in PMPI_Test: A process has failed, error stack:
PMPI_Test(166).............: MPI_Test(request=0x1d7e400, flag=0x7ffe38c41e60, status=0x7ffe38c41f30) failed
MPIR_Test_impl(65).........: 
MPID_nem_tcp_connpoll(1826): Communication error with rank 200: Connection reset by peer
Fatal error in PMPI_Test: A process has failed, error stack:
PMPI_Test(166).............: MPI_Test(request=0x2a79d90, flag=0x7ffc93006220, status=0x7ffc930062f0) failed
MPIR_Test_impl(65).........: 
MPID_nem_tcp_connpoll(1826): Communication error with rank 200: Connection reset by peer
Fatal error in PMPI_Test: A process has failed, error stack:
PMPI_Test(166).............: MPI_Test(request=0x29169c0, flag=0x7ffc229e9b60, status=0x7ffc229e9c30) failed
MPIR_Test_impl(65).........: 
MPID_nem_tcp_connpoll(1826): Communication error with rank 200: Connection reset by peer
Fatal error in PMPI_Test: A process has failed, error stack:
PMPI_Test(166).............: MPI_Test(request=0xe76ad0, flag=0x7ffc42b58800, status=0x7ffc42b588d0) failed
MPIR_Test_impl(65).........: 
MPID_nem_tcp_connpoll(1826): Communication error with rank 200: Connection reset by peer
Fatal error in PMPI_Test: A process has failed, error stack:
PMPI_Test(166).............: MPI_Test(request=0x3559190, flag=0x7ffed0282130, status=0x7ffed0282200) failed
MPIR_Test_impl(65).........: 
MPID_nem_tcp_connpoll(1826): Communication error with rank 200: Connection reset by peer
Fatal error in PMPI_Test: A process has failed, error stack:
PMPI_Test(166).............: MPI_Test(request=0x1ae7810, flag=0x7fff31a2b0f0, status=0x7fff31a2b1c0) failed
MPIR_Test_impl(65).........: 
MPID_nem_tcp_connpoll(1826): Communication error with rank 200: Connection reset by peer
Fatal error in PMPI_Test: A process has failed, error stack:
PMPI_Test(166).............: MPI_Test(request=0x2790a70, flag=0x7fff22cff580, status=0x7fff22cff650) failed
MPIR_Test_impl(65).........: 
MPID_nem_tcp_connpoll(1826): Communication error with rank 200: Connection reset by peer
Fatal error in PMPI_Test: A process has failed, error stack:
PMPI_Test(166).............: MPI_Test(request=0x1f0d300, flag=0x7fffad6c4a80, status=0x7fffad6c4b50) failed
MPIR_Test_impl(65).........: 
MPID_nem_tcp_connpoll(1826): Communication error with rank 200: Connection reset by peer
Fatal error in PMPI_Test: A process has failed, error stack:
PMPI_Test(166).............: MPI_Test(request=0x22e073f0, flag=0x7ffdb7a715f0, status=0x7ffdb7a716c0) failed
MPIR_Test_impl(65).........: 
MPID_nem_tcp_connpoll(1826): Communication error with rank 200: Connection reset by peer
Fatal error in PMPI_Test: A process has failed, error stack:
PMPI_Test(166).............: MPI_Test(request=0x2b6deb0, flag=0x7ffcca3e4140, status=0x7ffcca3e4210) failed
MPIR_Test_impl(65).........: 
MPID_nem_tcp_connpoll(1826): Communication error with rank 200: Connection reset by peer
Fatal error in PMPI_Test: A process has failed, error stack:
PMPI_Test(166).............: MPI_Test(request=0x1eb4fe0, flag=0x7ffc1d8a8eb0, status=0x7ffc1d8a8f80) failed
MPIR_Test_impl(65).........: 
MPID_nem_tcp_connpoll(1826): Communication error with rank 200: Connection reset by peer
Fatal error in PMPI_Test: A process has failed, error stack:
PMPI_Test(166).............: MPI_Test(request=0xb5f760, flag=0x7ffdaa18bea0, status=0x7ffdaa18bf70) failed
MPIR_Test_impl(65).........: 
MPID_nem_tcp_connpoll(1826): Communication error with rank 200: Connection reset by peer
Fatal error in PMPI_Test: A process has failed, error stack:
PMPI_Test(166).............: MPI_Test(request=0x232cfc20, flag=0x7fff0bd4a160, status=0x7fff0bd4a230) failed
MPIR_Test_impl(65).........: 
MPID_nem_tcp_connpoll(1826): Communication error with rank 200: Connection reset by peer
Fatal error in PMPI_Test: A process has failed, error stack:
PMPI_Test(166).............: MPI_Test(request=0x15c1b10, flag=0x7fffee601e70, status=0x7fffee601f40) failed
MPIR_Test_impl(65).........: 
MPID_nem_tcp_connpoll(1826): Communication error with rank 200: Connection reset by peer
Fatal error in PMPI_Test: A process has failed, error stack:
PMPI_Test(166).............: MPI_Test(request=0x33f9e60, flag=0x7fff085fe5c0, status=0x7fff085fe690) failed
MPIR_Test_impl(65).........: 
MPID_nem_tcp_connpoll(1826): Communication error with rank 200: Connection reset by peer
Fatal error in PMPI_Test: A process has failed, error stack:
PMPI_Test(166).............: MPI_Test(request=0x21a60b0, flag=0x7fffdcedfe50, status=0x7fffdcedff20) failed
MPIR_Test_impl(65).........: 
MPID_nem_tcp_connpoll(1826): Communication error with rank 200: Connection reset by peer
Fatal error in PMPI_Test: A process has failed, error stack:
PMPI_Test(166).............: MPI_Test(request=0x2307ef0, flag=0x7ffc301aa890, status=0x7ffc301aa960) failed
MPIR_Test_impl(65).........: 
MPID_nem_tcp_connpoll(1826): Communication error with rank 200: Connection reset by peer
Fatal error in PMPI_Test: A process has failed, error stack:
PMPI_Test(166).............: MPI_Test(request=0x25aa450, flag=0x7ffc457d6340, status=0x7ffc457d6410) failed
MPIR_Test_impl(65).........: 
MPID_nem_tcp_connpoll(1826): Communication error with rank 200: Connection reset by peer
Fatal error in PMPI_Test: A process has failed, error stack:
PMPI_Test(166).............: MPI_Test(request=0x13fefe0, flag=0x7ffd12ca4b40, status=0x7ffd12ca4c10) failed
MPIR_Test_impl(65).........: 
MPID_nem_tcp_connpoll(1826): Communication error with rank 200: Connection reset by peer
Fatal error in PMPI_Test: A process has failed, error stack:
PMPI_Test(166).............: MPI_Test(request=0x3247c50, flag=0x7ffcd64cbc50, status=0x7ffcd64cbd20) failed
MPIR_Test_impl(65).........: 
MPID_nem_tcp_connpoll(1826): Communication error with rank 200: Connection reset by peer
Fatal error in PMPI_Test: A process has failed, error stack:
PMPI_Test(166).............: MPI_Test(request=0x23cdfc50, flag=0x7ffde8371900, status=0x7ffde83719d0) failed
MPIR_Test_impl(65).........: 
MPID_nem_tcp_connpoll(1826): Communication error with rank 200: Connection reset by peer
Fatal error in PMPI_Test: A process has failed, error stack:
PMPI_Test(166).............: MPI_Test(request=0x3924e90, flag=0x7fff8d6ce390, status=0x7fff8d6ce460) failed
MPIR_Test_impl(65).........: 
MPID_nem_tcp_connpoll(1826): Communication error with rank 200: Connection reset by peer
Fatal error in PMPI_Test: A process has failed, error stack:
PMPI_Test(166).............: MPI_Test(request=0x1804090, flag=0x7ffc844d0310, status=0x7ffc844d03e0) failed
MPIR_Test_impl(65).........: 
MPID_nem_tcp_connpoll(1826): Communication error with rank 200: Connection reset by peer
Fatal error in PMPI_Test: A process has failed, error stack:
PMPI_Test(166).............: MPI_Test(request=0x2c6ef90, flag=0x7ffd8d0cf0a0, status=0x7ffd8d0cf170) failed
MPIR_Test_impl(65).........: 
MPID_nem_tcp_connpoll(1826): Communication error with rank 200: Connection reset by peer
Fatal error in PMPI_Test: A process has failed, error stack:
PMPI_Test(166).............: MPI_Test(request=0x23e1cd40, flag=0x7fffe62ea210, status=0x7fffe62ea2e0) failed
MPIR_Test_impl(65).........: 
MPID_nem_tcp_connpoll(1826): Communication error with rank 200: Connection reset by peer
Fatal error in PMPI_Test: A process has failed, error stack:
PMPI_Test(166).............: MPI_Test(request=0x2dc9090, flag=0x7fff3209b350, status=0x7fff3209b420) failed
MPIR_Test_impl(65).........: 
MPID_nem_tcp_connpoll(1826): Communication error with rank 200: Connection reset by peer
Fatal error in PMPI_Test: A process has failed, error stack:
PMPI_Test(166).............: MPI_Test(request=0x23b70300, flag=0x7ffcf18ef580, status=0x7ffcf18ef650) failed
MPIR_Test_impl(65).........: 
MPID_nem_tcp_connpoll(1826): Communication error with rank 200: Connection reset by peer
Fatal error in PMPI_Test: A process has failed, error stack:
PMPI_Test(166).............: MPI_Test(request=0x22b52b0, flag=0x7ffeccba7450, status=0x7ffeccba7520) failed
MPIR_Test_impl(65).........: 
MPID_nem_tcp_connpoll(1826): Communication error with rank 200: Connection reset by peer
Fatal error in PMPI_Test: A process has failed, error stack:
PMPI_Test(166).............: MPI_Test(request=0x1e4a1f0, flag=0x7ffe240ca410, status=0x7ffe240ca4e0) failed
MPIR_Test_impl(65).........: 
MPID_nem_tcp_connpoll(1826): Communication error with rank 200: Connection reset by peer
Fatal error in PMPI_Test: A process has failed, error stack:
PMPI_Test(166).............: MPI_Test(request=0x20b1dd0, flag=0x7ffe2dc52360, status=0x7ffe2dc52430) failed
MPIR_Test_impl(65).........: 
MPID_nem_tcp_connpoll(1826): Communication error with rank 200: Connection reset by peer
Fatal error in PMPI_Test: Other MPI error, error stack:
PMPI_Test(166)...............: MPI_Test(request=0x223a850, flag=0x7ffc4e6c7c60, status=0x7ffc4e6c7d30) failed
MPIDI_CH3I_Progress(367).....: 
MPID_nem_mpich_test_recv(754): 
MPID_nem_tcp_connpoll(1838)..: 
state_listening_handler(1906): accept of socket fd failed - Too many open files
Fatal error in PMPI_Test: Other MPI error, error stack:
PMPI_Test(166)...............: MPI_Test(request=0x29d6540, flag=0x7ffe59677780, status=0x7ffe59677850) failed
MPIDI_CH3I_Progress(367).....: 
MPID_nem_mpich_test_recv(754): 
MPID_nem_tcp_connpoll(1838)..: 
state_listening_handler(1906): accept of socket fd failed - Too many open files
Fatal error in PMPI_Test: A process has failed, error stack:
PMPI_Test(166).............: MPI_Test(request=0x2582100, flag=0x7ffd27a4e930, status=0x7ffd27a4ea00) failed
MPIR_Test_impl(65).........: 
MPID_nem_tcp_connpoll(1826): Communication error with rank 200: Connection reset by peer
Fatal error in PMPI_Test: Other MPI error, error stack:
PMPI_Test(166)...............: MPI_Test(request=0x246e470, flag=0x7ffff9a34ee0, status=0x7ffff9a34fb0) failed
MPIDI_CH3I_Progress(367).....: 
MPID_nem_mpich_test_recv(754): 
MPID_nem_tcp_connpoll(1838)..: 
state_listening_handler(1906): accept of socket fd failed - Too many open files
Fatal error in PMPI_Test: A process has failed, error stack:
PMPI_Test(166).............: MPI_Test(request=0x2226a8e0, flag=0x7fffa4361e50, status=0x7fffa4361f20) failed
MPIR_Test_impl(65).........: 
MPID_nem_tcp_connpoll(1826): Communication error with rank 399: Connection reset by peer
Fatal error in PMPI_Test: Other MPI error, error stack:
PMPI_Test(166)...............: MPI_Test(request=0x1cbe770, flag=0x7ffdd1267da0, status=0x7ffdd1267e70) failed
MPIDI_CH3I_Progress(367).....: 
MPID_nem_mpich_test_recv(754): 
MPID_nem_tcp_connpoll(1838)..: 
state_listening_handler(1906): accept of socket fd failed - Too many open files

===================================================================================
=   BAD TERMINATION OF ONE OF YOUR APPLICATION PROCESSES
=   EXIT CODE: 1
=   CLEANING UP REMAINING PROCESSES
=   YOU CAN IGNORE THE BELOW CLEANUP MESSAGES
===================================================================================
[proxy:0:0@master] HYD_pmcd_pmip_control_cmd_cb (./pm/pmiserv/pmip_cb.c:886): assert (!closed) failed
[proxy:0:0@master] HYDT_dmxu_poll_wait_for_event (./tools/demux/demux_poll.c:77): callback returned error status
[proxy:0:0@master] main (./pm/pmiserv/pmip.c:206): demux engine error waiting for event
[proxy:0:1@worker01] HYD_pmcd_pmip_control_cmd_cb (./pm/pmiserv/pmip_cb.c:886): assert (!closed) failed
[proxy:0:1@worker01] HYDT_dmxu_poll_wait_for_event (./tools/demux/demux_poll.c:77): callback returned error status
[proxy:0:1@worker01] main (./pm/pmiserv/pmip.c:206): demux engine error waiting for event
[proxy:0:2@worker02] HYD_pmcd_pmip_control_cmd_cb (./pm/pmiserv/pmip_cb.c:886): assert (!closed) failed
[proxy:0:2@worker02] HYDT_dmxu_poll_wait_for_event (./tools/demux/demux_poll.c:77): callback returned error status
[proxy:0:2@worker02] main (./pm/pmiserv/pmip.c:206): demux engine error waiting for event
[proxy:0:3@worker03] HYD_pmcd_pmip_control_cmd_cb (./pm/pmiserv/pmip_cb.c:886): assert (!closed) failed
[proxy:0:3@worker03] HYDT_dmxu_poll_wait_for_event (./tools/demux/demux_poll.c:77): callback returned error status
[proxy:0:3@worker03] main (./pm/pmiserv/pmip.c:206): demux engine error waiting for event
[proxy:0:5@worker05] HYD_pmcd_pmip_control_cmd_cb (./pm/pmiserv/pmip_cb.c:886): assert (!closed) failed
[proxy:0:5@worker05] HYDT_dmxu_poll_wait_for_event (./tools/demux/demux_poll.c:77): callback returned error status
[proxy:0:5@worker05] main (./pm/pmiserv/pmip.c:206): demux engine error waiting for event
[proxy:0:6@worker06] HYD_pmcd_pmip_control_cmd_cb (./pm/pmiserv/pmip_cb.c:886): assert (!closed) failed
[proxy:0:6@worker06] HYDT_dmxu_poll_wait_for_event (./tools/demux/demux_poll.c:77): callback returned error status
[proxy:0:6@worker06] main (./pm/pmiserv/pmip.c:206): demux engine error waiting for event
[proxy:0:7@worker07] HYD_pmcd_pmip_control_cmd_cb (./pm/pmiserv/pmip_cb.c:886): assert (!closed) failed
[proxy:0:7@worker07] HYDT_dmxu_poll_wait_for_event (./tools/demux/demux_poll.c:77): callback returned error status
[proxy:0:7@worker07] main (./pm/pmiserv/pmip.c:206): demux engine error waiting for event
[proxy:0:8@worker08] HYD_pmcd_pmip_control_cmd_cb (./pm/pmiserv/pmip_cb.c:886): assert (!closed) failed
[proxy:0:8@worker08] HYDT_dmxu_poll_wait_for_event (./tools/demux/demux_poll.c:77): callback returned error status
[proxy:0:8@worker08] main (./pm/pmiserv/pmip.c:206): demux engine error waiting for event
[proxy:0:9@worker09] HYD_pmcd_pmip_control_cmd_cb (./pm/pmiserv/pmip_cb.c:886): assert (!closed) failed
[proxy:0:9@worker09] HYDT_dmxu_poll_wait_for_event (./tools/demux/demux_poll.c:77): callback returned error status
[proxy:0:9@worker09] main (./pm/pmiserv/pmip.c:206): demux engine error waiting for event
[proxy:0:10@worker10] HYD_pmcd_pmip_control_cmd_cb (./pm/pmiserv/pmip_cb.c:886): assert (!closed) failed
[proxy:0:10@worker10] HYDT_dmxu_poll_wait_for_event (./tools/demux/demux_poll.c:77): callback returned error status
[proxy:0:10@worker10] main (./pm/pmiserv/pmip.c:206): demux engine error waiting for event
[proxy:0:11@worker11] HYD_pmcd_pmip_control_cmd_cb (./pm/pmiserv/pmip_cb.c:886): assert (!closed) failed
[proxy:0:11@worker11] HYDT_dmxu_poll_wait_for_event (./tools/demux/demux_poll.c:77): callback returned error status
[proxy:0:11@worker11] main (./pm/pmiserv/pmip.c:206): demux engine error waiting for event
[proxy:0:12@worker12] HYD_pmcd_pmip_control_cmd_cb (./pm/pmiserv/pmip_cb.c:886): assert (!closed) failed
[proxy:0:12@worker12] HYDT_dmxu_poll_wait_for_event (./tools/demux/demux_poll.c:77): callback returned error status
[proxy:0:12@worker12] main (./pm/pmiserv/pmip.c:206): demux engine error waiting for event
[proxy:0:13@worker13] HYD_pmcd_pmip_control_cmd_cb (./pm/pmiserv/pmip_cb.c:886): assert (!closed) failed
[proxy:0:13@worker13] HYDT_dmxu_poll_wait_for_event (./tools/demux/demux_poll.c:77): callback returned error status
[proxy:0:13@worker13] main (./pm/pmiserv/pmip.c:206): demux engine error waiting for event
[proxy:0:14@worker14] HYD_pmcd_pmip_control_cmd_cb (./pm/pmiserv/pmip_cb.c:886): assert (!closed) failed
[proxy:0:14@worker14] HYDT_dmxu_poll_wait_for_event (./tools/demux/demux_poll.c:77): callback returned error status
[proxy:0:14@worker14] main (./pm/pmiserv/pmip.c:206): demux engine error waiting for event
[proxy:0:15@worker15] HYD_pmcd_pmip_control_cmd_cb (./pm/pmiserv/pmip_cb.c:886): assert (!closed) failed
[proxy:0:15@worker15] HYDT_dmxu_poll_wait_for_event (./tools/demux/demux_poll.c:77): callback returned error status
[proxy:0:15@worker15] main (./pm/pmiserv/pmip.c:206): demux engine error waiting for event
[proxy:0:16@worker16] HYD_pmcd_pmip_control_cmd_cb (./pm/pmiserv/pmip_cb.c:886): assert (!closed) failed
[proxy:0:16@worker16] HYDT_dmxu_poll_wait_for_event (./tools/demux/demux_poll.c:77): callback returned error status
[proxy:0:16@worker16] main (./pm/pmiserv/pmip.c:206): demux engine error waiting for event
[proxy:0:17@worker17] HYD_pmcd_pmip_control_cmd_cb (./pm/pmiserv/pmip_cb.c:886): assert (!closed) failed
[proxy:0:17@worker17] HYDT_dmxu_poll_wait_for_event (./tools/demux/demux_poll.c:77): callback returned error status
[proxy:0:17@worker17] main (./pm/pmiserv/pmip.c:206): demux engine error waiting for event
[proxy:0:18@worker18] HYD_pmcd_pmip_control_cmd_cb (./pm/pmiserv/pmip_cb.c:886): assert (!closed) failed
[proxy:0:18@worker18] HYDT_dmxu_poll_wait_for_event (./tools/demux/demux_poll.c:77): callback returned error status
[proxy:0:18@worker18] main (./pm/pmiserv/pmip.c:206): demux engine error waiting for event
[proxy:0:19@worker19] HYD_pmcd_pmip_control_cmd_cb (./pm/pmiserv/pmip_cb.c:886): assert (!closed) failed
[proxy:0:19@worker19] HYDT_dmxu_poll_wait_for_event (./tools/demux/demux_poll.c:77): callback returned error status
[proxy:0:19@worker19] main (./pm/pmiserv/pmip.c:206): demux engine error waiting for event
[proxy:0:20@worker20] HYD_pmcd_pmip_control_cmd_cb (./pm/pmiserv/pmip_cb.c:886): assert (!closed) failed
[proxy:0:20@worker20] HYDT_dmxu_poll_wait_for_event (./tools/demux/demux_poll.c:77): callback returned error status
[proxy:0:20@worker20] main (./pm/pmiserv/pmip.c:206): demux engine error waiting for event
[proxy:0:21@worker21] HYD_pmcd_pmip_control_cmd_cb (./pm/pmiserv/pmip_cb.c:886): assert (!closed) failed
[proxy:0:21@worker21] HYDT_dmxu_poll_wait_for_event (./tools/demux/demux_poll.c:77): callback returned error status
[proxy:0:21@worker21] main (./pm/pmiserv/pmip.c:206): demux engine error waiting for event
[proxy:0:22@worker22] HYD_pmcd_pmip_control_cmd_cb (./pm/pmiserv/pmip_cb.c:886): assert (!closed) failed
[proxy:0:22@worker22] HYDT_dmxu_poll_wait_for_event (./tools/demux/demux_poll.c:77): callback returned error status
[proxy:0:22@worker22] main (./pm/pmiserv/pmip.c:206): demux engine error waiting for event
[proxy:0:23@worker23] HYD_pmcd_pmip_control_cmd_cb (./pm/pmiserv/pmip_cb.c:886): assert (!closed) failed
[proxy:0:23@worker23] HYDT_dmxu_poll_wait_for_event (./tools/demux/demux_poll.c:77): callback returned error status
[proxy:0:23@worker23] main (./pm/pmiserv/pmip.c:206): demux engine error waiting for event
[proxy:0:24@worker24] HYD_pmcd_pmip_control_cmd_cb (./pm/pmiserv/pmip_cb.c:886): assert (!closed) failed
[proxy:0:24@worker24] HYDT_dmxu_poll_wait_for_event (./tools/demux/demux_poll.c:77): callback returned error status
[proxy:0:24@worker24] main (./pm/pmiserv/pmip.c:206): demux engine error waiting for event
[proxy:0:25@worker25] HYD_pmcd_pmip_control_cmd_cb (./pm/pmiserv/pmip_cb.c:886): assert (!closed) failed
[proxy:0:25@worker25] HYDT_dmxu_poll_wait_for_event (./tools/demux/demux_poll.c:77): callback returned error status
[proxy:0:25@worker25] main (./pm/pmiserv/pmip.c:206): demux engine error waiting for event
[proxy:0:26@worker26] HYD_pmcd_pmip_control_cmd_cb (./pm/pmiserv/pmip_cb.c:886): assert (!closed) failed
[proxy:0:26@worker26] HYDT_dmxu_poll_wait_for_event (./tools/demux/demux_poll.c:77): callback returned error status
[proxy:0:26@worker26] main (./pm/pmiserv/pmip.c:206): demux engine error waiting for event
[proxy:0:27@worker27] HYD_pmcd_pmip_control_cmd_cb (./pm/pmiserv/pmip_cb.c:886): assert (!closed) failed
[proxy:0:27@worker27] HYDT_dmxu_poll_wait_for_event (./tools/demux/demux_poll.c:77): callback returned error status
[proxy:0:27@worker27] main (./pm/pmiserv/pmip.c:206): demux engine error waiting for event
[proxy:0:28@worker28] HYD_pmcd_pmip_control_cmd_cb (./pm/pmiserv/pmip_cb.c:886): assert (!closed) failed
[proxy:0:28@worker28] HYDT_dmxu_poll_wait_for_event (./tools/demux/demux_poll.c:77): callback returned error status
[proxy:0:28@worker28] main (./pm/pmiserv/pmip.c:206): demux engine error waiting for event
[proxy:0:29@worker29] HYD_pmcd_pmip_control_cmd_cb (./pm/pmiserv/pmip_cb.c:886): assert (!closed) failed
[proxy:0:29@worker29] HYDT_dmxu_poll_wait_for_event (./tools/demux/demux_poll.c:77): callback returned error status
[proxy:0:29@worker29] main (./pm/pmiserv/pmip.c:206): demux engine error waiting for event
[proxy:0:30@worker30] HYD_pmcd_pmip_control_cmd_cb (./pm/pmiserv/pmip_cb.c:886): assert (!closed) failed
[proxy:0:30@worker30] HYDT_dmxu_poll_wait_for_event (./tools/demux/demux_poll.c:77): callback returned error status
[proxy:0:30@worker30] main (./pm/pmiserv/pmip.c:206): demux engine error waiting for event
[proxy:0:31@worker31] HYD_pmcd_pmip_control_cmd_cb (./pm/pmiserv/pmip_cb.c:886): assert (!closed) failed
[proxy:0:31@worker31] HYDT_dmxu_poll_wait_for_event (./tools/demux/demux_poll.c:77): callback returned error status
[proxy:0:31@worker31] main (./pm/pmiserv/pmip.c:206): demux engine error waiting for event
[proxy:0:33@worker33] HYD_pmcd_pmip_control_cmd_cb (./pm/pmiserv/pmip_cb.c:886): assert (!closed) failed
[proxy:0:33@worker33] HYDT_dmxu_poll_wait_for_event (./tools/demux/demux_poll.c:77): callback returned error status
[proxy:0:33@worker33] main (./pm/pmiserv/pmip.c:206): demux engine error waiting for event
[proxy:0:34@worker34] HYD_pmcd_pmip_control_cmd_cb (./pm/pmiserv/pmip_cb.c:886): assert (!closed) failed
[proxy:0:34@worker34] HYDT_dmxu_poll_wait_for_event (./tools/demux/demux_poll.c:77): callback returned error status
[proxy:0:34@worker34] main (./pm/pmiserv/pmip.c:206): demux engine error waiting for event
[proxy:0:35@worker35] HYD_pmcd_pmip_control_cmd_cb (./pm/pmiserv/pmip_cb.c:886): assert (!closed) failed
[proxy:0:35@worker35] HYDT_dmxu_poll_wait_for_event (./tools/demux/demux_poll.c:77): callback returned error status
[proxy:0:35@worker35] main (./pm/pmiserv/pmip.c:206): demux engine error waiting for event
[proxy:0:36@worker36] HYD_pmcd_pmip_control_cmd_cb (./pm/pmiserv/pmip_cb.c:886): assert (!closed) failed
[proxy:0:36@worker36] HYDT_dmxu_poll_wait_for_event (./tools/demux/demux_poll.c:77): callback returned error status
[proxy:0:36@worker36] main (./pm/pmiserv/pmip.c:206): demux engine error waiting for event
[proxy:0:37@worker37] HYD_pmcd_pmip_control_cmd_cb (./pm/pmiserv/pmip_cb.c:886): assert (!closed) failed
[proxy:0:37@worker37] HYDT_dmxu_poll_wait_for_event (./tools/demux/demux_poll.c:77): callback returned error status
[proxy:0:37@worker37] main (./pm/pmiserv/pmip.c:206): demux engine error waiting for event
[proxy:0:38@worker38] HYD_pmcd_pmip_control_cmd_cb (./pm/pmiserv/pmip_cb.c:886): assert (!closed) failed
[proxy:0:38@worker38] HYDT_dmxu_poll_wait_for_event (./tools/demux/demux_poll.c:77): callback returned error status
[proxy:0:38@worker38] main (./pm/pmiserv/pmip.c:206): demux engine error waiting for event
[proxy:0:39@worker39] HYD_pmcd_pmip_control_cmd_cb (./pm/pmiserv/pmip_cb.c:886): assert (!closed) failed
[proxy:0:39@worker39] HYDT_dmxu_poll_wait_for_event (./tools/demux/demux_poll.c:77): callback returned error status
[proxy:0:39@worker39] main (./pm/pmiserv/pmip.c:206): demux engine error waiting for event
[proxy:0:40@worker40] HYD_pmcd_pmip_control_cmd_cb (./pm/pmiserv/pmip_cb.c:886): assert (!closed) failed
[proxy:0:40@worker40] HYDT_dmxu_poll_wait_for_event (./tools/demux/demux_poll.c:77): callback returned error status
[proxy:0:40@worker40] main (./pm/pmiserv/pmip.c:206): demux engine error waiting for event
[proxy:0:42@worker42] HYD_pmcd_pmip_control_cmd_cb (./pm/pmiserv/pmip_cb.c:886): assert (!closed) failed
[proxy:0:42@worker42] HYDT_dmxu_poll_wait_for_event (./tools/demux/demux_poll.c:77): callback returned error status
[proxy:0:42@worker42] main (./pm/pmiserv/pmip.c:206): demux engine error waiting for event
[proxy:0:43@worker43] HYD_pmcd_pmip_control_cmd_cb (./pm/pmiserv/pmip_cb.c:886): assert (!closed) failed
[proxy:0:43@worker43] HYDT_dmxu_poll_wait_for_event (./tools/demux/demux_poll.c:77): callback returned error status
[proxy:0:43@worker43] main (./pm/pmiserv/pmip.c:206): demux engine error waiting for event
[proxy:0:44@worker44] HYD_pmcd_pmip_control_cmd_cb (./pm/pmiserv/pmip_cb.c:886): assert (!closed) failed
[proxy:0:44@worker44] HYDT_dmxu_poll_wait_for_event (./tools/demux/demux_poll.c:77): callback returned error status
[proxy:0:44@worker44] main (./pm/pmiserv/pmip.c:206): demux engine error waiting for event
[proxy:0:45@worker45] HYD_pmcd_pmip_control_cmd_cb (./pm/pmiserv/pmip_cb.c:886): assert (!closed) failed
[proxy:0:45@worker45] HYDT_dmxu_poll_wait_for_event (./tools/demux/demux_poll.c:77): callback returned error status
[proxy:0:45@worker45] main (./pm/pmiserv/pmip.c:206): demux engine error waiting for event
[mpiexec@master] HYDT_bscu_wait_for_completion (./tools/bootstrap/utils/bscu_wait.c:76): one of the processes terminated badly; aborting
[mpiexec@master] HYDT_bsci_wait_for_completion (./tools/bootstrap/src/bsci_wait.c:23): launcher returned error waiting for completion
[mpiexec@master] HYD_pmci_wait_for_completion (./pm/pmiserv/pmiserv_pmci.c:217): launcher returned error waiting for completion
[mpiexec@master] main (./ui/mpich/mpiexec.c:331): process manager error waiting for completion
