mpiexec -n 1024  -f machinefile /home/cc/tessinstall.cgal/examples/tess/delaunay 1024 -1 256 256 256 2.0 -1.0 -1.0 0 0 del.out
[0]: Time for round 1 = 0.302753 s
[0]: Time for round 2 = 0.591696 s
[0]: Time for round 3 = 1.684755 s
[0]: Time for round 4 = 1.728238 s
[0]: Time for round 5 = 1.805925 s
[0]: Time for round 6 = 1.839515 s
Fatal error in PMPI_Test: Other MPI error, error stack:
PMPI_Test(166)...............: MPI_Test(request=0x2bdee60, flag=0x7ffcb8ebb1e0, status=0x7ffcb8ebb2b0) failed
MPIDI_CH3I_Progress(367).....: 
MPID_nem_mpich_test_recv(754): 
MPID_nem_tcp_connpoll(1838)..: 
state_listening_handler(1906): accept of socket fd failed - Too many open files
Fatal error in PMPI_Test: A process has failed, error stack:
PMPI_Test(166).............: MPI_Test(request=0x1ae8b60, flag=0x7fffed935250, status=0x7fffed935320) failed
MPIR_Test_impl(65).........: 
MPID_nem_tcp_connpoll(1826): Communication error with rank 423: Connection reset by peer
Fatal error in PMPI_Test: A process has failed, error stack:
PMPI_Test(166).............: MPI_Test(request=0x26c74d0, flag=0x7ffddd17c7e0, status=0x7ffddd17c8b0) failed
MPIR_Test_impl(65).........: 
MPID_nem_tcp_connpoll(1826): Communication error with rank 423: Connection reset by peer
Fatal error in PMPI_Test: A process has failed, error stack:
PMPI_Test(166).............: MPI_Test(request=0x2b34f70, flag=0x7ffdd60a9ad0, status=0x7ffdd60a9ba0) failed
MPIR_Test_impl(65).........: 
MPID_nem_tcp_connpoll(1826): Communication error with rank 423: Connection reset by peer
Fatal error in PMPI_Test: A process has failed, error stack:
PMPI_Test(166).............: MPI_Test(request=0x2366550, flag=0x7fffbe5c6420, status=0x7fffbe5c64f0) failed
MPIR_Test_impl(65).........: 
MPID_nem_tcp_connpoll(1826): Communication error with rank 423: Connection reset by peer
Fatal error in PMPI_Test: A process has failed, error stack:
PMPI_Test(166).............: MPI_Test(request=0x207e200, flag=0x7ffd23674170, status=0x7ffd23674240) failed
MPIR_Test_impl(65).........: 
MPID_nem_tcp_connpoll(1826): Communication error with rank 423: Connection reset by peer
Fatal error in PMPI_Test: A process has failed, error stack:
PMPI_Test(166).............: MPI_Test(request=0x1167ee0, flag=0x7ffc61c77770, status=0x7ffc61c77840) failed
MPIR_Test_impl(65).........: 
MPID_nem_tcp_connpoll(1826): Communication error with rank 423: Connection reset by peer
Fatal error in PMPI_Test: A process has failed, error stack:
PMPI_Test(166).............: MPI_Test(request=0x256aab0, flag=0x7ffdc6506d30, status=0x7ffdc6506e00) failed
MPIR_Test_impl(65).........: 
MPID_nem_tcp_connpoll(1826): Communication error with rank 423: Connection reset by peer
Fatal error in PMPI_Test: A process has failed, error stack:
PMPI_Test(166).............: MPI_Test(request=0x2465030, flag=0x7ffee4bd88d0, status=0x7ffee4bd89a0) failed
MPIR_Test_impl(65).........: 
MPID_nem_tcp_connpoll(1826): Communication error with rank 423: Connection reset by peer
Fatal error in PMPI_Test: A process has failed, error stack:
PMPI_Test(166).............: MPI_Test(request=0x1f64f20, flag=0x7ffe0415e650, status=0x7ffe0415e720) failed
MPIR_Test_impl(65).........: 
MPID_nem_tcp_connpoll(1826): Communication error with rank 423: Connection reset by peer
Fatal error in PMPI_Test: A process has failed, error stack:
PMPI_Test(166).............: MPI_Test(request=0x1115dc0, flag=0x7ffc300adb30, status=0x7ffc300adc00) failed
MPIR_Test_impl(65).........: 
MPID_nem_tcp_connpoll(1826): Communication error with rank 423: Connection reset by peer
Fatal error in PMPI_Test: A process has failed, error stack:
PMPI_Test(166).............: MPI_Test(request=0x1dc7a20, flag=0x7ffd5da74000, status=0x7ffd5da740d0) failed
MPIR_Test_impl(65).........: 
MPID_nem_tcp_connpoll(1826): Communication error with rank 423: Connection reset by peer
Fatal error in PMPI_Test: A process has failed, error stack:
PMPI_Test(166).............: MPI_Test(request=0x11f3d00, flag=0x7ffc1c90c7b0, status=0x7ffc1c90c880) failed
MPIR_Test_impl(65).........: 
MPID_nem_tcp_connpoll(1826): Communication error with rank 423: Connection reset by peer
Fatal error in PMPI_Test: A process has failed, error stack:
PMPI_Test(166).............: MPI_Test(request=0x2301fd0, flag=0x7ffeadee2a80, status=0x7ffeadee2b50) failed
MPIR_Test_impl(65).........: 
MPID_nem_tcp_connpoll(1826): Communication error with rank 423: Connection reset by peer
Fatal error in PMPI_Test: A process has failed, error stack:
PMPI_Test(166).............: MPI_Test(request=0x28eae50, flag=0x7fffe4fc2380, status=0x7fffe4fc2450) failed
MPIR_Test_impl(65).........: 
MPID_nem_tcp_connpoll(1826): Communication error with rank 423: Connection reset by peer
Fatal error in PMPI_Test: A process has failed, error stack:
PMPI_Test(166).............: MPI_Test(request=0x29816c0, flag=0x7ffd8ad86600, status=0x7ffd8ad866d0) failed
MPIR_Test_impl(65).........: 
MPID_nem_tcp_connpoll(1826): Communication error with rank 423: Connection reset by peer
Fatal error in PMPI_Test: A process has failed, error stack:
PMPI_Test(166).............: MPI_Test(request=0xf73330, flag=0x7ffe69d3d6a0, status=0x7ffe69d3d770) failed
MPIR_Test_impl(65).........: 
MPID_nem_tcp_connpoll(1826): Communication error with rank 423: Connection reset by peer
Fatal error in PMPI_Test: A process has failed, error stack:
PMPI_Test(166).............: MPI_Test(request=0x15efb80, flag=0x7fff4b8be5f0, status=0x7fff4b8be6c0) failed
MPIR_Test_impl(65).........: 
MPID_nem_tcp_connpoll(1826): Communication error with rank 423: Connection reset by peer
Fatal error in PMPI_Test: A process has failed, error stack:
PMPI_Test(166).............: MPI_Test(request=0xb7fa80, flag=0x7ffe5f103e60, status=0x7ffe5f103f30) failed
MPIR_Test_impl(65).........: 
MPID_nem_tcp_connpoll(1826): Communication error with rank 423: Connection reset by peer
Fatal error in PMPI_Test: A process has failed, error stack:
PMPI_Test(166).............: MPI_Test(request=0xa7d2b0, flag=0x7fff7da7ab90, status=0x7fff7da7ac60) failed
MPIR_Test_impl(65).........: 
MPID_nem_tcp_connpoll(1826): Communication error with rank 423: Connection reset by peer
Fatal error in PMPI_Test: A process has failed, error stack:
PMPI_Test(166).............: MPI_Test(request=0x1592a30, flag=0x7ffe83fc56e0, status=0x7ffe83fc57b0) failed
MPIR_Test_impl(65).........: 
MPID_nem_tcp_connpoll(1826): Communication error with rank 423: Connection reset by peer
Fatal error in PMPI_Test: A process has failed, error stack:
PMPI_Test(166).............: MPI_Test(request=0x2f3f750, flag=0x7ffc6f084ed0, status=0x7ffc6f084fa0) failed
MPIR_Test_impl(65).........: 
MPID_nem_tcp_connpoll(1826): Communication error with rank 423: Connection reset by peer
Fatal error in PMPI_Test: A process has failed, error stack:
PMPI_Test(166).............: MPI_Test(request=0x1f51af0, flag=0x7ffc8a863300, status=0x7ffc8a8633d0) failed
MPIR_Test_impl(65).........: 
MPID_nem_tcp_connpoll(1826): Communication error with rank 423: Connection reset by peer
Fatal error in PMPI_Test: A process has failed, error stack:
PMPI_Test(166).............: MPI_Test(request=0xc415d0, flag=0x7ffc5c3b8750, status=0x7ffc5c3b8820) failed
MPIR_Test_impl(65).........: 
MPID_nem_tcp_connpoll(1826): Communication error with rank 423: Connection reset by peer
Fatal error in PMPI_Test: A process has failed, error stack:
PMPI_Test(166).............: MPI_Test(request=0x257e070, flag=0x7ffd062e4b20, status=0x7ffd062e4bf0) failed
MPIR_Test_impl(65).........: 
MPID_nem_tcp_connpoll(1826): Communication error with rank 423: Connection reset by peer
Fatal error in PMPI_Test: A process has failed, error stack:
PMPI_Test(166).............: MPI_Test(request=0x2b07420, flag=0x7fff514efa30, status=0x7fff514efb00) failed
MPIR_Test_impl(65).........: 
MPID_nem_tcp_connpoll(1826): Communication error with rank 423: Connection reset by peer
Fatal error in PMPI_Test: A process has failed, error stack:
PMPI_Test(166).............: MPI_Test(request=0x1413540, flag=0x7fff13a2ee50, status=0x7fff13a2ef20) failed
MPIR_Test_impl(65).........: 
MPID_nem_tcp_connpoll(1826): Communication error with rank 423: Connection reset by peer
Fatal error in PMPI_Test: A process has failed, error stack:
PMPI_Test(166).............: MPI_Test(request=0x125cc80, flag=0x7ffc3b514360, status=0x7ffc3b514430) failed
MPIR_Test_impl(65).........: 
MPID_nem_tcp_connpoll(1826): Communication error with rank 423: Connection reset by peer
Fatal error in PMPI_Test: A process has failed, error stack:
PMPI_Test(166).............: MPI_Test(request=0x1b34e80, flag=0x7ffcc7561820, status=0x7ffcc75618f0) failed
MPIR_Test_impl(65).........: 
MPID_nem_tcp_connpoll(1826): Communication error with rank 423: Connection reset by peer
Fatal error in PMPI_Test: A process has failed, error stack:
PMPI_Test(166).............: MPI_Test(request=0x26000c0, flag=0x7fff1de87bf0, status=0x7fff1de87cc0) failed
MPIR_Test_impl(65).........: 
MPID_nem_tcp_connpoll(1826): Communication error with rank 423: Connection reset by peer
Fatal error in PMPI_Test: A process has failed, error stack:
PMPI_Test(166).............: MPI_Test(request=0x1bcb120, flag=0x7fffd73b8130, status=0x7fffd73b8200) failed
MPIR_Test_impl(65).........: 
MPID_nem_tcp_connpoll(1826): Communication error with rank 423: Connection reset by peer
Fatal error in PMPI_Test: A process has failed, error stack:
PMPI_Test(166).............: MPI_Test(request=0x2918ae0, flag=0x7ffdc0787400, status=0x7ffdc07874d0) failed
MPIR_Test_impl(65).........: 
MPID_nem_tcp_connpoll(1826): Communication error with rank 423: Connection reset by peer
Fatal error in PMPI_Test: A process has failed, error stack:
PMPI_Test(166).............: MPI_Test(request=0x11b1c50, flag=0x7fff83ae7d30, status=0x7fff83ae7e00) failed
MPIR_Test_impl(65).........: 
MPID_nem_tcp_connpoll(1826): Communication error with rank 423: Connection reset by peer
Fatal error in PMPI_Test: A process has failed, error stack:
PMPI_Test(166).............: MPI_Test(request=0x1b2c670, flag=0x7ffe22013970, status=0x7ffe22013a40) failed
MPIR_Test_impl(65).........: 
MPID_nem_tcp_connpoll(1826): Communication error with rank 423: Connection reset by peer
Fatal error in PMPI_Test: A process has failed, error stack:
PMPI_Test(166).............: MPI_Test(request=0x1b3ea50, flag=0x7ffe2c34ae20, status=0x7ffe2c34aef0) failed
MPIR_Test_impl(65).........: 
MPID_nem_tcp_connpoll(1826): Communication error with rank 423: Connection reset by peer
Fatal error in PMPI_Test: A process has failed, error stack:
PMPI_Test(166).............: MPI_Test(request=0x2a8f390, flag=0x7fff94cbdd40, status=0x7fff94cbde10) failed
MPIR_Test_impl(65).........: 
MPID_nem_tcp_connpoll(1826): Communication error with rank 423: Connection reset by peer
Fatal error in PMPI_Test: A process has failed, error stack:
PMPI_Test(166).............: MPI_Test(request=0x2f36750, flag=0x7ffedf0a72d0, status=0x7ffedf0a73a0) failed
MPIR_Test_impl(65).........: 
MPID_nem_tcp_connpoll(1826): Communication error with rank 423: Connection reset by peer
Fatal error in PMPI_Test: A process has failed, error stack:
PMPI_Test(166).............: MPI_Test(request=0x1e71210, flag=0x7ffdf7a0daa0, status=0x7ffdf7a0db70) failed
MPIR_Test_impl(65).........: 
MPID_nem_tcp_connpoll(1826): Communication error with rank 423: Connection reset by peer
Fatal error in PMPI_Test: A process has failed, error stack:
PMPI_Test(166).............: MPI_Test(request=0x2f398a0, flag=0x7fff84961d20, status=0x7fff84961df0) failed
MPIR_Test_impl(65).........: 
MPID_nem_tcp_connpoll(1826): Communication error with rank 423: Connection reset by peer
Fatal error in PMPI_Test: A process has failed, error stack:
PMPI_Test(166).............: MPI_Test(request=0x1e70dd0, flag=0x7ffd31d65f80, status=0x7ffd31d66050) failed
MPIR_Test_impl(65).........: 
MPID_nem_tcp_connpoll(1826): Communication error with rank 423: Connection reset by peer
Fatal error in PMPI_Test: A process has failed, error stack:
PMPI_Test(166).............: MPI_Test(request=0x198ded0, flag=0x7ffe867d2ba0, status=0x7ffe867d2c70) failed
MPIR_Test_impl(65).........: 
MPID_nem_tcp_connpoll(1826): Communication error with rank 423: Connection reset by peer
Fatal error in PMPI_Test: A process has failed, error stack:
PMPI_Test(166).............: MPI_Test(request=0x15f89e0, flag=0x7ffd718af170, status=0x7ffd718af240) failed
MPIR_Test_impl(65).........: 
MPID_nem_tcp_connpoll(1826): Communication error with rank 423: Connection reset by peer
Fatal error in PMPI_Test: A process has failed, error stack:
PMPI_Test(166).............: MPI_Test(request=0x2bb9490, flag=0x7ffc7c7f5db0, status=0x7ffc7c7f5e80) failed
MPIR_Test_impl(65).........: 
MPID_nem_tcp_connpoll(1826): Communication error with rank 423: Connection reset by peer
Fatal error in PMPI_Test: A process has failed, error stack:
PMPI_Test(166).............: MPI_Test(request=0x2c78ea0, flag=0x7ffccf5dac30, status=0x7ffccf5dad00) failed
MPIR_Test_impl(65).........: 
MPID_nem_tcp_connpoll(1826): Communication error with rank 423: Connection reset by peer
Fatal error in PMPI_Test: A process has failed, error stack:
PMPI_Test(166).............: MPI_Test(request=0x1cafa00, flag=0x7ffc199bf710, status=0x7ffc199bf7e0) failed
MPIR_Test_impl(65).........: 
MPID_nem_tcp_connpoll(1826): Communication error with rank 423: Connection reset by peer
Fatal error in PMPI_Test: A process has failed, error stack:
PMPI_Test(166).............: MPI_Test(request=0x3051280, flag=0x7fffb3c7b8d0, status=0x7fffb3c7b9a0) failed
MPIR_Test_impl(65).........: 
MPID_nem_tcp_connpoll(1826): Communication error with rank 423: Connection reset by peer
Fatal error in PMPI_Test: A process has failed, error stack:
PMPI_Test(166).............: MPI_Test(request=0x14ed0f0, flag=0x7ffcbaaa84c0, status=0x7ffcbaaa8590) failed
MPIR_Test_impl(65).........: 
MPID_nem_tcp_connpoll(1826): Communication error with rank 423: Connection reset by peer
Fatal error in PMPI_Test: A process has failed, error stack:
PMPI_Test(166).............: MPI_Test(request=0x2042fa0, flag=0x7fffde58de60, status=0x7fffde58df30) failed
MPIR_Test_impl(65).........: 
MPID_nem_tcp_connpoll(1826): Communication error with rank 423: Connection reset by peer
Fatal error in PMPI_Test: A process has failed, error stack:
PMPI_Test(166).............: MPI_Test(request=0x214fcb0, flag=0x7ffe6517f010, status=0x7ffe6517f0e0) failed
MPIR_Test_impl(65).........: 
MPID_nem_tcp_connpoll(1826): Communication error with rank 423: Connection reset by peer
Fatal error in PMPI_Test: A process has failed, error stack:
PMPI_Test(166).............: MPI_Test(request=0x1f95440, flag=0x7ffd6ff65ae0, status=0x7ffd6ff65bb0) failed
MPIR_Test_impl(65).........: 
MPID_nem_tcp_connpoll(1826): Communication error with rank 423: Connection reset by peer
Fatal error in PMPI_Test: A process has failed, error stack:
PMPI_Test(166).............: MPI_Test(request=0x2d57630, flag=0x7ffe6710bb00, status=0x7ffe6710bbd0) failed
MPIR_Test_impl(65).........: 
MPID_nem_tcp_connpoll(1826): Communication error with rank 423: Connection reset by peer
Fatal error in PMPI_Test: A process has failed, error stack:
PMPI_Test(166).............: MPI_Test(request=0x2b52c40, flag=0x7fffd81694a0, status=0x7fffd8169570) failed
MPIR_Test_impl(65).........: 
MPID_nem_tcp_connpoll(1826): Communication error with rank 423: Connection reset by peer
Fatal error in PMPI_Test: A process has failed, error stack:
PMPI_Test(166).............: MPI_Test(request=0x1309650, flag=0x7fff9cfbaeb0, status=0x7fff9cfbaf80) failed
MPIR_Test_impl(65).........: 
MPID_nem_tcp_connpoll(1826): Communication error with rank 423: Connection reset by peer
Fatal error in PMPI_Test: A process has failed, error stack:
PMPI_Test(166).............: MPI_Test(request=0x1c1d240, flag=0x7ffd2dd6e670, status=0x7ffd2dd6e740) failed
MPIR_Test_impl(65).........: 
MPID_nem_tcp_connpoll(1826): Communication error with rank 423: Connection reset by peer
Fatal error in PMPI_Test: A process has failed, error stack:
PMPI_Test(166).............: MPI_Test(request=0x2578ef0, flag=0x7ffd948fd770, status=0x7ffd948fd840) failed
MPIR_Test_impl(65).........: 
MPID_nem_tcp_connpoll(1826): Communication error with rank 423: Connection reset by peer
Fatal error in PMPI_Test: A process has failed, error stack:
PMPI_Test(166).............: MPI_Test(request=0x137b880, flag=0x7ffc535e2f80, status=0x7ffc535e3050) failed
MPIR_Test_impl(65).........: 
MPID_nem_tcp_connpoll(1826): Communication error with rank 423: Connection reset by peer
Fatal error in PMPI_Test: A process has failed, error stack:
PMPI_Test(166).............: MPI_Test(request=0x1832290, flag=0x7ffd280c1590, status=0x7ffd280c1660) failed
MPIR_Test_impl(65).........: 
MPID_nem_tcp_connpoll(1826): Communication error with rank 423: Connection reset by peer
Fatal error in PMPI_Test: A process has failed, error stack:
PMPI_Test(166).............: MPI_Test(request=0x2b71090, flag=0x7fff75c14280, status=0x7fff75c14350) failed
MPIR_Test_impl(65).........: 
MPID_nem_tcp_connpoll(1826): Communication error with rank 423: Connection reset by peer
Fatal error in PMPI_Test: A process has failed, error stack:
PMPI_Test(166).............: MPI_Test(request=0x2989150, flag=0x7fffc4189b00, status=0x7fffc4189bd0) failed
MPIR_Test_impl(65).........: 
MPID_nem_tcp_connpoll(1826): Communication error with rank 423: Connection reset by peer
Fatal error in PMPI_Test: A process has failed, error stack:
PMPI_Test(166).............: MPI_Test(request=0x153fa00, flag=0x7ffef9cd5120, status=0x7ffef9cd51f0) failed
MPIR_Test_impl(65).........: 
MPID_nem_tcp_connpoll(1826): Communication error with rank 423: Connection reset by peer
Fatal error in PMPI_Test: A process has failed, error stack:
PMPI_Test(166).............: MPI_Test(request=0x302c290, flag=0x7ffcb404afa0, status=0x7ffcb404b070) failed
MPIR_Test_impl(65).........: 
MPID_nem_tcp_connpoll(1826): Communication error with rank 423: Connection reset by peer
Fatal error in PMPI_Test: A process has failed, error stack:
PMPI_Test(166).............: MPI_Test(request=0x238e0d0, flag=0x7fff321d7610, status=0x7fff321d76e0) failed
MPIR_Test_impl(65).........: 
MPID_nem_tcp_connpoll(1826): Communication error with rank 423: Connection reset by peer
Fatal error in PMPI_Test: A process has failed, error stack:
PMPI_Test(166).............: MPI_Test(request=0x1287e10, flag=0x7fff240cd3a0, status=0x7fff240cd470) failed
MPIR_Test_impl(65).........: 
MPID_nem_tcp_connpoll(1826): Communication error with rank 423: Connection reset by peer
Fatal error in PMPI_Test: A process has failed, error stack:
PMPI_Test(166).............: MPI_Test(request=0x143f680, flag=0x7ffdcf4bce90, status=0x7ffdcf4bcf60) failed
MPIR_Test_impl(65).........: 
MPID_nem_tcp_connpoll(1826): Communication error with rank 423: Connection reset by peer
Fatal error in PMPI_Test: A process has failed, error stack:
PMPI_Test(166).............: MPI_Test(request=0x16e3880, flag=0x7ffe3b347c30, status=0x7ffe3b347d00) failed
MPIR_Test_impl(65).........: 
MPID_nem_tcp_connpoll(1826): Communication error with rank 423: Connection reset by peer
Fatal error in PMPI_Test: A process has failed, error stack:
PMPI_Test(166).............: MPI_Test(request=0x2a55810, flag=0x7ffd56d766a0, status=0x7ffd56d76770) failed
MPIR_Test_impl(65).........: 
MPID_nem_tcp_connpoll(1826): Communication error with rank 423: Connection reset by peer
Fatal error in PMPI_Test: A process has failed, error stack:
PMPI_Test(166).............: MPI_Test(request=0x246f960, flag=0x7ffc9a738060, status=0x7ffc9a738130) failed
MPIR_Test_impl(65).........: 
MPID_nem_tcp_connpoll(1826): Communication error with rank 423: Connection reset by peer
Fatal error in PMPI_Test: A process has failed, error stack:
PMPI_Test(166).............: MPI_Test(request=0x2bfd470, flag=0x7fffeaf716c0, status=0x7fffeaf71790) failed
MPIR_Test_impl(65).........: 
MPID_nem_tcp_connpoll(1826): Communication error with rank 423: Connection reset by peer
Fatal error in PMPI_Test: A process has failed, error stack:
PMPI_Test(166).............: MPI_Test(request=0x20d48e0, flag=0x7ffef34a5b20, status=0x7ffef34a5bf0) failed
MPIR_Test_impl(65).........: 
MPID_nem_tcp_connpoll(1826): Communication error with rank 423: Connection reset by peer
Fatal error in PMPI_Test: A process has failed, error stack:
PMPI_Test(166).............: MPI_Test(request=0x21d53e0, flag=0x7ffc15429030, status=0x7ffc15429100) failed
MPIR_Test_impl(65).........: 
MPID_nem_tcp_connpoll(1826): Communication error with rank 423: Connection reset by peer
Fatal error in PMPI_Test: A process has failed, error stack:
PMPI_Test(166).............: MPI_Test(request=0x1533420, flag=0x7ffe60ed64e0, status=0x7ffe60ed65b0) failed
MPIR_Test_impl(65).........: 
MPID_nem_tcp_connpoll(1826): Communication error with rank 423: Connection reset by peer
Fatal error in PMPI_Test: A process has failed, error stack:
PMPI_Test(166).............: MPI_Test(request=0x2249600, flag=0x7ffdea8b0360, status=0x7ffdea8b0430) failed
MPIR_Test_impl(65).........: 
MPID_nem_tcp_connpoll(1826): Communication error with rank 423: Connection reset by peer
Fatal error in PMPI_Test: A process has failed, error stack:
PMPI_Test(166).............: MPI_Test(request=0x249e000, flag=0x7ffdc2fd4a80, status=0x7ffdc2fd4b50) failed
MPIR_Test_impl(65).........: 
MPID_nem_tcp_connpoll(1826): Communication error with rank 423: Connection reset by peer
Fatal error in PMPI_Test: A process has failed, error stack:
PMPI_Test(166).............: MPI_Test(request=0x2885a50, flag=0x7ffd34854460, status=0x7ffd34854530) failed
MPIR_Test_impl(65).........: 
MPID_nem_tcp_connpoll(1826): Communication error with rank 123: Connection reset by peer
Fatal error in PMPI_Test: A process has failed, error stack:
PMPI_Test(166).............: MPI_Test(request=0x14acea0, flag=0x7ffc573244d0, status=0x7ffc573245a0) failed
MPIR_Test_impl(65).........: 
MPID_nem_tcp_connpoll(1826): Communication error with rank 123: Connection reset by peer
Fatal error in PMPI_Test: A process has failed, error stack:
PMPI_Test(166).............: MPI_Test(request=0x2cbde90, flag=0x7fff7f6706a0, status=0x7fff7f670770) failed
MPIR_Test_impl(65).........: 
MPID_nem_tcp_connpoll(1826): Communication error with rank 52: Connection reset by peer
Fatal error in PMPI_Test: A process has failed, error stack:
PMPI_Test(166).............: MPI_Test(request=0x27943c0, flag=0x7ffd0a0511b0, status=0x7ffd0a051280) failed
MPIR_Test_impl(65).........: 
MPID_nem_tcp_connpoll(1826): Communication error with rank 115: Connection reset by peer
Fatal error in PMPI_Test: A process has failed, error stack:
PMPI_Test(166).............: MPI_Test(request=0x2203990, flag=0x7ffd652abc10, status=0x7ffd652abce0) failed
MPIR_Test_impl(65).........: 
MPID_nem_tcp_connpoll(1826): Communication error with rank 423: Connection reset by peer
Fatal error in PMPI_Test: A process has failed, error stack:
PMPI_Test(166).............: MPI_Test(request=0x1a7c970, flag=0x7ffd58aa7660, status=0x7ffd58aa7730) failed
MPIR_Test_impl(65).........: 
MPID_nem_tcp_connpoll(1826): Communication error with rank 916: Connection reset by peer
INTERNAL ERROR: invalid error code 14e06c36 (Ring ids do not match) in MPIR_Test_impl:65
Fatal error in PMPI_Test: A process has failed, error stack:
PMPI_Test(166).............: MPI_Test(request=0x1693d30, flag=0x7fffddcec980, status=0x7fffddceca50) failed
MPIR_Test_impl(65).........: 
MPID_nem_tcp_connpoll(1826): Communication error with rank 8: Connection reset by peer
Fatal error in PMPI_Test: Other MPI error, error stack:
PMPI_Test(166)....: MPI_Test(request=0x23dcb10, flag=0x7fff69d577c0, status=0x7fff69d57890) failed
MPIR_Test_impl(65): 
Fatal error in PMPI_Test: A process has failed, error stack:
PMPI_Test(166).............: MPI_Test(request=0x2c94bc0, flag=0x7fff4bea9f50, status=0x7fff4beaa020) failed
MPIR_Test_impl(65).........: 
MPID_nem_tcp_connpoll(1826): Communication error with rank 52: Connection reset by peer
Fatal error in PMPI_Test: A process has failed, error stack:
PMPI_Test(166).............: MPI_Test(request=0x1998760, flag=0x7ffd19f28410, status=0x7ffd19f284e0) failed
MPIR_Test_impl(65).........: 
MPID_nem_tcp_connpoll(1826): Communication error with rank 268: Connection reset by peer
Fatal error in PMPI_Test: A process has failed, error stack:
PMPI_Test(166).............: MPI_Test(request=0x11fb3c0, flag=0x7ffe3a18eeb0, status=0x7ffe3a18ef80) failed
MPIR_Test_impl(65).........: 
MPID_nem_tcp_connpoll(1826): Communication error with rank 8: Connection reset by peer
Fatal error in PMPI_Test: A process has failed, error stack:
PMPI_Test(166).............: MPI_Test(request=0x17c8620, flag=0x7ffe268b69d0, status=0x7ffe268b6aa0) failed
MPIR_Test_impl(65).........: 
MPID_nem_tcp_connpoll(1826): Communication error with rank 637: Connection reset by peer
Fatal error in PMPI_Test: A process has failed, error stack:
PMPI_Test(166).............: MPI_Test(request=0x23ad280, flag=0x7ffd8e898190, status=0x7ffd8e898260) failed
MPIR_Test_impl(65).........: 
MPID_nem_tcp_connpoll(1826): Communication error with rank 52: Connection reset by peer
INTERNAL ERROR: invalid error code c386c36 (Ring ids do not match) in MPIR_Test_impl:65
Fatal error in PMPI_Test: A process has failed, error stack:
PMPI_Test(166).............: MPI_Test(request=0x2b69920, flag=0x7ffc3b5f5530, status=0x7ffc3b5f5600) failed
MPIR_Test_impl(65).........: 
MPID_nem_tcp_connpoll(1826): Communication error with rank 916: Connection reset by peer
Fatal error in PMPI_Test: A process has failed, error stack:
PMPI_Test(166).............: MPI_Test(request=0x3098d80, flag=0x7ffec79f7510, status=0x7ffec79f75e0) failed
MPIR_Test_impl(65).........: 
MPID_nem_tcp_connpoll(1826): Communication error with rank 635: Connection reset by peer
Fatal error in PMPI_Test: A process has failed, error stack:
PMPI_Test(166).............: MPI_Test(request=0x15b01d0, flag=0x7fff8f45b060, status=0x7fff8f45b130) failed
MPIR_Test_impl(65).........: 
MPID_nem_tcp_connpoll(1826): Communication error with rank 938: Connection reset by peer
Fatal error in PMPI_Test: A process has failed, error stack:
PMPI_Test(166).............: MPI_Test(request=0x28f0540, flag=0x7ffdb6d7e200, status=0x7ffdb6d7e2d0) failed
MPIR_Test_impl(65).........: 
MPID_nem_tcp_connpoll(1826): Communication error with rank 50: Connection reset by peer
Fatal error in PMPI_Test: A process has failed, error stack:
PMPI_Test(166).............: MPI_Test(request=0x2adae80, flag=0x7ffd124fd6d0, status=0x7ffd124fd7a0) failed
MPIR_Test_impl(65).........: 
MPID_nem_tcp_connpoll(1826): Communication error with rank 938: Connection reset by peer
INTERNAL ERROR: invalid error code 11206c36 (Ring ids do not match) in MPIR_Test_impl:65
Fatal error in PMPI_Test: Other MPI error, error stack:
PMPI_Test(166)....: MPI_Test(request=0x3be9480, flag=0x7ffe456f00a0, status=0x7ffe456f0170) failed
MPIR_Test_impl(65): 
Fatal error in PMPI_Test: A process has failed, error stack:
PMPI_Test(166).............: MPI_Test(request=0x239d9f0, flag=0x7ffcff01e730, status=0x7ffcff01e800) failed
MPIR_Test_impl(65).........: 
MPID_nem_tcp_connpoll(1826): Communication error with rank 915: Connection reset by peer
Fatal error in PMPI_Test: A process has failed, error stack:
PMPI_Test(166).............: MPI_Test(request=0x142cc60, flag=0x7ffc82a3da10, status=0x7ffc82a3dae0) failed
MPIR_Test_impl(65).........: 
MPID_nem_tcp_connpoll(1826): Communication error with rank 58: Connection reset by peer
Fatal error in PMPI_Test: A process has failed, error stack:
PMPI_Test(166).............: MPI_Test(request=0x21c5370, flag=0x7ffed555cc10, status=0x7ffed555cce0) failed
MPIR_Test_impl(65).........: 
MPID_nem_tcp_connpoll(1826): Communication error with rank 121: Connection reset by peer
Fatal error in PMPI_Test: Other MPI error, error stack:
PMPI_Test(166)....: MPI_Test(request=0x2356c30, flag=0x7ffdff8eda50, status=0x7ffdff8edb20) failed
MPIR_Test_impl(65): 
Fatal error in PMPI_Test: A process has failed, error stack:
PMPI_Test(166).............: MPI_Test(request=0x1336950, flag=0x7ffd8718dbb0, status=0x7ffd8718dc80) failed
MPIR_Test_impl(65).........: 
MPID_nem_tcp_connpoll(1826): Communication error with rank 824: Connection reset by peer
Fatal error in PMPI_Test: A process has failed, error stack:
PMPI_Test(166).............: MPI_Test(request=0xa2bb80, flag=0x7fff11f51d50, status=0x7fff11f51e20) failed
MPIR_Test_impl(65).........: 
MPID_nem_tcp_connpoll(1826): Communication error with rank 268: Connection reset by peer
INTERNAL ERROR: invalid error code be06c36 (Ring ids do not match) in MPIR_Test_impl:65
Fatal error in PMPI_Test: A process has failed, error stack:
PMPI_Test(166).............: MPI_Test(request=0x26cb6a0, flag=0x7ffe7d2a4930, status=0x7ffe7d2a4a00) failed
MPIR_Test_impl(65).........: 
MPID_nem_tcp_connpoll(1826): Communication error with rank 52: Connection reset by peer
Fatal error in PMPI_Test: A process has failed, error stack:
PMPI_Test(166).............: MPI_Test(request=0x2d45240, flag=0x7ffd2ced90e0, status=0x7ffd2ced91b0) failed
MPIR_Test_impl(65).........: 
MPID_nem_tcp_connpoll(1826): Communication error with rank 936: Connection reset by peer
Fatal error in PMPI_Test: A process has failed, error stack:
PMPI_Test(166).............: MPI_Test(request=0x143f920, flag=0x7ffd2277d020, status=0x7ffd2277d0f0) failed
MPIR_Test_impl(65).........: 
MPID_nem_tcp_connpoll(1826): Communication error with rank 1014: Connection reset by peer
Fatal error in PMPI_Test: A process has failed, error stack:
PMPI_Test(166).............: MPI_Test(request=0x1bcc300, flag=0x7ffdae0dbd90, status=0x7ffdae0dbe60) failed
MPIR_Test_impl(65).........: 
MPID_nem_tcp_connpoll(1826): Communication error with rank 70: Connection reset by peer
Fatal error in PMPI_Test: A process has failed, error stack:
PMPI_Test(166).............: MPI_Test(request=0x106d180, flag=0x7fffe5cf2530, status=0x7fffe5cf2600) failed
MPIR_Test_impl(65).........: 
MPID_nem_tcp_connpoll(1826): Communication error with rank 950: Connection reset by peer
Fatal error in PMPI_Test: A process has failed, error stack:
PMPI_Test(166).............: MPI_Test(request=0x25ec580, flag=0x7ffef039f0a0, status=0x7ffef039f170) failed
MPIR_Test_impl(65).........: 
MPID_nem_tcp_connpoll(1826): Communication error with rank 58: Connection reset by peer
Fatal error in PMPI_Test: Other MPI error, error stack:
PMPI_Test(166)....: MPI_Test(request=0x18ef140, flag=0x7ffdbfd26f80, status=0x7ffdbfd27050) failed
MPIR_Test_impl(65): 
INTERNAL ERROR: invalid error code 3f86c36 (Ring ids do not match) in MPIR_Test_impl:65
Fatal error in PMPI_Test: Other MPI error, error stack:
PMPI_Test(166)....: MPI_Test(request=0x2e7aff0, flag=0x7ffd07512d60, status=0x7ffd07512e30) failed
MPIR_Test_impl(65): 
Fatal error in PMPI_Test: A process has failed, error stack:
PMPI_Test(166).............: MPI_Test(request=0x29e3080, flag=0x7fffe838d6d0, status=0x7fffe838d7a0) failed
MPIR_Test_impl(65).........: 
MPID_nem_tcp_connpoll(1826): Communication error with rank 950: Connection reset by peer
Fatal error in PMPI_Test: A process has failed, error stack:
PMPI_Test(166).............: MPI_Test(request=0x2c9ff70, flag=0x7ffe0a4b67e0, status=0x7ffe0a4b68b0) failed
MPIR_Test_impl(65).........: 
MPID_nem_tcp_connpoll(1826): Communication error with rank 936: Connection reset by peer
INTERNAL ERROR: invalid error code 30e86c36 (Ring ids do not match) in MPIR_Test_impl:65
Fatal error in PMPI_Test: Other MPI error, error stack:
PMPI_Test(166)....: MPI_Test(request=0x190cd90, flag=0x7ffc505e0e40, status=0x7ffc505e0f10) failed
MPIR_Test_impl(65): 
Fatal error in PMPI_Test: A process has failed, error stack:
PMPI_Test(166).............: MPI_Test(request=0x156bc40, flag=0x7ffe57268820, status=0x7ffe572688f0) failed
MPIR_Test_impl(65).........: 
MPID_nem_tcp_connpoll(1826): Communication error with rank 950: Connection reset by peer
Fatal error in PMPI_Test: A process has failed, error stack:
PMPI_Test(166).............: MPI_Test(request=0x28ef170, flag=0x7ffc9f93c480, status=0x7ffc9f93c550) failed
MPIR_Test_impl(65).........: 
MPID_nem_tcp_connpoll(1826): Communication error with rank 23: Connection reset by peer
Fatal error in PMPI_Test: A process has failed, error stack:
PMPI_Test(166).............: MPI_Test(request=0x133a280, flag=0x7ffc2ec8f4d0, status=0x7ffc2ec8f5a0) failed
MPIR_Test_impl(65).........: 
MPID_nem_tcp_connpoll(1826): Communication error with rank 936: Connection reset by peer
Fatal error in PMPI_Test: A process has failed, error stack:
PMPI_Test(166).............: MPI_Test(request=0x140bcb0, flag=0x7fffef667c50, status=0x7fffef667d20) failed
MPIR_Test_impl(65).........: 
MPID_nem_tcp_connpoll(1826): Communication error with rank 936: Connection reset by peer
Fatal error in PMPI_Test: A process has failed, error stack:
PMPI_Test(166).............: MPI_Test(request=0xd09cd0, flag=0x7ffea5890ad0, status=0x7ffea5890ba0) failed
MPIR_Test_impl(65).........: 
MPID_nem_tcp_connpoll(1826): Communication error with rank 950: Connection reset by peer
Fatal error in PMPI_Test: A process has failed, error stack:
PMPI_Test(166).............: MPI_Test(request=0x27a8160, flag=0x7ffffadc11f0, status=0x7ffffadc12c0) failed
MPIR_Test_impl(65).........: 
MPID_nem_tcp_connpoll(1826): Communication error with rank 117: Connection reset by peer
Fatal error in PMPI_Test: A process has failed, error stack:
PMPI_Test(166).............: MPI_Test(request=0x1bdae90, flag=0x7fff625a0ff0, status=0x7fff625a10c0) failed
MPIR_Test_impl(65).........: 
MPID_nem_tcp_connpoll(1826): Communication error with rank 70: Connection reset by peer
Fatal error in PMPI_Test: A process has failed, error stack:
PMPI_Test(166).............: MPI_Test(request=0x17561b0, flag=0x7ffddd81dc70, status=0x7ffddd81dd40) failed
MPIR_Test_impl(65).........: 
MPID_nem_tcp_connpoll(1826): Communication error with rank 916: Connection reset by peer
Fatal error in PMPI_Test: A process has failed, error stack:
PMPI_Test(166).............: MPI_Test(request=0x14853d0, flag=0x7ffe33bd5100, status=0x7ffe33bd51d0) failed
MPIR_Test_impl(65).........: 
MPID_nem_tcp_connpoll(1826): Communication error with rank 888: Connection reset by peer
INTERNAL ERROR: invalid error code 1b406c36 (Ring ids do not match) in MPIR_Test_impl:65
INTERNAL ERROR: invalid error code 10686c36 (Ring ids do not match) in MPIR_Test_impl:65
INTERNAL ERROR: invalid error code 8e06c36 (Ring ids do not match) in MPIR_Test_impl:65
Fatal error in PMPI_Test: Other MPI error, error stack:
PMPI_Test(166)....: MPI_Test(request=0x29d9e10, flag=0x7ffd98ba8020, status=0x7ffd98ba80f0) failed
MPIR_Test_impl(65): 
INTERNAL ERROR: invalid error code 31006c36 (Ring ids do not match) in MPIR_Test_impl:65
Fatal error in PMPI_Test: A process has failed, error stack:
PMPI_Test(166).................: MPI_Test(request=0x284ce50, flag=0x7ffc604d9e90, status=0x7ffc604d9f60) failed
MPIR_Test_impl(65).............: 
MPID_nem_tcp_recv_handler(1645): Communication error with rank 549
MPID_nem_tcp_recv_handler(1552): socket closed
Fatal error in PMPI_Test: A process has failed, error stack:
PMPI_Test(166).............: MPI_Test(request=0x22e0120, flag=0x7ffd8c1520d0, status=0x7ffd8c1521a0) failed
MPIR_Test_impl(65).........: 
MPID_nem_tcp_connpoll(1826): Communication error with rank 56: Connection reset by peer
INTERNAL ERROR: invalid error code 14786c36 (Ring ids do not match) in MPIR_Test_impl:65
Fatal error in PMPI_Test: Other MPI error, error stack:
PMPI_Test(166)....: MPI_Test(request=0x2b72460, flag=0x7ffcc76406d0, status=0x7ffcc76407a0) failed
MPIR_Test_impl(65): 
Fatal error in PMPI_Test: Other MPI error, error stack:
PMPI_Test(166)....: MPI_Test(request=0x1e577a0, flag=0x7ffc5b831030, status=0x7ffc5b831100) failed
MPIR_Test_impl(65): 
Fatal error in PMPI_Test: Other MPI error, error stack:
PMPI_Test(166)....: MPI_Test(request=0x17fc950, flag=0x7ffee8a00d80, status=0x7ffee8a00e50) failed
MPIR_Test_impl(65): 
INTERNAL ERROR: invalid error code 12e86c36 (Ring ids do not match) in MPIR_Test_impl:65
Fatal error in PMPI_Test: Other MPI error, error stack:
PMPI_Test(166)....: MPI_Test(request=0x20fc4b0, flag=0x7ffc15ccf4d0, status=0x7ffc15ccf5a0) failed
MPIR_Test_impl(65): 
Fatal error in PMPI_Test: A process has failed, error stack:
PMPI_Test(166).............: MPI_Test(request=0x196d2c0, flag=0x7fffc652e0f0, status=0x7fffc652e1c0) failed
MPIR_Test_impl(65).........: 
MPID_nem_tcp_connpoll(1826): Communication error with rank 899: Connection reset by peer
Fatal error in PMPI_Test: Other MPI error, error stack:
PMPI_Test(166)....: MPI_Test(request=0x1efa8e0, flag=0x7fff704cf070, status=0x7fff704cf140) failed
MPIR_Test_impl(65): 
INTERNAL ERROR: invalid error code 3606c36 (Ring ids do not match) in MPIR_Test_impl:65
Fatal error in PMPI_Test: Other MPI error, error stack:
PMPI_Test(166)....: MPI_Test(request=0x1372c00, flag=0x7ffdc03c7ca0, status=0x7ffdc03c7d70) failed
MPIR_Test_impl(65): 
INTERNAL ERROR: invalid error code 3a86c36 (Ring ids do not match) in MPIR_Test_impl:65
Fatal error in PMPI_Test: Other MPI error, error stack:
PMPI_Test(166)....: MPI_Test(request=0x1946140, flag=0x7ffc776c8790, status=0x7ffc776c8860) failed
MPIR_Test_impl(65): 
INTERNAL ERROR: invalid error code 2a06c36 (Ring ids do not match) in MPIR_Test_impl:65
Fatal error in PMPI_Test: Other MPI error, error stack:
PMPI_Test(166)....: MPI_Test(request=0x27e4a50, flag=0x7ffe31b1a0e0, status=0x7ffe31b1a1b0) failed
MPIR_Test_impl(65): 
Fatal error in PMPI_Test: A process has failed, error stack:
PMPI_Test(166).............: MPI_Test(request=0x1c09fb0, flag=0x7ffe5e56e8b0, status=0x7ffe5e56e980) failed
MPIR_Test_impl(65).........: 
MPID_nem_tcp_connpoll(1826): Communication error with rank 938: Connection reset by peer
Fatal error in PMPI_Test: A process has failed, error stack:
PMPI_Test(166).............: MPI_Test(request=0x1bcb170, flag=0x7fff83c98770, status=0x7fff83c98840) failed
MPIR_Test_impl(65).........: 
MPID_nem_tcp_connpoll(1826): Communication error with rank 771: Connection reset by peer
Fatal error in PMPI_Test: A process has failed, error stack:
PMPI_Test(166).............: MPI_Test(request=0x2969d30, flag=0x7ffd1ffe5b10, status=0x7ffd1ffe5be0) failed
MPIR_Test_impl(65).........: 
MPID_nem_tcp_connpoll(1826): Communication error with rank 440: Connection reset by peer
Fatal error in PMPI_Test: A process has failed, error stack:
PMPI_Test(166).............: MPI_Test(request=0x2689da0, flag=0x7ffedbbe08f0, status=0x7ffedbbe09c0) failed
MPIR_Test_impl(65).........: 
MPID_nem_tcp_connpoll(1826): Communication error with rank 882: Connection reset by peer
INTERNAL ERROR: invalid error code 17486c36 (Ring ids do not match) in MPIR_Test_impl:65
Fatal error in PMPI_Test: Other MPI error, error stack:
PMPI_Test(166)....: MPI_Test(request=0x22e13a0, flag=0x7ffc2051c630, status=0x7ffc2051c700) failed
MPIR_Test_impl(65): 
Fatal error in PMPI_Test: A process has failed, error stack:
PMPI_Test(166).............: MPI_Test(request=0x2a68a50, flag=0x7ffd11ffe860, status=0x7ffd11ffe930) failed
MPIR_Test_impl(65).........: 
MPID_nem_tcp_connpoll(1826): Communication error with rank 664: Connection reset by peer
INTERNAL ERROR: invalid error code 30386c36 (Ring ids do not match) in MPIR_Test_impl:65
INTERNAL ERROR: invalid error code a806c36 (Ring ids do not match) in MPIR_Test_impl:65
INTERNAL ERROR: invalid error code 28a86c36 (Ring ids do not match) in MPIR_Test_impl:65
Fatal error in PMPI_Test: Other MPI error, error stack:
PMPI_Test(166)....: MPI_Test(request=0x29fd100, flag=0x7fffe9e5f4d0, status=0x7fffe9e5f5a0) failed
MPIR_Test_impl(65): 
INTERNAL ERROR: invalid error code 11706c36 (Ring ids do not match) in MPIR_Test_impl:65
Fatal error in PMPI_Test: Other MPI error, error stack:
PMPI_Test(166)....: MPI_Test(request=0x2f30d90, flag=0x7fff3d77e430, status=0x7fff3d77e500) failed
MPIR_Test_impl(65): 
Fatal error in PMPI_Test: Other MPI error, error stack:
PMPI_Test(166)....: MPI_Test(request=0x116cd60, flag=0x7ffdf94ba6d0, status=0x7ffdf94ba7a0) failed
MPIR_Test_impl(65): 
Fatal error in PMPI_Test: Other MPI error, error stack:
PMPI_Test(166)....: MPI_Test(request=0x22f3c00, flag=0x7ffd61bf3270, status=0x7ffd61bf3340) failed
MPIR_Test_impl(65): 
Fatal error in PMPI_Test: A process has failed, error stack:
PMPI_Test(166).............: MPI_Test(request=0x1f27500, flag=0x7ffd96b80ea0, status=0x7ffd96b80f70) failed
MPIR_Test_impl(65).........: 
MPID_nem_tcp_connpoll(1826): Communication error with rank 914: Connection reset by peer

===================================================================================
=   BAD TERMINATION OF ONE OF YOUR APPLICATION PROCESSES
=   EXIT CODE: 1
=   CLEANING UP REMAINING PROCESSES
=   YOU CAN IGNORE THE BELOW CLEANUP MESSAGES
===================================================================================
[proxy:0:0@master] HYD_pmcd_pmip_control_cmd_cb (./pm/pmiserv/pmip_cb.c:886): assert (!closed) failed
[proxy:0:0@master] HYDT_dmxu_poll_wait_for_event (./tools/demux/demux_poll.c:77): callback returned error status
[proxy:0:0@master] main (./pm/pmiserv/pmip.c:206): demux engine error waiting for event
[proxy:0:1@worker01] HYD_pmcd_pmip_control_cmd_cb (./pm/pmiserv/pmip_cb.c:886): assert (!closed) failed
[proxy:0:1@worker01] HYDT_dmxu_poll_wait_for_event (./tools/demux/demux_poll.c:77): callback returned error status
[proxy:0:1@worker01] main (./pm/pmiserv/pmip.c:206): demux engine error waiting for event
[proxy:0:2@worker02] HYD_pmcd_pmip_control_cmd_cb (./pm/pmiserv/pmip_cb.c:886): assert (!closed) failed
[proxy:0:2@worker02] HYDT_dmxu_poll_wait_for_event (./tools/demux/demux_poll.c:77): callback returned error status
[proxy:0:2@worker02] main (./pm/pmiserv/pmip.c:206): demux engine error waiting for event
[proxy:0:3@worker03] HYD_pmcd_pmip_control_cmd_cb (./pm/pmiserv/pmip_cb.c:886): assert (!closed) failed
[proxy:0:3@worker03] HYDT_dmxu_poll_wait_for_event (./tools/demux/demux_poll.c:77): callback returned error status
[proxy:0:3@worker03] main (./pm/pmiserv/pmip.c:206): demux engine error waiting for event
[proxy:0:4@worker04] HYD_pmcd_pmip_control_cmd_cb (./pm/pmiserv/pmip_cb.c:886): assert (!closed) failed
[proxy:0:4@worker04] HYDT_dmxu_poll_wait_for_event (./tools/demux/demux_poll.c:77): callback returned error status
[proxy:0:4@worker04] main (./pm/pmiserv/pmip.c:206): demux engine error waiting for event
[proxy:0:7@worker07] HYD_pmcd_pmip_control_cmd_cb (./pm/pmiserv/pmip_cb.c:886): assert (!closed) failed
[proxy:0:7@worker07] HYDT_dmxu_poll_wait_for_event (./tools/demux/demux_poll.c:77): callback returned error status
[proxy:0:7@worker07] main (./pm/pmiserv/pmip.c:206): demux engine error waiting for event
[proxy:0:8@worker08] HYD_pmcd_pmip_control_cmd_cb (./pm/pmiserv/pmip_cb.c:886): assert (!closed) failed
[proxy:0:8@worker08] HYDT_dmxu_poll_wait_for_event (./tools/demux/demux_poll.c:77): callback returned error status
[proxy:0:8@worker08] main (./pm/pmiserv/pmip.c:206): demux engine error waiting for event
[proxy:0:9@worker09] HYD_pmcd_pmip_control_cmd_cb (./pm/pmiserv/pmip_cb.c:886): assert (!closed) failed
[proxy:0:9@worker09] HYDT_dmxu_poll_wait_for_event (./tools/demux/demux_poll.c:77): callback returned error status
[proxy:0:9@worker09] main (./pm/pmiserv/pmip.c:206): demux engine error waiting for event
[proxy:0:10@worker10] HYD_pmcd_pmip_control_cmd_cb (./pm/pmiserv/pmip_cb.c:886): assert (!closed) failed
[proxy:0:10@worker10] HYDT_dmxu_poll_wait_for_event (./tools/demux/demux_poll.c:77): callback returned error status
[proxy:0:10@worker10] main (./pm/pmiserv/pmip.c:206): demux engine error waiting for event
[proxy:0:11@worker11] HYD_pmcd_pmip_control_cmd_cb (./pm/pmiserv/pmip_cb.c:886): assert (!closed) failed
[proxy:0:11@worker11] HYDT_dmxu_poll_wait_for_event (./tools/demux/demux_poll.c:77): callback returned error status
[proxy:0:11@worker11] main (./pm/pmiserv/pmip.c:206): demux engine error waiting for event
[proxy:0:13@worker13] HYD_pmcd_pmip_control_cmd_cb (./pm/pmiserv/pmip_cb.c:886): assert (!closed) failed
[proxy:0:13@worker13] HYDT_dmxu_poll_wait_for_event (./tools/demux/demux_poll.c:77): callback returned error status
[proxy:0:13@worker13] main (./pm/pmiserv/pmip.c:206): demux engine error waiting for event
[proxy:0:14@worker14] HYD_pmcd_pmip_control_cmd_cb (./pm/pmiserv/pmip_cb.c:886): assert (!closed) failed
[proxy:0:14@worker14] HYDT_dmxu_poll_wait_for_event (./tools/demux/demux_poll.c:77): callback returned error status
[proxy:0:14@worker14] main (./pm/pmiserv/pmip.c:206): demux engine error waiting for event
[proxy:0:15@worker15] HYD_pmcd_pmip_control_cmd_cb (./pm/pmiserv/pmip_cb.c:886): assert (!closed) failed
[proxy:0:15@worker15] HYDT_dmxu_poll_wait_for_event (./tools/demux/demux_poll.c:77): callback returned error status
[proxy:0:15@worker15] main (./pm/pmiserv/pmip.c:206): demux engine error waiting for event
[proxy:0:16@worker16] HYD_pmcd_pmip_control_cmd_cb (./pm/pmiserv/pmip_cb.c:886): assert (!closed) failed
[proxy:0:16@worker16] HYDT_dmxu_poll_wait_for_event (./tools/demux/demux_poll.c:77): callback returned error status
[proxy:0:16@worker16] main (./pm/pmiserv/pmip.c:206): demux engine error waiting for event
[proxy:0:17@worker17] HYD_pmcd_pmip_control_cmd_cb (./pm/pmiserv/pmip_cb.c:886): assert (!closed) failed
[proxy:0:17@worker17] HYDT_dmxu_poll_wait_for_event (./tools/demux/demux_poll.c:77): callback returned error status
[proxy:0:17@worker17] main (./pm/pmiserv/pmip.c:206): demux engine error waiting for event
[proxy:0:18@worker18] HYD_pmcd_pmip_control_cmd_cb (./pm/pmiserv/pmip_cb.c:886): assert (!closed) failed
[proxy:0:18@worker18] HYDT_dmxu_poll_wait_for_event (./tools/demux/demux_poll.c:77): callback returned error status
[proxy:0:18@worker18] main (./pm/pmiserv/pmip.c:206): demux engine error waiting for event
[proxy:0:19@worker19] HYD_pmcd_pmip_control_cmd_cb (./pm/pmiserv/pmip_cb.c:886): assert (!closed) failed
[proxy:0:19@worker19] HYDT_dmxu_poll_wait_for_event (./tools/demux/demux_poll.c:77): callback returned error status
[proxy:0:19@worker19] main (./pm/pmiserv/pmip.c:206): demux engine error waiting for event
[proxy:0:21@worker21] HYD_pmcd_pmip_control_cmd_cb (./pm/pmiserv/pmip_cb.c:886): assert (!closed) failed
[proxy:0:21@worker21] HYDT_dmxu_poll_wait_for_event (./tools/demux/demux_poll.c:77): callback returned error status
[proxy:0:21@worker21] main (./pm/pmiserv/pmip.c:206): demux engine error waiting for event
[proxy:0:22@worker22] HYD_pmcd_pmip_control_cmd_cb (./pm/pmiserv/pmip_cb.c:886): assert (!closed) failed
[proxy:0:22@worker22] HYDT_dmxu_poll_wait_for_event (./tools/demux/demux_poll.c:77): callback returned error status
[proxy:0:22@worker22] main (./pm/pmiserv/pmip.c:206): demux engine error waiting for event
[proxy:0:23@worker23] HYD_pmcd_pmip_control_cmd_cb (./pm/pmiserv/pmip_cb.c:886): assert (!closed) failed
[proxy:0:23@worker23] HYDT_dmxu_poll_wait_for_event (./tools/demux/demux_poll.c:77): callback returned error status
[proxy:0:23@worker23] main (./pm/pmiserv/pmip.c:206): demux engine error waiting for event
[proxy:0:24@worker24] HYD_pmcd_pmip_control_cmd_cb (./pm/pmiserv/pmip_cb.c:886): assert (!closed) failed
[proxy:0:24@worker24] HYDT_dmxu_poll_wait_for_event (./tools/demux/demux_poll.c:77): callback returned error status
[proxy:0:24@worker24] main (./pm/pmiserv/pmip.c:206): demux engine error waiting for event
[proxy:0:25@worker25] HYD_pmcd_pmip_control_cmd_cb (./pm/pmiserv/pmip_cb.c:886): assert (!closed) failed
[proxy:0:25@worker25] HYDT_dmxu_poll_wait_for_event (./tools/demux/demux_poll.c:77): callback returned error status
[proxy:0:25@worker25] main (./pm/pmiserv/pmip.c:206): demux engine error waiting for event
[proxy:0:26@worker26] HYD_pmcd_pmip_control_cmd_cb (./pm/pmiserv/pmip_cb.c:886): assert (!closed) failed
[proxy:0:26@worker26] HYDT_dmxu_poll_wait_for_event (./tools/demux/demux_poll.c:77): callback returned error status
[proxy:0:26@worker26] main (./pm/pmiserv/pmip.c:206): demux engine error waiting for event
[proxy:0:27@worker27] HYD_pmcd_pmip_control_cmd_cb (./pm/pmiserv/pmip_cb.c:886): assert (!closed) failed
[proxy:0:27@worker27] HYDT_dmxu_poll_wait_for_event (./tools/demux/demux_poll.c:77): callback returned error status
[proxy:0:27@worker27] main (./pm/pmiserv/pmip.c:206): demux engine error waiting for event
[proxy:0:28@worker28] HYD_pmcd_pmip_control_cmd_cb (./pm/pmiserv/pmip_cb.c:886): assert (!closed) failed
[proxy:0:28@worker28] HYDT_dmxu_poll_wait_for_event (./tools/demux/demux_poll.c:77): callback returned error status
[proxy:0:28@worker28] main (./pm/pmiserv/pmip.c:206): demux engine error waiting for event
[proxy:0:29@worker29] HYD_pmcd_pmip_control_cmd_cb (./pm/pmiserv/pmip_cb.c:886): assert (!closed) failed
[proxy:0:29@worker29] HYDT_dmxu_poll_wait_for_event (./tools/demux/demux_poll.c:77): callback returned error status
[proxy:0:29@worker29] main (./pm/pmiserv/pmip.c:206): demux engine error waiting for event
[proxy:0:30@worker30] HYD_pmcd_pmip_control_cmd_cb (./pm/pmiserv/pmip_cb.c:886): assert (!closed) failed
[proxy:0:30@worker30] HYDT_dmxu_poll_wait_for_event (./tools/demux/demux_poll.c:77): callback returned error status
[proxy:0:30@worker30] main (./pm/pmiserv/pmip.c:206): demux engine error waiting for event
[proxy:0:31@worker31] HYD_pmcd_pmip_control_cmd_cb (./pm/pmiserv/pmip_cb.c:886): assert (!closed) failed
[proxy:0:31@worker31] HYDT_dmxu_poll_wait_for_event (./tools/demux/demux_poll.c:77): callback returned error status
[proxy:0:31@worker31] main (./pm/pmiserv/pmip.c:206): demux engine error waiting for event
[proxy:0:32@worker32] HYD_pmcd_pmip_control_cmd_cb (./pm/pmiserv/pmip_cb.c:886): assert (!closed) failed
[proxy:0:32@worker32] HYDT_dmxu_poll_wait_for_event (./tools/demux/demux_poll.c:77): callback returned error status
[proxy:0:32@worker32] main (./pm/pmiserv/pmip.c:206): demux engine error waiting for event
[proxy:0:33@worker33] HYD_pmcd_pmip_control_cmd_cb (./pm/pmiserv/pmip_cb.c:886): assert (!closed) failed
[proxy:0:33@worker33] HYDT_dmxu_poll_wait_for_event (./tools/demux/demux_poll.c:77): callback returned error status
[proxy:0:33@worker33] main (./pm/pmiserv/pmip.c:206): demux engine error waiting for event
[proxy:0:34@worker34] HYD_pmcd_pmip_control_cmd_cb (./pm/pmiserv/pmip_cb.c:886): assert (!closed) failed
[proxy:0:34@worker34] HYDT_dmxu_poll_wait_for_event (./tools/demux/demux_poll.c:77): callback returned error status
[proxy:0:34@worker34] main (./pm/pmiserv/pmip.c:206): demux engine error waiting for event
[proxy:0:35@worker35] HYD_pmcd_pmip_control_cmd_cb (./pm/pmiserv/pmip_cb.c:886): assert (!closed) failed
[proxy:0:35@worker35] HYDT_dmxu_poll_wait_for_event (./tools/demux/demux_poll.c:77): callback returned error status
[proxy:0:35@worker35] main (./pm/pmiserv/pmip.c:206): demux engine error waiting for event
[proxy:0:36@worker36] HYD_pmcd_pmip_control_cmd_cb (./pm/pmiserv/pmip_cb.c:886): assert (!closed) failed
[proxy:0:36@worker36] HYDT_dmxu_poll_wait_for_event (./tools/demux/demux_poll.c:77): callback returned error status
[proxy:0:36@worker36] [proxy:0:37@worker37] HYD_pmcd_pmip_control_cmd_cb (./pm/pmiserv/pmip_cb.c:886): assert (!closed) failed
[proxy:0:37@worker37] HYDT_dmxu_poll_wait_for_event (./tools/demux/demux_poll.c:77): callback returned error status
[proxy:0:37@worker37] main (./pm/pmiserv/pmip.c:206): demux engine error waiting for event
[proxy:0:38@worker38] HYD_pmcd_pmip_control_cmd_cb (./pm/pmiserv/pmip_cb.c:886): assert (!closed) failed
[proxy:0:38@worker38] HYDT_dmxu_poll_wait_for_event (./tools/demux/demux_poll.c:77): callback returned error status
[proxy:0:38@worker38] main (./pm/pmiserv/pmip.c:206): demux engine error waiting for event
[proxy:0:39@worker39] HYD_pmcd_pmip_control_cmd_cb (./pm/pmiserv/pmip_cb.c:886): assert (!closed) failed
[proxy:0:39@worker39] HYDT_dmxu_poll_wait_for_event (./tools/demux/demux_poll.c:77): callback returned error status
[proxy:0:39@worker39] main (./pm/pmiserv/pmip.c:206): demux engine error waiting for event
[proxy:0:40@worker40] HYD_pmcd_pmip_control_cmd_cb (./pm/pmiserv/pmip_cb.c:886): assert (!closed) failed
[proxy:0:40@worker40] HYDT_dmxu_poll_wait_for_event (./tools/demux/demux_poll.c:77): callback returned error status
[proxy:0:40@worker40] main (./pm/pmiserv/pmip.c:206): demux engine error waiting for event
[proxy:0:41@worker41] HYD_pmcd_pmip_control_cmd_cb (./pm/pmiserv/pmip_cb.c:886): assert (!closed) failed
[proxy:0:41@worker41] HYDT_dmxu_poll_wait_for_event (./tools/demux/demux_poll.c:77): callback returned error status
[proxy:0:41@worker41] main (./pm/pmiserv/pmip.c:206): demux engine error waiting for event
[proxy:0:42@worker42] HYD_pmcd_pmip_control_cmd_cb (./pm/pmiserv/pmip_cb.c:886): assert (!closed) failed
[proxy:0:42@worker42] HYDT_dmxu_poll_wait_for_event (./tools/demux/demux_poll.c:77): callback returned error status
[proxy:0:42@worker42] main (./pm/pmiserv/pmip.c:206): demux engine error waiting for event
[proxy:0:43@worker43] HYD_pmcd_pmip_control_cmd_cb (./pm/pmiserv/pmip_cb.c:886): assert (!closed) failed
[proxy:0:43@worker43] HYDT_dmxu_poll_wait_for_event (./tools/demux/demux_poll.c:77): callback returned error status
[proxy:0:43@worker43] main (./pm/pmiserv/pmip.c:206): demux engine error waiting for event
[proxy:0:44@worker44] HYD_pmcd_pmip_control_cmd_cb (./pm/pmiserv/pmip_cb.c:886): assert (!closed) failed
[proxy:0:44@worker44] HYDT_dmxu_poll_wait_for_event (./tools/demux/demux_poll.c:77): callback returned error status
[proxy:0:44@worker44] main (./pm/pmiserv/pmip.c:206): demux engine error waiting for event
[proxy:0:45@worker45] HYD_pmcd_pmip_control_cmd_cb (./pm/pmiserv/pmip_cb.c:886): assert (!closed) failed
[proxy:0:45@worker45] HYDT_dmxu_poll_wait_for_event (./tools/demux/demux_poll.c:77): callback returned error status
[proxy:0:45@worker45] main (./pm/pmiserv/pmip.c:206): demux engine error waiting for event
[proxy:0:46@worker46] HYD_pmcd_pmip_control_cmd_cb (./pm/pmiserv/pmip_cb.c:886): assert (!closed) failed
[proxy:0:46@worker46] HYDT_dmxu_poll_wait_for_event (./tools/demux/demux_poll.c:77): callback returned error status
[proxy:0:46@worker46] main (./pm/pmiserv/pmip.c:206): demux engine error waiting for event
[proxy:0:47@worker47] HYD_pmcd_pmip_control_cmd_cb (./pm/pmiserv/pmip_cb.c:886): assert (!closed) failed
[proxy:0:47@worker47] HYDT_dmxu_poll_wait_for_event (./tools/demux/demux_poll.c:77): callback returned error status
[proxy:0:47@worker47] main (./pm/pmiserv/pmip.c:206): demux engine error waiting for event
[proxy:0:48@worker48] HYD_pmcd_pmip_control_cmd_cb (./pm/pmiserv/pmip_cb.c:886): assert (!closed) failed
[proxy:0:48@worker48] HYDT_dmxu_poll_wait_for_event (./tools/demux/demux_poll.c:77): callback returned error status
[proxy:0:48@worker48] main (./pm/pmiserv/pmip.c:206): demux engine error waiting for event
[proxy:0:49@worker49] HYD_pmcd_pmip_control_cmd_cb (./pm/pmiserv/pmip_cb.c:886): assert (!closed) failed
[proxy:0:49@worker49] HYDT_dmxu_poll_wait_for_event (./tools/demux/demux_poll.c:77): callback returned error status
[proxy:0:49@worker49] main (./pm/pmiserv/pmip.c:206): demux engine error waiting for event
[proxy:0:50@worker50] HYD_pmcd_pmip_control_cmd_cb (./pm/pmiserv/pmip_cb.c:886): assert (!closed) failed
[proxy:0:50@worker50] HYDT_dmxu_poll_wait_for_event (./tools/demux/demux_poll.c:77): callback returned error status
[proxy:0:50@worker50] main (./pm/pmiserv/pmip.c:206): demux engine error waiting for event
[proxy:0:52@worker52] HYD_pmcd_pmip_control_cmd_cb (./pm/pmiserv/pmip_cb.c:886): assert (!closed) failed
[proxy:0:52@worker52] HYDT_dmxu_poll_wait_for_event (./tools/demux/demux_poll.c:77): callback returned error status
[proxy:0:52@worker52] main (./pm/pmiserv/pmip.c:206): demux engine error waiting for event
[proxy:0:54@worker54] HYD_pmcd_pmip_control_cmd_cb (./pm/pmiserv/pmip_cb.c:886): assert (!closed) failed
[proxy:0:54@worker54] HYDT_dmxu_poll_wait_for_event (./tools/demux/demux_poll.c:77): callback returned error status
[proxy:0:54@worker54] main (./pm/pmiserv/pmip.c:206): demux engine error waiting for event
[proxy:0:58@worker58] HYD_pmcd_pmip_control_cmd_cb (./pm/pmiserv/pmip_cb.c:886): assert (!closed) failed
[proxy:0:58@worker58] HYDT_dmxu_poll_wait_for_event (./tools/demux/demux_poll.c:77): callback returned error status
[proxy:0:58@worker58] main (./pm/pmiserv/pmip.c:206): demux engine error waiting for event
[proxy:0:59@worker59] HYD_pmcd_pmip_control_cmd_cb (./pm/pmiserv/pmip_cb.c:886): assert (!closed) failed
[proxy:0:59@worker59] HYDT_dmxu_poll_wait_for_event (./tools/demux/demux_poll.c:77): callback returned error status
[proxy:0:59@worker59] main (./pm/pmiserv/pmip.c:206): demux engine error waiting for event
[proxy:0:60@worker60] HYD_pmcd_pmip_control_cmd_cb (./pm/pmiserv/pmip_cb.c:886): assert (!closed) failed
[proxy:0:60@worker60] HYDT_dmxu_poll_wait_for_event (./tools/demux/demux_poll.c:77): callback returned error status
[proxy:0:60@worker60] main (./pm/pmiserv/pmip.c:206): demux engine error waiting for event
[proxy:0:61@worker61] HYD_pmcd_pmip_control_cmd_cb (./pm/pmiserv/pmip_cb.c:886): assert (!closed) failed
[proxy:0:61@worker61] HYDT_dmxu_poll_wait_for_event (./tools/demux/demux_poll.c:77): callback returned error status
[proxy:0:61@worker61] main (./pm/pmiserv/pmip.c:206): demux engine error waiting for event
[proxy:0:62@worker62] HYD_pmcd_pmip_control_cmd_cb (./pm/pmiserv/pmip_cb.c:886): assert (!closed) failed
[proxy:0:62@worker62] HYDT_dmxu_poll_wait_for_event (./tools/demux/demux_poll.c:77): callback returned error status
[proxy:0:62@worker62] main (./pm/pmiserv/pmip.c:206): demux engine error waiting for event
[proxy:0:63@worker63] HYD_pmcd_pmip_control_cmd_cb (./pm/pmiserv/pmip_cb.c:886): assert (!closed) failed
[proxy:0:63@worker63] HYDT_dmxu_poll_wait_for_event (./tools/demux/demux_poll.c:77): callback returned error status
[proxy:0:63@worker63] main (./pm/pmiserv/pmip.c:206): demux engine error waiting for event
[mpiexec@master] HYDT_bscu_wait_for_completion (./tools/bootstrap/utils/bscu_wait.c:76): one of the processes terminated badly; aborting
[mpiexec@master] HYDT_bsci_wait_for_completion (./tools/bootstrap/src/bsci_wait.c:23): launcher returned error waiting for completion
[mpiexec@master] HYD_pmci_wait_for_completion (./pm/pmiserv/pmiserv_pmci.c:217): launcher returned error waiting for completion
[mpiexec@master] main (./ui/mpich/mpiexec.c:331): process manager error waiting for completion
