mpiexec -n 1024  -f machinefile /home/cc/tessinstall.cgal/examples/tess/delaunay 1024 -1 1024 1024 1024 2.0 -1.0 -1.0 0 0 del.out
[0]: Time for round 1 = 15.220031 s
[0]: Time for round 2 = 10.101955 s
[0]: Time for round 3 = 18.823701 s
[0]: Time for round 4 = 19.728967 s
[0]: Time for round 5 = 18.452095 s
[0]: Time for round 6 = 27.856565 s
Fatal error in PMPI_Test: Other MPI error, error stack:
PMPI_Test(166)...............: MPI_Test(request=0x23dd6db0, flag=0x7fff48dd48e0, status=0x7fff48dd49b0) failed
MPIDI_CH3I_Progress(367).....: 
MPID_nem_mpich_test_recv(754): 
MPID_nem_tcp_connpoll(1838)..: 
state_listening_handler(1906): accept of socket fd failed - Too many open files
Fatal error in PMPI_Test: Other MPI error, error stack:
PMPI_Test(166)...............: MPI_Test(request=0x2bd86f0, flag=0x7ffec3785750, status=0x7ffec3785820) failed
MPIDI_CH3I_Progress(367).....: 
MPID_nem_mpich_test_recv(754): 
MPID_nem_tcp_connpoll(1838)..: 
state_listening_handler(1906): accept of socket fd failed - Too many open files
Fatal error in PMPI_Test: Other MPI error, error stack:
PMPI_Test(166)...............: MPI_Test(request=0x2911ac0, flag=0x7ffff74cdfa0, status=0x7ffff74ce070) failed
MPIDI_CH3I_Progress(367).....: 
MPID_nem_mpich_test_recv(754): 
MPID_nem_tcp_connpoll(1838)..: 
state_listening_handler(1906): accept of socket fd failed - Too many open files
Fatal error in PMPI_Test: Other MPI error, error stack:
PMPI_Test(166)...............: MPI_Test(request=0x1d64990, flag=0x7ffffc6240e0, status=0x7ffffc6241b0) failed
MPIDI_CH3I_Progress(367).....: 
MPID_nem_mpich_test_recv(754): 
MPID_nem_tcp_connpoll(1838)..: 
state_listening_handler(1906): accept of socket fd failed - Too many open files
Fatal error in PMPI_Test: Other MPI error, error stack:
PMPI_Test(166)...............: MPI_Test(request=0x1f46320, flag=0x7ffce0668260, status=0x7ffce0668330) failed
MPIDI_CH3I_Progress(367).....: 
MPID_nem_mpich_test_recv(754): 
MPID_nem_tcp_connpoll(1838)..: 
state_listening_handler(1906): accept of socket fd failed - Too many open files
Fatal error in PMPI_Test: A process has failed, error stack:
PMPI_Test(166).............: MPI_Test(request=0x17a50a0, flag=0x7ffd3ceacbd0, status=0x7ffd3ceacca0) failed
MPIR_Test_impl(65).........: 
MPID_nem_tcp_connpoll(1826): Communication error with rank 152: Connection reset by peer
Fatal error in PMPI_Test: A process has failed, error stack:
PMPI_Test(166).............: MPI_Test(request=0x26ee3b0, flag=0x7ffd85dc5190, status=0x7ffd85dc5260) failed
MPIR_Test_impl(65).........: 
MPID_nem_tcp_connpoll(1826): Communication error with rank 152: Connection reset by peer
Fatal error in PMPI_Test: A process has failed, error stack:
PMPI_Test(166).............: MPI_Test(request=0x209d710, flag=0x7ffde5b6f8a0, status=0x7ffde5b6f970) failed
MPIR_Test_impl(65).........: 
MPID_nem_tcp_connpoll(1826): Communication error with rank 152: Connection reset by peer
Fatal error in PMPI_Test: A process has failed, error stack:
PMPI_Test(166).............: MPI_Test(request=0x29cb490, flag=0x7fffe3a36930, status=0x7fffe3a36a00) failed
MPIR_Test_impl(65).........: 
MPID_nem_tcp_connpoll(1826): Communication error with rank 152: Connection reset by peer
Fatal error in PMPI_Test: Other MPI error, error stack:
PMPI_Test(166)...............: MPI_Test(request=0x22a89ea0, flag=0x7fff575cb890, status=0x7fff575cb960) failed
MPIDI_CH3I_Progress(367).....: 
MPID_nem_mpich_test_recv(754): 
MPID_nem_tcp_connpoll(1838)..: 
state_listening_handler(1906): accept of socket fd failed - Too many open files
Fatal error in PMPI_Test: A process has failed, error stack:
PMPI_Test(166).............: MPI_Test(request=0x23415450, flag=0x7ffd40674010, status=0x7ffd406740e0) failed
MPIR_Test_impl(65).........: 
MPID_nem_tcp_connpoll(1826): Communication error with rank 152: Connection reset by peer
Fatal error in PMPI_Test: A process has failed, error stack:
PMPI_Test(166).............: MPI_Test(request=0x255d210, flag=0x7ffda0559bb0, status=0x7ffda0559c80) failed
MPIR_Test_impl(65).........: 
MPID_nem_tcp_connpoll(1826): Communication error with rank 152: Connection reset by peer
Fatal error in PMPI_Test: A process has failed, error stack:
PMPI_Test(166).............: MPI_Test(request=0x2ae6c90, flag=0x7fffc18bbef0, status=0x7fffc18bbfc0) failed
MPIR_Test_impl(65).........: 
MPID_nem_tcp_connpoll(1826): Communication error with rank 152: Connection reset by peer
Fatal error in PMPI_Test: A process has failed, error stack:
PMPI_Test(166).............: MPI_Test(request=0x358b670, flag=0x7ffd5f2a6070, status=0x7ffd5f2a6140) failed
MPIR_Test_impl(65).........: 
MPID_nem_tcp_connpoll(1826): Communication error with rank 152: Connection reset by peer
Fatal error in PMPI_Test: A process has failed, error stack:
PMPI_Test(166).............: MPI_Test(request=0xf62a10, flag=0x7fff2f6329c0, status=0x7fff2f632a90) failed
MPIR_Test_impl(65).........: 
MPID_nem_tcp_connpoll(1826): Communication error with rank 152: Connection reset by peer
Fatal error in PMPI_Test: A process has failed, error stack:
PMPI_Test(166).............: MPI_Test(request=0x2c9ca50, flag=0x7ffde07189c0, status=0x7ffde0718a90) failed
MPIR_Test_impl(65).........: 
MPID_nem_tcp_connpoll(1826): Communication error with rank 152: Connection reset by peer
Fatal error in PMPI_Test: A process has failed, error stack:
PMPI_Test(166).............: MPI_Test(request=0x1b78630, flag=0x7fffcdf19ba0, status=0x7fffcdf19c70) failed
MPIR_Test_impl(65).........: 
MPID_nem_tcp_connpoll(1826): Communication error with rank 152: Connection reset by peer
Fatal error in PMPI_Test: A process has failed, error stack:
PMPI_Test(166).............: MPI_Test(request=0x20e4770, flag=0x7fffc88d6f40, status=0x7fffc88d7010) failed
MPIR_Test_impl(65).........: 
MPID_nem_tcp_connpoll(1826): Communication error with rank 152: Connection reset by peer
Fatal error in PMPI_Test: A process has failed, error stack:
PMPI_Test(166).............: MPI_Test(request=0x2121e00, flag=0x7ffd87ce0630, status=0x7ffd87ce0700) failed
MPIR_Test_impl(65).........: 
MPID_nem_tcp_connpoll(1826): Communication error with rank 152: Connection reset by peer
Fatal error in PMPI_Test: A process has failed, error stack:
PMPI_Test(166).............: MPI_Test(request=0x36f1a80, flag=0x7ffe44742d70, status=0x7ffe44742e40) failed
MPIR_Test_impl(65).........: 
MPID_nem_tcp_connpoll(1826): Communication error with rank 152: Connection reset by peer
Fatal error in PMPI_Test: A process has failed, error stack:
PMPI_Test(166).............: MPI_Test(request=0x22282bb0, flag=0x7ffc1c39b230, status=0x7ffc1c39b300) failed
MPIR_Test_impl(65).........: 
MPID_nem_tcp_connpoll(1826): Communication error with rank 152: Connection reset by peer
Fatal error in PMPI_Test: A process has failed, error stack:
PMPI_Test(166).............: MPI_Test(request=0x23d6a30, flag=0x7ffc8f9c5800, status=0x7ffc8f9c58d0) failed
MPIR_Test_impl(65).........: 
MPID_nem_tcp_connpoll(1826): Communication error with rank 152: Connection reset by peer
Fatal error in PMPI_Test: A process has failed, error stack:
PMPI_Test(166).............: MPI_Test(request=0x1eb2070, flag=0x7ffdf0adafb0, status=0x7ffdf0adb080) failed
MPIR_Test_impl(65).........: 
MPID_nem_tcp_connpoll(1826): Communication error with rank 152: Connection reset by peer
Fatal error in PMPI_Test: A process has failed, error stack:
PMPI_Test(166).............: MPI_Test(request=0x2407e760, flag=0x7ffc276c6ed0, status=0x7ffc276c6fa0) failed
MPIR_Test_impl(65).........: 
MPID_nem_tcp_connpoll(1826): Communication error with rank 152: Connection reset by peer
Fatal error in PMPI_Test: A process has failed, error stack:
PMPI_Test(166).............: MPI_Test(request=0x1a8a4a0, flag=0x7ffeae495af0, status=0x7ffeae495bc0) failed
MPIR_Test_impl(65).........: 
MPID_nem_tcp_connpoll(1826): Communication error with rank 152: Connection reset by peer
Fatal error in PMPI_Test: A process has failed, error stack:
PMPI_Test(166).............: MPI_Test(request=0x2ecb060, flag=0x7fffa347f1b0, status=0x7fffa347f280) failed
MPIR_Test_impl(65).........: 
MPID_nem_tcp_connpoll(1826): Communication error with rank 152: Connection reset by peer
Fatal error in PMPI_Test: A process has failed, error stack:
PMPI_Test(166).............: MPI_Test(request=0x343a600, flag=0x7ffeb73907e0, status=0x7ffeb73908b0) failed
MPIR_Test_impl(65).........: 
MPID_nem_tcp_connpoll(1826): Communication error with rank 152: Connection reset by peer
Fatal error in PMPI_Test: A process has failed, error stack:
PMPI_Test(166).............: MPI_Test(request=0x1dcd720, flag=0x7ffe1558c810, status=0x7ffe1558c8e0) failed
MPIR_Test_impl(65).........: 
MPID_nem_tcp_connpoll(1826): Communication error with rank 152: Connection reset by peer
Fatal error in PMPI_Test: A process has failed, error stack:
PMPI_Test(166).............: MPI_Test(request=0x111f3a0, flag=0x7fff3ac25e40, status=0x7fff3ac25f10) failed
MPIR_Test_impl(65).........: 
MPID_nem_tcp_connpoll(1826): Communication error with rank 152: Connection reset by peer
Fatal error in PMPI_Test: A process has failed, error stack:
PMPI_Test(166).............: MPI_Test(request=0xcd33d0, flag=0x7ffc8a82f6b0, status=0x7ffc8a82f780) failed
MPIR_Test_impl(65).........: 
MPID_nem_tcp_connpoll(1826): Communication error with rank 152: Connection reset by peer
Fatal error in PMPI_Test: A process has failed, error stack:
PMPI_Test(166).............: MPI_Test(request=0x11a7920, flag=0x7ffe521ea4a0, status=0x7ffe521ea570) failed
MPIR_Test_impl(65).........: 
MPID_nem_tcp_connpoll(1826): Communication error with rank 152: Connection reset by peer
Fatal error in PMPI_Test: A process has failed, error stack:
PMPI_Test(166).............: MPI_Test(request=0x200ad90, flag=0x7ffcc6bc5f60, status=0x7ffcc6bc6030) failed
MPIR_Test_impl(65).........: 
MPID_nem_tcp_connpoll(1826): Communication error with rank 152: Connection reset by peer
Fatal error in PMPI_Test: A process has failed, error stack:
PMPI_Test(166).............: MPI_Test(request=0x20f9cc0, flag=0x7ffecee16b20, status=0x7ffecee16bf0) failed
MPIR_Test_impl(65).........: 
MPID_nem_tcp_connpoll(1826): Communication error with rank 152: Connection reset by peer
Fatal error in PMPI_Test: A process has failed, error stack:
PMPI_Test(166).............: MPI_Test(request=0x2d5daa0, flag=0x7ffcba9b3fc0, status=0x7ffcba9b4090) failed
MPIR_Test_impl(65).........: 
MPID_nem_tcp_connpoll(1826): Communication error with rank 152: Connection reset by peer
Fatal error in PMPI_Test: A process has failed, error stack:
PMPI_Test(166).............: MPI_Test(request=0x230cbb10, flag=0x7fff60471b40, status=0x7fff60471c10) failed
MPIR_Test_impl(65).........: 
MPID_nem_tcp_connpoll(1826): Communication error with rank 152: Connection reset by peer
Fatal error in PMPI_Test: A process has failed, error stack:
PMPI_Test(166).............: MPI_Test(request=0x2a3af10, flag=0x7fff7ab63a60, status=0x7fff7ab63b30) failed
MPIR_Test_impl(65).........: 
MPID_nem_tcp_connpoll(1826): Communication error with rank 152: Connection reset by peer
Fatal error in PMPI_Test: A process has failed, error stack:
PMPI_Test(166).............: MPI_Test(request=0x271ed40, flag=0x7ffce9434180, status=0x7ffce9434250) failed
MPIR_Test_impl(65).........: 
MPID_nem_tcp_connpoll(1826): Communication error with rank 152: Connection reset by peer
Fatal error in PMPI_Test: A process has failed, error stack:
PMPI_Test(166).............: MPI_Test(request=0x18efde0, flag=0x7ffc714a7050, status=0x7ffc714a7120) failed
MPIR_Test_impl(65).........: 
MPID_nem_tcp_connpoll(1826): Communication error with rank 152: Connection reset by peer
Fatal error in PMPI_Test: A process has failed, error stack:
PMPI_Test(166).............: MPI_Test(request=0x3b71b10, flag=0x7ffefcfa33a0, status=0x7ffefcfa3470) failed
MPIR_Test_impl(65).........: 
MPID_nem_tcp_connpoll(1826): Communication error with rank 152: Connection reset by peer
Fatal error in PMPI_Test: A process has failed, error stack:
PMPI_Test(166).............: MPI_Test(request=0x2cc4710, flag=0x7ffe97d0c750, status=0x7ffe97d0c820) failed
MPIR_Test_impl(65).........: 
MPID_nem_tcp_connpoll(1826): Communication error with rank 152: Connection reset by peer
Fatal error in PMPI_Test: A process has failed, error stack:
PMPI_Test(166).............: MPI_Test(request=0x222b2870, flag=0x7ffd55496050, status=0x7ffd55496120) failed
MPIR_Test_impl(65).........: 
MPID_nem_tcp_connpoll(1826): Communication error with rank 152: Connection reset by peer
Fatal error in PMPI_Test: A process has failed, error stack:
PMPI_Test(166).............: MPI_Test(request=0x2de8ca0, flag=0x7ffe20fb20e0, status=0x7ffe20fb21b0) failed
MPIR_Test_impl(65).........: 
MPID_nem_tcp_connpoll(1826): Communication error with rank 152: Connection reset by peer
Fatal error in PMPI_Test: A process has failed, error stack:
PMPI_Test(166).............: MPI_Test(request=0x2ba4410, flag=0x7ffd7738dd30, status=0x7ffd7738de00) failed
MPIR_Test_impl(65).........: 
MPID_nem_tcp_connpoll(1826): Communication error with rank 152: Connection reset by peer
Fatal error in PMPI_Test: A process has failed, error stack:
PMPI_Test(166).............: MPI_Test(request=0x14a4390, flag=0x7ffce1d2bbc0, status=0x7ffce1d2bc90) failed
MPIR_Test_impl(65).........: 
MPID_nem_tcp_connpoll(1826): Communication error with rank 152: Connection reset by peer
Fatal error in PMPI_Test: A process has failed, error stack:
PMPI_Test(166).............: MPI_Test(request=0x232172f0, flag=0x7fff0e190430, status=0x7fff0e190500) failed
MPIR_Test_impl(65).........: 
MPID_nem_tcp_connpoll(1826): Communication error with rank 152: Connection reset by peer
Fatal error in PMPI_Test: A process has failed, error stack:
PMPI_Test(166).............: MPI_Test(request=0x231333c0, flag=0x7ffe3e5e1f20, status=0x7ffe3e5e1ff0) failed
MPIR_Test_impl(65).........: 
MPID_nem_tcp_connpoll(1826): Communication error with rank 152: Connection reset by peer
Fatal error in PMPI_Test: A process has failed, error stack:
PMPI_Test(166).............: MPI_Test(request=0x1a5cf30, flag=0x7fff6bfe8490, status=0x7fff6bfe8560) failed
MPIR_Test_impl(65).........: 
MPID_nem_tcp_connpoll(1826): Communication error with rank 152: Connection reset by peer
Fatal error in PMPI_Test: A process has failed, error stack:
PMPI_Test(166).............: MPI_Test(request=0x2405f70, flag=0x7fffc35700f0, status=0x7fffc35701c0) failed
MPIR_Test_impl(65).........: 
MPID_nem_tcp_connpoll(1826): Communication error with rank 152: Connection reset by peer
Fatal error in PMPI_Test: A process has failed, error stack:
PMPI_Test(166).............: MPI_Test(request=0x2315f7d0, flag=0x7ffd53e12ac0, status=0x7ffd53e12b90) failed
MPIR_Test_impl(65).........: 
MPID_nem_tcp_connpoll(1826): Communication error with rank 152: Connection reset by peer
Fatal error in PMPI_Test: A process has failed, error stack:
PMPI_Test(166).............: MPI_Test(request=0x358baf0, flag=0x7ffe0768e730, status=0x7ffe0768e800) failed
MPIR_Test_impl(65).........: 
MPID_nem_tcp_connpoll(1826): Communication error with rank 152: Connection reset by peer
Fatal error in PMPI_Test: A process has failed, error stack:
PMPI_Test(166).............: MPI_Test(request=0x32e64b0, flag=0x7ffe0b69adc0, status=0x7ffe0b69ae90) failed
MPIR_Test_impl(65).........: 
MPID_nem_tcp_connpoll(1826): Communication error with rank 152: Connection reset by peer
Fatal error in PMPI_Test: A process has failed, error stack:
PMPI_Test(166).............: MPI_Test(request=0x2729c60, flag=0x7ffee25a3620, status=0x7ffee25a36f0) failed
MPIR_Test_impl(65).........: 
MPID_nem_tcp_connpoll(1826): Communication error with rank 152: Connection reset by peer
Fatal error in PMPI_Test: A process has failed, error stack:
PMPI_Test(166).............: MPI_Test(request=0x2dcf9d0, flag=0x7ffd0a5f2890, status=0x7ffd0a5f2960) failed
MPIR_Test_impl(65).........: 
MPID_nem_tcp_connpoll(1826): Communication error with rank 152: Connection reset by peer
Fatal error in PMPI_Test: A process has failed, error stack:
PMPI_Test(166).............: MPI_Test(request=0x26361e0, flag=0x7fff01c37450, status=0x7fff01c37520) failed
MPIR_Test_impl(65).........: 
MPID_nem_tcp_connpoll(1826): Communication error with rank 152: Connection reset by peer
Fatal error in PMPI_Test: A process has failed, error stack:
PMPI_Test(166).............: MPI_Test(request=0x25928d0, flag=0x7ffd76915060, status=0x7ffd76915130) failed
MPIR_Test_impl(65).........: 
MPID_nem_tcp_connpoll(1826): Communication error with rank 152: Connection reset by peer
Fatal error in PMPI_Test: A process has failed, error stack:
PMPI_Test(166).............: MPI_Test(request=0x2899960, flag=0x7ffd3ae10c00, status=0x7ffd3ae10cd0) failed
MPIR_Test_impl(65).........: 
MPID_nem_tcp_connpoll(1826): Communication error with rank 152: Connection reset by peer
Fatal error in PMPI_Test: A process has failed, error stack:
PMPI_Test(166).............: MPI_Test(request=0x2c6f280, flag=0x7ffcdf9d0370, status=0x7ffcdf9d0440) failed
MPIR_Test_impl(65).........: 
MPID_nem_tcp_connpoll(1826): Communication error with rank 152: Connection reset by peer
Fatal error in PMPI_Test: A process has failed, error stack:
PMPI_Test(166).............: MPI_Test(request=0x2d9a2c0, flag=0x7ffc88a228c0, status=0x7ffc88a22990) failed
MPIR_Test_impl(65).........: 
MPID_nem_tcp_connpoll(1826): Communication error with rank 152: Connection reset by peer
Fatal error in PMPI_Test: A process has failed, error stack:
PMPI_Test(166).............: MPI_Test(request=0x2f12390, flag=0x7fffbf75f560, status=0x7fffbf75f630) failed
MPIR_Test_impl(65).........: 
MPID_nem_tcp_connpoll(1826): Communication error with rank 152: Connection reset by peer
Fatal error in PMPI_Test: A process has failed, error stack:
PMPI_Test(166).............: MPI_Test(request=0x2c65630, flag=0x7fff0edfd4e0, status=0x7fff0edfd5b0) failed
MPIR_Test_impl(65).........: 
MPID_nem_tcp_connpoll(1826): Communication error with rank 152: Connection reset by peer
Fatal error in PMPI_Test: A process has failed, error stack:
PMPI_Test(166).............: MPI_Test(request=0x2e33160, flag=0x7fffc2be1bc0, status=0x7fffc2be1c90) failed
MPIR_Test_impl(65).........: 
MPID_nem_tcp_connpoll(1826): Communication error with rank 152: Connection reset by peer
Fatal error in PMPI_Test: A process has failed, error stack:
PMPI_Test(166).............: MPI_Test(request=0x2f59c40, flag=0x7ffc176703d0, status=0x7ffc176704a0) failed
MPIR_Test_impl(65).........: 
MPID_nem_tcp_connpoll(1826): Communication error with rank 152: Connection reset by peer
Fatal error in PMPI_Test: A process has failed, error stack:
PMPI_Test(166).............: MPI_Test(request=0x166c780, flag=0x7ffeba5e2900, status=0x7ffeba5e29d0) failed
MPIR_Test_impl(65).........: 
MPID_nem_tcp_connpoll(1826): Communication error with rank 152: Connection reset by peer
Fatal error in PMPI_Test: A process has failed, error stack:
PMPI_Test(166).............: MPI_Test(request=0x222be880, flag=0x7ffc1ca6a770, status=0x7ffc1ca6a840) failed
MPIR_Test_impl(65).........: 
MPID_nem_tcp_connpoll(1826): Communication error with rank 152: Connection reset by peer
Fatal error in PMPI_Test: A process has failed, error stack:
PMPI_Test(166).............: MPI_Test(request=0x2154f80, flag=0x7ffdb61c8b00, status=0x7ffdb61c8bd0) failed
MPIR_Test_impl(65).........: 
MPID_nem_tcp_connpoll(1826): Communication error with rank 152: Connection reset by peer
Fatal error in PMPI_Test: A process has failed, error stack:
PMPI_Test(166).............: MPI_Test(request=0x22b81540, flag=0x7fff31df5bc0, status=0x7fff31df5c90) failed
MPIR_Test_impl(65).........: 
MPID_nem_tcp_connpoll(1826): Communication error with rank 152: Connection reset by peer
Fatal error in PMPI_Test: A process has failed, error stack:
PMPI_Test(166).............: MPI_Test(request=0x271dad0, flag=0x7ffe33bdbc00, status=0x7ffe33bdbcd0) failed
MPIR_Test_impl(65).........: 
MPID_nem_tcp_connpoll(1826): Communication error with rank 152: Connection reset by peer
Fatal error in PMPI_Test: A process has failed, error stack:
PMPI_Test(166).............: MPI_Test(request=0x3259c70, flag=0x7ffeb1f6b370, status=0x7ffeb1f6b440) failed
MPIR_Test_impl(65).........: 
MPID_nem_tcp_connpoll(1826): Communication error with rank 152: Connection reset by peer
Fatal error in PMPI_Test: A process has failed, error stack:
PMPI_Test(166).............: MPI_Test(request=0x1dc1210, flag=0x7fff90355330, status=0x7fff90355400) failed
MPIR_Test_impl(65).........: 
MPID_nem_tcp_connpoll(1826): Communication error with rank 152: Connection reset by peer
Fatal error in PMPI_Test: A process has failed, error stack:
PMPI_Test(166).............: MPI_Test(request=0x2eb2d80, flag=0x7ffe7fe905e0, status=0x7ffe7fe906b0) failed
MPIR_Test_impl(65).........: 
MPID_nem_tcp_connpoll(1826): Communication error with rank 152: Connection reset by peer
Fatal error in PMPI_Test: A process has failed, error stack:
PMPI_Test(166).............: MPI_Test(request=0x161f8f0, flag=0x7ffe2e1294d0, status=0x7ffe2e1295a0) failed
MPIR_Test_impl(65).........: 
MPID_nem_tcp_connpoll(1826): Communication error with rank 152: Connection reset by peer
Fatal error in PMPI_Test: A process has failed, error stack:
PMPI_Test(166).............: MPI_Test(request=0x1d08300, flag=0x7ffe966b58d0, status=0x7ffe966b59a0) failed
MPIR_Test_impl(65).........: 
MPID_nem_tcp_connpoll(1826): Communication error with rank 152: Connection reset by peer
Fatal error in PMPI_Test: A process has failed, error stack:
PMPI_Test(166).............: MPI_Test(request=0x221fb50, flag=0x7ffe841a0750, status=0x7ffe841a0820) failed
MPIR_Test_impl(65).........: 
MPID_nem_tcp_connpoll(1826): Communication error with rank 152: Connection reset by peer
Fatal error in PMPI_Test: A process has failed, error stack:
PMPI_Test(166).............: MPI_Test(request=0x2522640, flag=0x7ffecce81f00, status=0x7ffecce81fd0) failed
MPIR_Test_impl(65).........: 
MPID_nem_tcp_connpoll(1826): Communication error with rank 152: Connection reset by peer
Fatal error in PMPI_Test: A process has failed, error stack:
PMPI_Test(166).............: MPI_Test(request=0x1caed30, flag=0x7fff1455d2d0, status=0x7fff1455d3a0) failed
MPIR_Test_impl(65).........: 
MPID_nem_tcp_connpoll(1826): Communication error with rank 152: Connection reset by peer
Fatal error in PMPI_Test: A process has failed, error stack:
PMPI_Test(166).............: MPI_Test(request=0x2d01900, flag=0x7fffca7e1ec0, status=0x7fffca7e1f90) failed
MPIR_Test_impl(65).........: 
MPID_nem_tcp_connpoll(1826): Communication error with rank 152: Connection reset by peer
Fatal error in PMPI_Test: A process has failed, error stack:
PMPI_Test(166).............: MPI_Test(request=0x233e7270, flag=0x7ffe9874aba0, status=0x7ffe9874ac70) failed
MPIR_Test_impl(65).........: 
MPID_nem_tcp_connpoll(1826): Communication error with rank 152: Connection reset by peer
Fatal error in PMPI_Test: A process has failed, error stack:
PMPI_Test(166).............: MPI_Test(request=0x2b13c10, flag=0x7ffeccdacc60, status=0x7ffeccdacd30) failed
MPIR_Test_impl(65).........: 
MPID_nem_tcp_connpoll(1826): Communication error with rank 152: Connection reset by peer
Fatal error in PMPI_Test: A process has failed, error stack:
PMPI_Test(166).............: MPI_Test(request=0x14896f0, flag=0x7ffc86feef20, status=0x7ffc86feeff0) failed
MPIR_Test_impl(65).........: 
MPID_nem_tcp_connpoll(1826): Communication error with rank 152: Connection reset by peer
Fatal error in PMPI_Test: A process has failed, error stack:
PMPI_Test(166).............: MPI_Test(request=0x1325380, flag=0x7fffa6dde7c0, status=0x7fffa6dde890) failed
MPIR_Test_impl(65).........: 
MPID_nem_tcp_connpoll(1826): Communication error with rank 152: Connection reset by peer
Fatal error in PMPI_Test: A process has failed, error stack:
PMPI_Test(166).............: MPI_Test(request=0x3171290, flag=0x7ffc8cbd3120, status=0x7ffc8cbd31f0) failed
MPIR_Test_impl(65).........: 
MPID_nem_tcp_connpoll(1826): Communication error with rank 152: Connection reset by peer
Fatal error in PMPI_Test: A process has failed, error stack:
PMPI_Test(166).............: MPI_Test(request=0x32ad150, flag=0x7ffc922f0760, status=0x7ffc922f0830) failed
MPIR_Test_impl(65).........: 
MPID_nem_tcp_connpoll(1826): Communication error with rank 152: Connection reset by peer
Fatal error in PMPI_Test: A process has failed, error stack:
PMPI_Test(166).............: MPI_Test(request=0x2360be0, flag=0x7fff0084b2c0, status=0x7fff0084b390) failed
MPIR_Test_impl(65).........: 
MPID_nem_tcp_connpoll(1826): Communication error with rank 152: Connection reset by peer
Fatal error in PMPI_Test: A process has failed, error stack:
PMPI_Test(166).............: MPI_Test(request=0x1baf780, flag=0x7ffc367f21b0, status=0x7ffc367f2280) failed
MPIR_Test_impl(65).........: 
MPID_nem_tcp_connpoll(1826): Communication error with rank 152: Connection reset by peer
Fatal error in PMPI_Test: A process has failed, error stack:
PMPI_Test(166).............: MPI_Test(request=0x251a080, flag=0x7ffe854f26a0, status=0x7ffe854f2770) failed
MPIR_Test_impl(65).........: 
MPID_nem_tcp_connpoll(1826): Communication error with rank 152: Connection reset by peer
Fatal error in PMPI_Test: A process has failed, error stack:
PMPI_Test(166).............: MPI_Test(request=0x2e9d580, flag=0x7ffd39ea5a70, status=0x7ffd39ea5b40) failed
MPIR_Test_impl(65).........: 
MPID_nem_tcp_connpoll(1826): Communication error with rank 152: Connection reset by peer
Fatal error in PMPI_Test: A process has failed, error stack:
PMPI_Test(166).............: MPI_Test(request=0x2ac1900, flag=0x7ffd2db535c0, status=0x7ffd2db53690) failed
MPIR_Test_impl(65).........: 
MPID_nem_tcp_connpoll(1826): Communication error with rank 152: Connection reset by peer
Fatal error in PMPI_Test: A process has failed, error stack:
PMPI_Test(166).............: MPI_Test(request=0x2b29df0, flag=0x7fffd67befb0, status=0x7fffd67bf080) failed
MPIR_Test_impl(65).........: 
MPID_nem_tcp_connpoll(1826): Communication error with rank 152: Connection reset by peer
Fatal error in PMPI_Test: A process has failed, error stack:
PMPI_Test(166).............: MPI_Test(request=0x18e4da0, flag=0x7ffe3144d6e0, status=0x7ffe3144d7b0) failed
MPIR_Test_impl(65).........: 
MPID_nem_tcp_connpoll(1826): Communication error with rank 152: Connection reset by peer
Fatal error in PMPI_Test: A process has failed, error stack:
PMPI_Test(166).............: MPI_Test(request=0x2bc9ee0, flag=0x7fff09e639f0, status=0x7fff09e63ac0) failed
MPIR_Test_impl(65).........: 
MPID_nem_tcp_connpoll(1826): Communication error with rank 152: Connection reset by peer
Fatal error in PMPI_Test: A process has failed, error stack:
PMPI_Test(166).............: MPI_Test(request=0x20f1b40, flag=0x7fff52db0c80, status=0x7fff52db0d50) failed
MPIR_Test_impl(65).........: 
MPID_nem_tcp_connpoll(1826): Communication error with rank 152: Connection reset by peer
Fatal error in PMPI_Test: A process has failed, error stack:
PMPI_Test(166).............: MPI_Test(request=0x2f15440, flag=0x7ffc4765b090, status=0x7ffc4765b160) failed
MPIR_Test_impl(65).........: 
MPID_nem_tcp_connpoll(1826): Communication error with rank 152: Connection reset by peer
Fatal error in PMPI_Test: Other MPI error, error stack:
PMPI_Test(166)...............: MPI_Test(request=0x2891e80, flag=0x7ffd2ab3edf0, status=0x7ffd2ab3eec0) failed
MPIDI_CH3I_Progress(367).....: 
MPID_nem_mpich_test_recv(754): 
MPID_nem_tcp_connpoll(1838)..: 
state_listening_handler(1906): accept of socket fd failed - Too many open files
Fatal error in PMPI_Test: A process has failed, error stack:
PMPI_Test(166).............: MPI_Test(request=0x2892230, flag=0x7ffeddf9dcd0, status=0x7ffeddf9dda0) failed
MPIR_Test_impl(65).........: 
MPID_nem_tcp_connpoll(1826): Communication error with rank 152: Connection reset by peer
Fatal error in PMPI_Test: A process has failed, error stack:
PMPI_Test(166).............: MPI_Test(request=0x2435100, flag=0x7ffe39399bb0, status=0x7ffe39399c80) failed
MPIR_Test_impl(65).........: 
MPID_nem_tcp_connpoll(1826): Communication error with rank 152: Connection reset by peer
Fatal error in PMPI_Test: A process has failed, error stack:
PMPI_Test(166).............: MPI_Test(request=0x280a7f0, flag=0x7ffd984d26e0, status=0x7ffd984d27b0) failed
MPIR_Test_impl(65).........: 
MPID_nem_tcp_connpoll(1826): Communication error with rank 152: Connection reset by peer
Fatal error in PMPI_Test: Other MPI error, error stack:
PMPI_Test(166)...............: MPI_Test(request=0x2caf450, flag=0x7ffe22303480, status=0x7ffe22303550) failed
MPIDI_CH3I_Progress(367).....: 
MPID_nem_mpich_test_recv(754): 
MPID_nem_tcp_connpoll(1838)..: 
state_listening_handler(1906): accept of socket fd failed - Too many open files
Fatal error in PMPI_Test: A process has failed, error stack:
PMPI_Test(166).............: MPI_Test(request=0x321bef0, flag=0x7ffea2d92e50, status=0x7ffea2d92f20) failed
MPIR_Test_impl(65).........: 
MPID_nem_tcp_connpoll(1826): Communication error with rank 152: Connection reset by peer
Fatal error in PMPI_Test: A process has failed, error stack:
PMPI_Test(166).............: MPI_Test(request=0x12d3be0, flag=0x7ffdf49153c0, status=0x7ffdf4915490) failed
MPIR_Test_impl(65).........: 
MPID_nem_tcp_connpoll(1826): Communication error with rank 152: Connection reset by peer
Fatal error in PMPI_Test: A process has failed, error stack:
PMPI_Test(166).............: MPI_Test(request=0x1c78da0, flag=0x7ffe6835bd30, status=0x7ffe6835be00) failed
MPIR_Test_impl(65).........: 
MPID_nem_tcp_connpoll(1826): Communication error with rank 152: Connection reset by peer
Fatal error in PMPI_Test: A process has failed, error stack:
PMPI_Test(166).............: MPI_Test(request=0x222c880, flag=0x7fff2da4cac0, status=0x7fff2da4cb90) failed
MPIR_Test_impl(65).........: 
MPID_nem_tcp_connpoll(1826): Communication error with rank 152: Connection reset by peer
Fatal error in PMPI_Test: A process has failed, error stack:
PMPI_Test(166).............: MPI_Test(request=0x26b1d70, flag=0x7fff59f41590, status=0x7fff59f41660) failed
MPIR_Test_impl(65).........: 
MPID_nem_tcp_connpoll(1826): Communication error with rank 152: Connection reset by peer
Fatal error in PMPI_Test: A process has failed, error stack:
PMPI_Test(166).............: MPI_Test(request=0x20754a0, flag=0x7ffddc0a4cc0, status=0x7ffddc0a4d90) failed
MPIR_Test_impl(65).........: 
MPID_nem_tcp_connpoll(1826): Communication error with rank 152: Connection reset by peer
Fatal error in PMPI_Test: A process has failed, error stack:
PMPI_Test(166).............: MPI_Test(request=0x2ff6350, flag=0x7ffc727236b0, status=0x7ffc72723780) failed
MPIR_Test_impl(65).........: 
MPID_nem_tcp_connpoll(1826): Communication error with rank 152: Connection reset by peer
Fatal error in PMPI_Test: A process has failed, error stack:
PMPI_Test(166).............: MPI_Test(request=0x1422510, flag=0x7ffcfa72eb30, status=0x7ffcfa72ec00) failed
MPIR_Test_impl(65).........: 
MPID_nem_tcp_connpoll(1826): Communication error with rank 152: Connection reset by peer
Fatal error in PMPI_Test: A process has failed, error stack:
PMPI_Test(166).............: MPI_Test(request=0x306eb80, flag=0x7ffe92e33510, status=0x7ffe92e335e0) failed
MPIR_Test_impl(65).........: 
MPID_nem_tcp_connpoll(1826): Communication error with rank 152: Connection reset by peer
Fatal error in PMPI_Test: A process has failed, error stack:
PMPI_Test(166).............: MPI_Test(request=0x16c0ba0, flag=0x7ffedeb28ad0, status=0x7ffedeb28ba0) failed
MPIR_Test_impl(65).........: 
MPID_nem_tcp_connpoll(1826): Communication error with rank 152: Connection reset by peer
Fatal error in PMPI_Test: A process has failed, error stack:
PMPI_Test(166).............: MPI_Test(request=0x2f62350, flag=0x7ffeedac9400, status=0x7ffeedac94d0) failed
MPIR_Test_impl(65).........: 
MPID_nem_tcp_connpoll(1826): Communication error with rank 152: Connection reset by peer
Fatal error in PMPI_Test: A process has failed, error stack:
PMPI_Test(166).............: MPI_Test(request=0x21eab50, flag=0x7ffd867be870, status=0x7ffd867be940) failed
MPIR_Test_impl(65).........: 
MPID_nem_tcp_connpoll(1826): Communication error with rank 152: Connection reset by peer
Fatal error in PMPI_Test: A process has failed, error stack:
PMPI_Test(166).............: MPI_Test(request=0x1fe7630, flag=0x7ffdf4407390, status=0x7ffdf4407460) failed
MPIR_Test_impl(65).........: 
MPID_nem_tcp_connpoll(1826): Communication error with rank 152: Connection reset by peer
Fatal error in PMPI_Test: A process has failed, error stack:
PMPI_Test(166).............: MPI_Test(request=0x20f2ad0, flag=0x7ffd6c6f5280, status=0x7ffd6c6f5350) failed
MPIR_Test_impl(65).........: 
MPID_nem_tcp_connpoll(1826): Communication error with rank 152: Connection reset by peer
Fatal error in PMPI_Test: A process has failed, error stack:
PMPI_Test(166).............: MPI_Test(request=0x1ab2b10, flag=0x7ffe40849ee0, status=0x7ffe40849fb0) failed
MPIR_Test_impl(65).........: 
MPID_nem_tcp_connpoll(1826): Communication error with rank 152: Connection reset by peer
Fatal error in PMPI_Test: A process has failed, error stack:
PMPI_Test(166).............: MPI_Test(request=0x217d9d0, flag=0x7ffdd25b2160, status=0x7ffdd25b2230) failed
MPIR_Test_impl(65).........: 
MPID_nem_tcp_connpoll(1826): Communication error with rank 152: Connection reset by peer
Fatal error in PMPI_Test: A process has failed, error stack:
PMPI_Test(166).............: MPI_Test(request=0x29221a0, flag=0x7ffc6267aa00, status=0x7ffc6267aad0) failed
MPIR_Test_impl(65).........: 
MPID_nem_tcp_connpoll(1826): Communication error with rank 152: Connection reset by peer
Fatal error in PMPI_Test: A process has failed, error stack:
PMPI_Test(166).............: MPI_Test(request=0x1b058a0, flag=0x7ffd19ab68c0, status=0x7ffd19ab6990) failed
MPIR_Test_impl(65).........: 
MPID_nem_tcp_connpoll(1826): Communication error with rank 152: Connection reset by peer
Fatal error in PMPI_Test: A process has failed, error stack:
PMPI_Test(166).............: MPI_Test(request=0x1b1fef0, flag=0x7ffe8d626560, status=0x7ffe8d626630) failed
MPIR_Test_impl(65).........: 
MPID_nem_tcp_connpoll(1826): Communication error with rank 152: Connection reset by peer
Fatal error in PMPI_Test: A process has failed, error stack:
PMPI_Test(166).............: MPI_Test(request=0x2ee0f30, flag=0x7ffcc619db40, status=0x7ffcc619dc10) failed
MPIR_Test_impl(65).........: 
MPID_nem_tcp_connpoll(1826): Communication error with rank 152: Connection reset by peer
Fatal error in PMPI_Test: A process has failed, error stack:
PMPI_Test(166).............: MPI_Test(request=0x2d12dd0, flag=0x7ffc7e2b7130, status=0x7ffc7e2b7200) failed
MPIR_Test_impl(65).........: 
MPID_nem_tcp_connpoll(1826): Communication error with rank 152: Connection reset by peer
Fatal error in PMPI_Test: A process has failed, error stack:
PMPI_Test(166).............: MPI_Test(request=0x1d8bc00, flag=0x7ffd764c5cc0, status=0x7ffd764c5d90) failed
MPIR_Test_impl(65).........: 
MPID_nem_tcp_connpoll(1826): Communication error with rank 583: Connection reset by peer
Fatal error in PMPI_Test: A process has failed, error stack:
PMPI_Test(166).............: MPI_Test(request=0x3375140, flag=0x7fff9b2d5400, status=0x7fff9b2d54d0) failed
MPIR_Test_impl(65).........: 
MPID_nem_tcp_connpoll(1826): Communication error with rank 583: Connection reset by peer
Fatal error in PMPI_Test: A process has failed, error stack:
PMPI_Test(166).............: MPI_Test(request=0x17eb940, flag=0x7ffdd9875880, status=0x7ffdd9875950) failed
MPIR_Test_impl(65).........: 
MPID_nem_tcp_connpoll(1826): Communication error with rank 583: Connection reset by peer
Fatal error in PMPI_Test: A process has failed, error stack:
PMPI_Test(166).............: MPI_Test(request=0x2fc6c70, flag=0x7ffd6b13acc0, status=0x7ffd6b13ad90) failed
MPIR_Test_impl(65).........: 
MPID_nem_tcp_connpoll(1826): Communication error with rank 583: Connection reset by peer
Fatal error in PMPI_Test: A process has failed, error stack:
PMPI_Test(166).............: MPI_Test(request=0x21bbd20, flag=0x7ffc1cb15290, status=0x7ffc1cb15360) failed
MPIR_Test_impl(65).........: 
MPID_nem_tcp_connpoll(1826): Communication error with rank 583: Connection reset by peer
Fatal error in PMPI_Test: A process has failed, error stack:
PMPI_Test(166).............: MPI_Test(request=0x1e33a90, flag=0x7fff00a1f680, status=0x7fff00a1f750) failed
MPIR_Test_impl(65).........: 
MPID_nem_tcp_connpoll(1826): Communication error with rank 583: Connection reset by peer
Fatal error in PMPI_Test: A process has failed, error stack:
PMPI_Test(166).............: MPI_Test(request=0x2015220, flag=0x7fff5f898080, status=0x7fff5f898150) failed
MPIR_Test_impl(65).........: 
MPID_nem_tcp_connpoll(1826): Communication error with rank 583: Connection reset by peer
Fatal error in PMPI_Test: A process has failed, error stack:
PMPI_Test(166).............: MPI_Test(request=0x274d070, flag=0x7ffc06e75490, status=0x7ffc06e75560) failed
MPIR_Test_impl(65).........: 
MPID_nem_tcp_connpoll(1826): Communication error with rank 583: Connection reset by peer
Fatal error in PMPI_Test: A process has failed, error stack:
PMPI_Test(166).............: MPI_Test(request=0x1ba8740, flag=0x7ffe1f6a5b70, status=0x7ffe1f6a5c40) failed
MPIR_Test_impl(65).........: 
MPID_nem_tcp_connpoll(1826): Communication error with rank 583: Connection reset by peer
Fatal error in PMPI_Test: A process has failed, error stack:
PMPI_Test(166).............: MPI_Test(request=0x18c2bc0, flag=0x7ffde5b1efe0, status=0x7ffde5b1f0b0) failed
MPIR_Test_impl(65).........: 
MPID_nem_tcp_connpoll(1826): Communication error with rank 583: Connection reset by peer
Fatal error in PMPI_Test: A process has failed, error stack:
PMPI_Test(166).............: MPI_Test(request=0x1835000, flag=0x7ffee92632f0, status=0x7ffee92633c0) failed
MPIR_Test_impl(65).........: 
MPID_nem_tcp_connpoll(1826): Communication error with rank 583: Connection reset by peer
Fatal error in PMPI_Test: A process has failed, error stack:
PMPI_Test(166).............: MPI_Test(request=0x1c0e370, flag=0x7ffe66e4c310, status=0x7ffe66e4c3e0) failed
MPIR_Test_impl(65).........: 
MPID_nem_tcp_connpoll(1826): Communication error with rank 583: Connection reset by peer
Fatal error in PMPI_Test: A process has failed, error stack:
PMPI_Test(166).............: MPI_Test(request=0x2a63b50, flag=0x7ffe4d8d33e0, status=0x7ffe4d8d34b0) failed
MPIR_Test_impl(65).........: 
MPID_nem_tcp_connpoll(1826): Communication error with rank 583: Connection reset by peer
Fatal error in PMPI_Test: A process has failed, error stack:
PMPI_Test(166).............: MPI_Test(request=0x328c870, flag=0x7fff0e192d40, status=0x7fff0e192e10) failed
MPIR_Test_impl(65).........: 
MPID_nem_tcp_connpoll(1826): Communication error with rank 583: Connection reset by peer
Fatal error in PMPI_Test: A process has failed, error stack:
PMPI_Test(166).............: MPI_Test(request=0x1c38040, flag=0x7fff53b59fb0, status=0x7fff53b5a080) failed
MPIR_Test_impl(65).........: 
MPID_nem_tcp_connpoll(1826): Communication error with rank 583: Connection reset by peer
Fatal error in PMPI_Test: A process has failed, error stack:
PMPI_Test(166).............: MPI_Test(request=0x1dcd080, flag=0x7fff2d43b0f0, status=0x7fff2d43b1c0) failed
MPIR_Test_impl(65).........: 
MPID_nem_tcp_connpoll(1826): Communication error with rank 583: Connection reset by peer
Fatal error in PMPI_Test: Other MPI error, error stack:
PMPI_Test(166)...............: MPI_Test(request=0x2308820, flag=0x7fff7d000460, status=0x7fff7d000530) failed
MPIDI_CH3I_Progress(367).....: 
MPID_nem_mpich_test_recv(754): 
MPID_nem_tcp_connpoll(1838)..: 
state_listening_handler(1906): accept of socket fd failed - Too many open files
Fatal error in PMPI_Test: A process has failed, error stack:
PMPI_Test(166).............: MPI_Test(request=0x2e46200, flag=0x7ffc07359160, status=0x7ffc07359230) failed
MPIR_Test_impl(65).........: 
MPID_nem_tcp_connpoll(1826): Communication error with rank 583: Connection reset by peer
Fatal error in PMPI_Test: A process has failed, error stack:
PMPI_Test(166).............: MPI_Test(request=0x1edb960, flag=0x7ffca6474fd0, status=0x7ffca64750a0) failed
MPIR_Test_impl(65).........: 
MPID_nem_tcp_connpoll(1826): Communication error with rank 583: Connection reset by peer
Fatal error in PMPI_Test: A process has failed, error stack:
PMPI_Test(166).............: MPI_Test(request=0x2a3b290, flag=0x7ffea9e6c1f0, status=0x7ffea9e6c2c0) failed
MPIR_Test_impl(65).........: 
MPID_nem_tcp_connpoll(1826): Communication error with rank 583: Connection reset by peer
Fatal error in PMPI_Test: A process has failed, error stack:
PMPI_Test(166).............: MPI_Test(request=0x2fa1a10, flag=0x7ffc8c9ae160, status=0x7ffc8c9ae230) failed
MPIR_Test_impl(65).........: 
MPID_nem_tcp_connpoll(1826): Communication error with rank 583: Connection reset by peer
Fatal error in PMPI_Test: A process has failed, error stack:
PMPI_Test(166).............: MPI_Test(request=0x21e77c0, flag=0x7ffd898fee40, status=0x7ffd898fef10) failed
MPIR_Test_impl(65).........: 
MPID_nem_tcp_connpoll(1826): Communication error with rank 583: Connection reset by peer
Fatal error in PMPI_Test: A process has failed, error stack:
PMPI_Test(166).............: MPI_Test(request=0x377f080, flag=0x7ffe84f11940, status=0x7ffe84f11a10) failed
MPIR_Test_impl(65).........: 
MPID_nem_tcp_connpoll(1826): Communication error with rank 583: Connection reset by peer
Fatal error in PMPI_Test: A process has failed, error stack:
PMPI_Test(166).............: MPI_Test(request=0x1f11570, flag=0x7ffc3993bb70, status=0x7ffc3993bc40) failed
MPIR_Test_impl(65).........: 
MPID_nem_tcp_connpoll(1826): Communication error with rank 583: Connection reset by peer
Fatal error in PMPI_Test: A process has failed, error stack:
PMPI_Test(166).............: MPI_Test(request=0x1bb1870, flag=0x7fff294a3480, status=0x7fff294a3550) failed
MPIR_Test_impl(65).........: 
MPID_nem_tcp_connpoll(1826): Communication error with rank 583: Connection reset by peer
Fatal error in PMPI_Test: A process has failed, error stack:
PMPI_Test(166).............: MPI_Test(request=0x383d3a0, flag=0x7ffda8d96880, status=0x7ffda8d96950) failed
MPIR_Test_impl(65).........: 
MPID_nem_tcp_connpoll(1826): Communication error with rank 583: Connection reset by peer
Fatal error in PMPI_Test: A process has failed, error stack:
PMPI_Test(166).............: MPI_Test(request=0x2f3ad90, flag=0x7ffed29953b0, status=0x7ffed2995480) failed
MPIR_Test_impl(65).........: 
MPID_nem_tcp_connpoll(1826): Communication error with rank 583: Connection reset by peer
Fatal error in PMPI_Test: A process has failed, error stack:
PMPI_Test(166).............: MPI_Test(request=0x31cdad0, flag=0x7ffdca05a590, status=0x7ffdca05a660) failed
MPIR_Test_impl(65).........: 
MPID_nem_tcp_connpoll(1826): Communication error with rank 583: Connection reset by peer
Fatal error in PMPI_Test: A process has failed, error stack:
PMPI_Test(166).............: MPI_Test(request=0x3781f70, flag=0x7ffdb278c490, status=0x7ffdb278c560) failed
MPIR_Test_impl(65).........: 
MPID_nem_tcp_connpoll(1826): Communication error with rank 583: Connection reset by peer
Fatal error in PMPI_Test: A process has failed, error stack:
PMPI_Test(166).............: MPI_Test(request=0x1999a90, flag=0x7fff10fd1d90, status=0x7fff10fd1e60) failed
MPIR_Test_impl(65).........: 
MPID_nem_tcp_connpoll(1826): Communication error with rank 583: Connection reset by peer
Fatal error in PMPI_Test: A process has failed, error stack:
PMPI_Test(166).............: MPI_Test(request=0x22d5e850, flag=0x7ffc02f64c20, status=0x7ffc02f64cf0) failed
MPIR_Test_impl(65).........: 
MPID_nem_tcp_connpoll(1826): Communication error with rank 583: Connection reset by peer
Fatal error in PMPI_Test: A process has failed, error stack:
PMPI_Test(166).............: MPI_Test(request=0x25eb1b0, flag=0x7fffca091400, status=0x7fffca0914d0) failed
MPIR_Test_impl(65).........: 
MPID_nem_tcp_connpoll(1826): Communication error with rank 583: Connection reset by peer
Fatal error in PMPI_Test: A process has failed, error stack:
PMPI_Test(166).............: MPI_Test(request=0x2a7bec0, flag=0x7ffdb1b98850, status=0x7ffdb1b98920) failed
MPIR_Test_impl(65).........: 
MPID_nem_tcp_connpoll(1826): Communication error with rank 583: Connection reset by peer
Fatal error in PMPI_Test: A process has failed, error stack:
PMPI_Test(166).............: MPI_Test(request=0x2160510, flag=0x7ffc78f11690, status=0x7ffc78f11760) failed
MPIR_Test_impl(65).........: 
MPID_nem_tcp_connpoll(1826): Communication error with rank 583: Connection reset by peer
Fatal error in PMPI_Test: A process has failed, error stack:
PMPI_Test(166).............: MPI_Test(request=0x254a800, flag=0x7ffe8e37bc10, status=0x7ffe8e37bce0) failed
MPIR_Test_impl(65).........: 
MPID_nem_tcp_connpoll(1826): Communication error with rank 583: Connection reset by peer
Fatal error in PMPI_Test: A process has failed, error stack:
PMPI_Test(166).............: MPI_Test(request=0x294ba20, flag=0x7ffe9baecf40, status=0x7ffe9baed010) failed
MPIR_Test_impl(65).........: 
MPID_nem_tcp_connpoll(1826): Communication error with rank 583: Connection reset by peer
Fatal error in PMPI_Test: A process has failed, error stack:
PMPI_Test(166).............: MPI_Test(request=0x223efa70, flag=0x7ffcdc92fb40, status=0x7ffcdc92fc10) failed
MPIR_Test_impl(65).........: 
MPID_nem_tcp_connpoll(1826): Communication error with rank 583: Connection reset by peer
Fatal error in PMPI_Test: A process has failed, error stack:
PMPI_Test(166).............: MPI_Test(request=0x28fbb00, flag=0x7ffdb4151820, status=0x7ffdb41518f0) failed
MPIR_Test_impl(65).........: 
MPID_nem_tcp_connpoll(1826): Communication error with rank 583: Connection reset by peer
Fatal error in PMPI_Test: A process has failed, error stack:
PMPI_Test(166).............: MPI_Test(request=0x2a814f0, flag=0x7fffb3f984a0, status=0x7fffb3f98570) failed
MPIR_Test_impl(65).........: 
MPID_nem_tcp_connpoll(1826): Communication error with rank 583: Connection reset by peer
Fatal error in PMPI_Test: A process has failed, error stack:
PMPI_Test(166).............: MPI_Test(request=0x1d13fe0, flag=0x7ffeec35c090, status=0x7ffeec35c160) failed
MPIR_Test_impl(65).........: 
MPID_nem_tcp_connpoll(1826): Communication error with rank 583: Connection reset by peer
Fatal error in PMPI_Test: A process has failed, error stack:
PMPI_Test(166).............: MPI_Test(request=0x26ed8a0, flag=0x7ffe36ce7480, status=0x7ffe36ce7550) failed
MPIR_Test_impl(65).........: 
MPID_nem_tcp_connpoll(1826): Communication error with rank 583: Connection reset by peer
Fatal error in PMPI_Test: A process has failed, error stack:
PMPI_Test(166).............: MPI_Test(request=0x229578c0, flag=0x7ffde6055280, status=0x7ffde6055350) failed
MPIR_Test_impl(65).........: 
MPID_nem_tcp_connpoll(1826): Communication error with rank 583: Connection reset by peer
Fatal error in PMPI_Test: A process has failed, error stack:
PMPI_Test(166).............: MPI_Test(request=0x334fcb0, flag=0x7ffde863ec00, status=0x7ffde863ecd0) failed
MPIR_Test_impl(65).........: 
MPID_nem_tcp_connpoll(1826): Communication error with rank 583: Connection reset by peer
Fatal error in PMPI_Test: A process has failed, error stack:
PMPI_Test(166).............: MPI_Test(request=0x244e750, flag=0x7ffcb1a8bb50, status=0x7ffcb1a8bc20) failed
MPIR_Test_impl(65).........: 
MPID_nem_tcp_connpoll(1826): Communication error with rank 583: Connection reset by peer
Fatal error in PMPI_Test: A process has failed, error stack:
PMPI_Test(166).............: MPI_Test(request=0x22c27c0, flag=0x7ffda25425e0, status=0x7ffda25426b0) failed
MPIR_Test_impl(65).........: 
MPID_nem_tcp_connpoll(1826): Communication error with rank 583: Connection reset by peer
Fatal error in PMPI_Test: A process has failed, error stack:
PMPI_Test(166).............: MPI_Test(request=0x350a110, flag=0x7fff23ffe010, status=0x7fff23ffe0e0) failed
MPIR_Test_impl(65).........: 
MPID_nem_tcp_connpoll(1826): Communication error with rank 583: Connection reset by peer
Fatal error in PMPI_Test: A process has failed, error stack:
PMPI_Test(166).............: MPI_Test(request=0x25ad010, flag=0x7ffcff68cb80, status=0x7ffcff68cc50) failed
MPIR_Test_impl(65).........: 
MPID_nem_tcp_connpoll(1826): Communication error with rank 583: Connection reset by peer
Fatal error in PMPI_Test: A process has failed, error stack:
PMPI_Test(166).............: MPI_Test(request=0x2c5a580, flag=0x7ffd091c74c0, status=0x7ffd091c7590) failed
MPIR_Test_impl(65).........: 
MPID_nem_tcp_connpoll(1826): Communication error with rank 583: Connection reset by peer
Fatal error in PMPI_Test: A process has failed, error stack:
PMPI_Test(166).............: MPI_Test(request=0x3328c80, flag=0x7ffcf7502a80, status=0x7ffcf7502b50) failed
MPIR_Test_impl(65).........: 
MPID_nem_tcp_connpoll(1826): Communication error with rank 583: Connection reset by peer
Fatal error in PMPI_Test: A process has failed, error stack:
PMPI_Test(166).............: MPI_Test(request=0x2854110, flag=0x7ffd4c181220, status=0x7ffd4c1812f0) failed
MPIR_Test_impl(65).........: 
MPID_nem_tcp_connpoll(1826): Communication error with rank 583: Connection reset by peer
Fatal error in PMPI_Test: A process has failed, error stack:
PMPI_Test(166).............: MPI_Test(request=0x231e8530, flag=0x7ffeabdf9a50, status=0x7ffeabdf9b20) failed
MPIR_Test_impl(65).........: 
MPID_nem_tcp_connpoll(1826): Communication error with rank 583: Connection reset by peer
Fatal error in PMPI_Test: A process has failed, error stack:
PMPI_Test(166).............: MPI_Test(request=0x230f92a0, flag=0x7fffb6743e20, status=0x7fffb6743ef0) failed
MPIR_Test_impl(65).........: 
MPID_nem_tcp_connpoll(1826): Communication error with rank 583: Connection reset by peer
Fatal error in PMPI_Test: A process has failed, error stack:
PMPI_Test(166).............: MPI_Test(request=0x27fa910, flag=0x7ffebf601c10, status=0x7ffebf601ce0) failed
MPIR_Test_impl(65).........: 
MPID_nem_tcp_connpoll(1826): Communication error with rank 583: Connection reset by peer
Fatal error in PMPI_Test: A process has failed, error stack:
PMPI_Test(166).............: MPI_Test(request=0x2a4dc70, flag=0x7ffd59645c40, status=0x7ffd59645d10) failed
MPIR_Test_impl(65).........: 
MPID_nem_tcp_connpoll(1826): Communication error with rank 583: Connection reset by peer
Fatal error in PMPI_Test: A process has failed, error stack:
PMPI_Test(166).............: MPI_Test(request=0x1aeaec0, flag=0x7ffdf193b7f0, status=0x7ffdf193b8c0) failed
MPIR_Test_impl(65).........: 
MPID_nem_tcp_connpoll(1826): Communication error with rank 583: Connection reset by peer
Fatal error in PMPI_Test: A process has failed, error stack:
PMPI_Test(166).............: MPI_Test(request=0x18015e0, flag=0x7ffc0466a8a0, status=0x7ffc0466a970) failed
MPIR_Test_impl(65).........: 
MPID_nem_tcp_connpoll(1826): Communication error with rank 583: Connection reset by peer
Fatal error in PMPI_Test: Other MPI error, error stack:
PMPI_Test(166)...............: MPI_Test(request=0x174a2f0, flag=0x7ffec9bffe50, status=0x7ffec9bfff20) failed
MPIDI_CH3I_Progress(367).....: 
MPID_nem_mpich_test_recv(754): 
MPID_nem_tcp_connpoll(1838)..: 
state_listening_handler(1906): accept of socket fd failed - Too many open files
Fatal error in PMPI_Test: A process has failed, error stack:
PMPI_Test(166).............: MPI_Test(request=0x1fc6340, flag=0x7ffe2ba07550, status=0x7ffe2ba07620) failed
MPIR_Test_impl(65).........: 
MPID_nem_tcp_connpoll(1826): Communication error with rank 583: Connection reset by peer
Fatal error in PMPI_Test: A process has failed, error stack:
PMPI_Test(166).............: MPI_Test(request=0x27af880, flag=0x7ffd5e5acf30, status=0x7ffd5e5ad000) failed
MPIR_Test_impl(65).........: 
MPID_nem_tcp_connpoll(1826): Communication error with rank 583: Connection reset by peer
Fatal error in PMPI_Test: A process has failed, error stack:
PMPI_Test(166).............: MPI_Test(request=0x2cd7c20, flag=0x7fff57dc6e80, status=0x7fff57dc6f50) failed
MPIR_Test_impl(65).........: 
MPID_nem_tcp_connpoll(1826): Communication error with rank 583: Connection reset by peer
Fatal error in PMPI_Test: A process has failed, error stack:
PMPI_Test(166).............: MPI_Test(request=0x233c1fb0, flag=0x7ffcd84603e0, status=0x7ffcd84604b0) failed
MPIR_Test_impl(65).........: 
MPID_nem_tcp_connpoll(1826): Communication error with rank 583: Connection reset by peer
Fatal error in PMPI_Test: A process has failed, error stack:
PMPI_Test(166).............: MPI_Test(request=0x235ef040, flag=0x7fffc841af90, status=0x7fffc841b060) failed
MPIR_Test_impl(65).........: 
MPID_nem_tcp_connpoll(1826): Communication error with rank 583: Connection reset by peer
Fatal error in PMPI_Test: A process has failed, error stack:
PMPI_Test(166).............: MPI_Test(request=0x31a1930, flag=0x7fff30abcc30, status=0x7fff30abcd00) failed
MPIR_Test_impl(65).........: 
MPID_nem_tcp_connpoll(1826): Communication error with rank 583: Connection reset by peer
Fatal error in PMPI_Test: A process has failed, error stack:
PMPI_Test(166).............: MPI_Test(request=0x1a5ec90, flag=0x7ffeee11e320, status=0x7ffeee11e3f0) failed
MPIR_Test_impl(65).........: 
MPID_nem_tcp_connpoll(1826): Communication error with rank 583: Connection reset by peer
Fatal error in PMPI_Test: A process has failed, error stack:
PMPI_Test(166).............: MPI_Test(request=0x286c0a0, flag=0x7fff00618b50, status=0x7fff00618c20) failed
MPIR_Test_impl(65).........: 
MPID_nem_tcp_connpoll(1826): Communication error with rank 583: Connection reset by peer
Fatal error in PMPI_Test: A process has failed, error stack:
PMPI_Test(166).............: MPI_Test(request=0x2671090, flag=0x7ffdf972b040, status=0x7ffdf972b110) failed
MPIR_Test_impl(65).........: 
MPID_nem_tcp_connpoll(1826): Communication error with rank 583: Connection reset by peer
Fatal error in PMPI_Test: A process has failed, error stack:
PMPI_Test(166).............: MPI_Test(request=0x1ec3670, flag=0x7ffeca267010, status=0x7ffeca2670e0) failed
MPIR_Test_impl(65).........: 
MPID_nem_tcp_connpoll(1826): Communication error with rank 583: Connection reset by peer
Fatal error in PMPI_Test: A process has failed, error stack:
PMPI_Test(166).............: MPI_Test(request=0x2512fe0, flag=0x7ffe37a94960, status=0x7ffe37a94a30) failed
MPIR_Test_impl(65).........: 
MPID_nem_tcp_connpoll(1826): Communication error with rank 583: Connection reset by peer
Fatal error in PMPI_Test: A process has failed, error stack:
PMPI_Test(166).............: MPI_Test(request=0x1a136c0, flag=0x7ffee77f5b60, status=0x7ffee77f5c30) failed
MPIR_Test_impl(65).........: 
MPID_nem_tcp_connpoll(1826): Communication error with rank 583: Connection reset by peer
Fatal error in PMPI_Test: A process has failed, error stack:
PMPI_Test(166).............: MPI_Test(request=0x1a3ebd0, flag=0x7ffde3cd51b0, status=0x7ffde3cd5280) failed
MPIR_Test_impl(65).........: 
MPID_nem_tcp_connpoll(1826): Communication error with rank 583: Connection reset by peer
Fatal error in PMPI_Test: A process has failed, error stack:
PMPI_Test(166).............: MPI_Test(request=0x352c610, flag=0x7ffc35392fe0, status=0x7ffc353930b0) failed
MPIR_Test_impl(65).........: 
MPID_nem_tcp_connpoll(1826): Communication error with rank 583: Connection reset by peer
Fatal error in PMPI_Test: A process has failed, error stack:
PMPI_Test(166).............: MPI_Test(request=0x2fa9680, flag=0x7fff40032d40, status=0x7fff40032e10) failed
MPIR_Test_impl(65).........: 
MPID_nem_tcp_connpoll(1826): Communication error with rank 583: Connection reset by peer
Fatal error in PMPI_Test: A process has failed, error stack:
PMPI_Test(166).............: MPI_Test(request=0x2bc73e0, flag=0x7ffdf70e4060, status=0x7ffdf70e4130) failed
MPIR_Test_impl(65).........: 
MPID_nem_tcp_connpoll(1826): Communication error with rank 583: Connection reset by peer
Fatal error in PMPI_Test: Other MPI error, error stack:
PMPI_Test(166)...............: MPI_Test(request=0x21d2e30, flag=0x7ffd7d2f1b80, status=0x7ffd7d2f1c50) failed
MPIDI_CH3I_Progress(367).....: 
MPID_nem_mpich_test_recv(754): 
MPID_nem_tcp_connpoll(1838)..: 
state_listening_handler(1906): accept of socket fd failed - Too many open files
Fatal error in PMPI_Test: A process has failed, error stack:
PMPI_Test(166).............: MPI_Test(request=0x360eba0, flag=0x7ffff6472200, status=0x7ffff64722d0) failed
MPIR_Test_impl(65).........: 
MPID_nem_tcp_connpoll(1826): Communication error with rank 583: Connection reset by peer
Fatal error in PMPI_Test: A process has failed, error stack:
PMPI_Test(166).............: MPI_Test(request=0x3442100, flag=0x7ffe465ddb10, status=0x7ffe465ddbe0) failed
MPIR_Test_impl(65).........: 
MPID_nem_tcp_connpoll(1826): Communication error with rank 583: Connection reset by peer
Fatal error in PMPI_Test: A process has failed, error stack:
PMPI_Test(166).............: MPI_Test(request=0x23ea700, flag=0x7ffe10719320, status=0x7ffe107193f0) failed
MPIR_Test_impl(65).........: 
MPID_nem_tcp_connpoll(1826): Communication error with rank 583: Connection reset by peer
Fatal error in PMPI_Test: A process has failed, error stack:
PMPI_Test(166).............: MPI_Test(request=0x1afb070, flag=0x7fff76f183e0, status=0x7fff76f184b0) failed
MPIR_Test_impl(65).........: 
MPID_nem_tcp_connpoll(1826): Communication error with rank 583: Connection reset by peer
Fatal error in PMPI_Test: A process has failed, error stack:
PMPI_Test(166).............: MPI_Test(request=0x1caada0, flag=0x7ffeaf3b5530, status=0x7ffeaf3b5600) failed
MPIR_Test_impl(65).........: 
MPID_nem_tcp_connpoll(1826): Communication error with rank 583: Connection reset by peer
Fatal error in PMPI_Test: A process has failed, error stack:
PMPI_Test(166).............: MPI_Test(request=0x30aa380, flag=0x7ffc94f9f140, status=0x7ffc94f9f210) failed
MPIR_Test_impl(65).........: 
MPID_nem_tcp_connpoll(1826): Communication error with rank 583: Connection reset by peer
Fatal error in PMPI_Test: A process has failed, error stack:
PMPI_Test(166).............: MPI_Test(request=0x24f4ab0, flag=0x7ffcd312b2f0, status=0x7ffcd312b3c0) failed
MPIR_Test_impl(65).........: 
MPID_nem_tcp_connpoll(1826): Communication error with rank 583: Connection reset by peer
Fatal error in PMPI_Test: A process has failed, error stack:
PMPI_Test(166).............: MPI_Test(request=0x26cfa80, flag=0x7fff14a4ce30, status=0x7fff14a4cf00) failed
MPIR_Test_impl(65).........: 
MPID_nem_tcp_connpoll(1826): Communication error with rank 583: Connection reset by peer
Fatal error in PMPI_Test: A process has failed, error stack:
PMPI_Test(166).............: MPI_Test(request=0x28175c0, flag=0x7ffdd5be06c0, status=0x7ffdd5be0790) failed
MPIR_Test_impl(65).........: 
MPID_nem_tcp_connpoll(1826): Communication error with rank 583: Connection reset by peer
Fatal error in PMPI_Test: A process has failed, error stack:
PMPI_Test(166).............: MPI_Test(request=0x2bbcb60, flag=0x7fff81e505d0, status=0x7fff81e506a0) failed
MPIR_Test_impl(65).........: 
MPID_nem_tcp_connpoll(1826): Communication error with rank 583: Connection reset by peer
Fatal error in PMPI_Test: A process has failed, error stack:
PMPI_Test(166).............: MPI_Test(request=0x2f01830, flag=0x7ffd9c4bd070, status=0x7ffd9c4bd140) failed
MPIR_Test_impl(65).........: 
MPID_nem_tcp_connpoll(1826): Communication error with rank 583: Connection reset by peer
Fatal error in PMPI_Test: A process has failed, error stack:
PMPI_Test(166).............: MPI_Test(request=0x32794d0, flag=0x7ffec3f1a720, status=0x7ffec3f1a7f0) failed
MPIR_Test_impl(65).........: 
MPID_nem_tcp_connpoll(1826): Communication error with rank 583: Connection reset by peer
Fatal error in PMPI_Test: A process has failed, error stack:
PMPI_Test(166).............: MPI_Test(request=0x22a7d230, flag=0x7ffc980f72f0, status=0x7ffc980f73c0) failed
MPIR_Test_impl(65).........: 
MPID_nem_tcp_connpoll(1826): Communication error with rank 583: Connection reset by peer
Fatal error in PMPI_Test: A process has failed, error stack:
PMPI_Test(166).............: MPI_Test(request=0x37fa500, flag=0x7ffc81276340, status=0x7ffc81276410) failed
MPIR_Test_impl(65).........: 
MPID_nem_tcp_connpoll(1826): Communication error with rank 583: Connection reset by peer
Fatal error in PMPI_Test: A process has failed, error stack:
PMPI_Test(166).............: MPI_Test(request=0x22b64860, flag=0x7ffd72e10760, status=0x7ffd72e10830) failed
MPIR_Test_impl(65).........: 
MPID_nem_tcp_connpoll(1826): Communication error with rank 583: Connection reset by peer
Fatal error in PMPI_Test: A process has failed, error stack:
PMPI_Test(166).............: MPI_Test(request=0x15a6dc0, flag=0x7ffd88009be0, status=0x7ffd88009cb0) failed
MPIR_Test_impl(65).........: 
MPID_nem_tcp_connpoll(1826): Communication error with rank 583: Connection reset by peer
Fatal error in PMPI_Test: A process has failed, error stack:
PMPI_Test(166).............: MPI_Test(request=0x2682530, flag=0x7ffde5907e80, status=0x7ffde5907f50) failed
MPIR_Test_impl(65).........: 
MPID_nem_tcp_connpoll(1826): Communication error with rank 583: Connection reset by peer
Fatal error in PMPI_Test: A process has failed, error stack:
PMPI_Test(166).............: MPI_Test(request=0x290b960, flag=0x7ffe8fe741d0, status=0x7ffe8fe742a0) failed
MPIR_Test_impl(65).........: 
MPID_nem_tcp_connpoll(1826): Communication error with rank 583: Connection reset by peer
Fatal error in PMPI_Test: Other MPI error, error stack:
PMPI_Test(166)...............: MPI_Test(request=0x2260ba80, flag=0x7ffe1fc086b0, status=0x7ffe1fc08780) failed
MPIDI_CH3I_Progress(367).....: 
MPID_nem_mpich_test_recv(754): 
MPID_nem_tcp_connpoll(1838)..: 
state_listening_handler(1906): accept of socket fd failed - Too many open files
Fatal error in PMPI_Test: A process has failed, error stack:
PMPI_Test(166).............: MPI_Test(request=0x1d77cc0, flag=0x7ffe421c6790, status=0x7ffe421c6860) failed
MPIR_Test_impl(65).........: 
MPID_nem_tcp_connpoll(1826): Communication error with rank 583: Connection reset by peer
Fatal error in PMPI_Test: A process has failed, error stack:
PMPI_Test(166).............: MPI_Test(request=0x1771a40, flag=0x7ffea48fa980, status=0x7ffea48faa50) failed
MPIR_Test_impl(65).........: 
MPID_nem_tcp_connpoll(1826): Communication error with rank 583: Connection reset by peer
Fatal error in PMPI_Test: A process has failed, error stack:
PMPI_Test(166).............: MPI_Test(request=0x22c6f5d0, flag=0x7ffca16a3990, status=0x7ffca16a3a60) failed
MPIR_Test_impl(65).........: 
MPID_nem_tcp_connpoll(1826): Communication error with rank 583: Connection reset by peer
Fatal error in PMPI_Test: A process has failed, error stack:
PMPI_Test(166).............: MPI_Test(request=0x18208d0, flag=0x7fffedb328a0, status=0x7fffedb32970) failed
MPIR_Test_impl(65).........: 
MPID_nem_tcp_connpoll(1826): Communication error with rank 583: Connection reset by peer
Fatal error in PMPI_Test: A process has failed, error stack:
PMPI_Test(166).............: MPI_Test(request=0x300bd60, flag=0x7fff7b4b72a0, status=0x7fff7b4b7370) failed
MPIR_Test_impl(65).........: 
MPID_nem_tcp_connpoll(1826): Communication error with rank 583: Connection reset by peer
Fatal error in PMPI_Test: Other MPI error, error stack:
PMPI_Test(166)...............: MPI_Test(request=0x23747390, flag=0x7ffd3f4267a0, status=0x7ffd3f426870) failed
MPIDI_CH3I_Progress(367).....: 
MPID_nem_mpich_test_recv(754): 
MPID_nem_tcp_connpoll(1838)..: 
state_listening_handler(1906): accept of socket fd failed - Too many open files
Fatal error in PMPI_Test: A process has failed, error stack:
PMPI_Test(166).............: MPI_Test(request=0x164b1e0, flag=0x7ffc8629cd80, status=0x7ffc8629ce50) failed
MPIR_Test_impl(65).........: 
MPID_nem_tcp_connpoll(1826): Communication error with rank 583: Connection reset by peer
Fatal error in PMPI_Test: A process has failed, error stack:
PMPI_Test(166).............: MPI_Test(request=0x1a12120, flag=0x7ffea70000f0, status=0x7ffea70001c0) failed
MPIR_Test_impl(65).........: 
MPID_nem_tcp_connpoll(1826): Communication error with rank 583: Connection reset by peer
Fatal error in PMPI_Test: A process has failed, error stack:
PMPI_Test(166).............: MPI_Test(request=0x2a028b0, flag=0x7ffc85fcf650, status=0x7ffc85fcf720) failed
MPIR_Test_impl(65).........: 
MPID_nem_tcp_connpoll(1826): Communication error with rank 583: Connection reset by peer
Fatal error in PMPI_Test: Other MPI error, error stack:
PMPI_Test(166)...............: MPI_Test(request=0x228458b0, flag=0x7fffa5e075e0, status=0x7fffa5e076b0) failed
MPIDI_CH3I_Progress(367).....: 
MPID_nem_mpich_test_recv(754): 
MPID_nem_tcp_connpoll(1838)..: 
state_listening_handler(1906): accept of socket fd failed - Too many open files
Fatal error in PMPI_Test: A process has failed, error stack:
PMPI_Test(166).............: MPI_Test(request=0x27c2030, flag=0x7ffd069cdd50, status=0x7ffd069cde20) failed
MPIR_Test_impl(65).........: 
MPID_nem_tcp_connpoll(1826): Communication error with rank 583: Connection reset by peer
Fatal error in PMPI_Test: Other MPI error, error stack:
PMPI_Test(166)...............: MPI_Test(request=0x2303b650, flag=0x7ffd8ea313e0, status=0x7ffd8ea314b0) failed
MPIDI_CH3I_Progress(367).....: 
MPID_nem_mpich_test_recv(754): 
MPID_nem_tcp_connpoll(1838)..: 
state_listening_handler(1906): accept of socket fd failed - Too many open files
Fatal error in PMPI_Test: A process has failed, error stack:
PMPI_Test(166).............: MPI_Test(request=0x1e88d00, flag=0x7fffe513c4f0, status=0x7fffe513c5c0) failed
MPIR_Test_impl(65).........: 
MPID_nem_tcp_connpoll(1826): Communication error with rank 583: Connection reset by peer
Fatal error in PMPI_Test: A process has failed, error stack:
PMPI_Test(166).............: MPI_Test(request=0x2f9c1b0, flag=0x7fffb826d6c0, status=0x7fffb826d790) failed
MPIR_Test_impl(65).........: 
MPID_nem_tcp_connpoll(1826): Communication error with rank 583: Connection reset by peer
Fatal error in PMPI_Test: A process has failed, error stack:
PMPI_Test(166).............: MPI_Test(request=0x3980150, flag=0x7fff05d20cb0, status=0x7fff05d20d80) failed
MPIR_Test_impl(65).........: 
MPID_nem_tcp_connpoll(1826): Communication error with rank 583: Connection reset by peer
Fatal error in PMPI_Test: A process has failed, error stack:
PMPI_Test(166).............: MPI_Test(request=0x21c3210, flag=0x7ffc59505e90, status=0x7ffc59505f60) failed
MPIR_Test_impl(65).........: 
MPID_nem_tcp_connpoll(1826): Communication error with rank 583: Connection reset by peer
Fatal error in PMPI_Test: A process has failed, error stack:
PMPI_Test(166).............: MPI_Test(request=0x2005e90, flag=0x7ffc23b775e0, status=0x7ffc23b776b0) failed
MPIR_Test_impl(65).........: 
MPID_nem_tcp_connpoll(1826): Communication error with rank 583: Connection reset by peer
Fatal error in PMPI_Test: Other MPI error, error stack:
PMPI_Test(166)...............: MPI_Test(request=0x228fc5c0, flag=0x7ffe6a150060, status=0x7ffe6a150130) failed
MPIDI_CH3I_Progress(367).....: 
MPID_nem_mpich_test_recv(754): 
MPID_nem_tcp_connpoll(1838)..: 
state_listening_handler(1906): accept of socket fd failed - Too many open files
Fatal error in PMPI_Test: A process has failed, error stack:
PMPI_Test(166).............: MPI_Test(request=0x2133ef0, flag=0x7ffe784160d0, status=0x7ffe784161a0) failed
MPIR_Test_impl(65).........: 
MPID_nem_tcp_connpoll(1826): Communication error with rank 255: Connection reset by peer
Fatal error in PMPI_Test: A process has failed, error stack:
PMPI_Test(166).............: MPI_Test(request=0x216b220, flag=0x7ffc3ed1cfe0, status=0x7ffc3ed1d0b0) failed
MPIR_Test_impl(65).........: 
MPID_nem_tcp_connpoll(1826): Communication error with rank 33: Connection refused

===================================================================================
=   BAD TERMINATION OF ONE OF YOUR APPLICATION PROCESSES
=   EXIT CODE: 1
=   CLEANING UP REMAINING PROCESSES
=   YOU CAN IGNORE THE BELOW CLEANUP MESSAGES
===================================================================================
[proxy:0:0@master] HYD_pmcd_pmip_control_cmd_cb (./pm/pmiserv/pmip_cb.c:886): assert (!closed) failed
[proxy:0:0@master] HYDT_dmxu_poll_wait_for_event (./tools/demux/demux_poll.c:77): callback returned error status
[proxy:0:0@master] main (./pm/pmiserv/pmip.c:206): demux engine error waiting for event
[proxy:0:1@worker01] HYD_pmcd_pmip_control_cmd_cb (./pm/pmiserv/pmip_cb.c:886): assert (!closed) failed
[proxy:0:1@worker01] HYDT_dmxu_poll_wait_for_event (./tools/demux/demux_poll.c:77): callback returned error status
[proxy:0:1@worker01] main (./pm/pmiserv/pmip.c:206): demux engine error waiting for event
[proxy:0:2@worker02] HYD_pmcd_pmip_control_cmd_cb (./pm/pmiserv/pmip_cb.c:886): assert (!closed) failed
[proxy:0:2@worker02] HYDT_dmxu_poll_wait_for_event (./tools/demux/demux_poll.c:77): callback returned error status
[proxy:0:2@worker02] main (./pm/pmiserv/pmip.c:206): demux engine error waiting for event
[proxy:0:3@worker03] HYD_pmcd_pmip_control_cmd_cb (./pm/pmiserv/pmip_cb.c:886): assert (!closed) failed
[proxy:0:3@worker03] HYDT_dmxu_poll_wait_for_event (./tools/demux/demux_poll.c:77): callback returned error status
[proxy:0:3@worker03] main (./pm/pmiserv/pmip.c:206): demux engine error waiting for event
[proxy:0:4@worker04] HYD_pmcd_pmip_control_cmd_cb (./pm/pmiserv/pmip_cb.c:886): assert (!closed) failed
[proxy:0:4@worker04] HYDT_dmxu_poll_wait_for_event (./tools/demux/demux_poll.c:77): callback returned error status
[proxy:0:4@worker04] main (./pm/pmiserv/pmip.c:206): demux engine error waiting for event
[proxy:0:5@worker05] HYD_pmcd_pmip_control_cmd_cb (./pm/pmiserv/pmip_cb.c:886): assert (!closed) failed
[proxy:0:5@worker05] HYDT_dmxu_poll_wait_for_event (./tools/demux/demux_poll.c:77): callback returned error status
[proxy:0:5@worker05] main (./pm/pmiserv/pmip.c:206): demux engine error waiting for event
[proxy:0:6@worker06] HYD_pmcd_pmip_control_cmd_cb (./pm/pmiserv/pmip_cb.c:886): assert (!closed) failed
[proxy:0:6@worker06] HYDT_dmxu_poll_wait_for_event (./tools/demux/demux_poll.c:77): callback returned error status
[proxy:0:6@worker06] main (./pm/pmiserv/pmip.c:206): demux engine error waiting for event
[proxy:0:7@worker07] HYD_pmcd_pmip_control_cmd_cb (./pm/pmiserv/pmip_cb.c:886): assert (!closed) failed
[proxy:0:7@worker07] HYDT_dmxu_poll_wait_for_event (./tools/demux/demux_poll.c:77): callback returned error status
[proxy:0:7@worker07] main (./pm/pmiserv/pmip.c:206): demux engine error waiting for event
[proxy:0:8@worker08] HYD_pmcd_pmip_control_cmd_cb (./pm/pmiserv/pmip_cb.c:886): assert (!closed) failed
[proxy:0:8@worker08] HYDT_dmxu_poll_wait_for_event (./tools/demux/demux_poll.c:77): callback returned error status
[proxy:0:8@worker08] main (./pm/pmiserv/pmip.c:206): demux engine error waiting for event
[proxy:0:9@worker09] HYD_pmcd_pmip_control_cmd_cb (./pm/pmiserv/pmip_cb.c:886): assert (!closed) failed
[proxy:0:9@worker09] HYDT_dmxu_poll_wait_for_event (./tools/demux/demux_poll.c:77): callback returned error status
[proxy:0:9@worker09] main (./pm/pmiserv/pmip.c:206): demux engine error waiting for event
[proxy:0:10@worker10] HYD_pmcd_pmip_control_cmd_cb (./pm/pmiserv/pmip_cb.c:886): assert (!closed) failed
[proxy:0:10@worker10] HYDT_dmxu_poll_wait_for_event (./tools/demux/demux_poll.c:77): callback returned error status
[proxy:0:10@worker10] main (./pm/pmiserv/pmip.c:206): demux engine error waiting for event
[proxy:0:11@worker11] HYD_pmcd_pmip_control_cmd_cb (./pm/pmiserv/pmip_cb.c:886): assert (!closed) failed
[proxy:0:11@worker11] HYDT_dmxu_poll_wait_for_event (./tools/demux/demux_poll.c:77): callback returned error status
[proxy:0:11@worker11] main (./pm/pmiserv/pmip.c:206): demux engine error waiting for event
[proxy:0:12@worker12] HYD_pmcd_pmip_control_cmd_cb (./pm/pmiserv/pmip_cb.c:886): assert (!closed) failed
[proxy:0:12@worker12] HYDT_dmxu_poll_wait_for_event (./tools/demux/demux_poll.c:77): callback returned error status
[proxy:0:12@worker12] main (./pm/pmiserv/pmip.c:206): demux engine error waiting for event
[proxy:0:13@worker13] HYD_pmcd_pmip_control_cmd_cb (./pm/pmiserv/pmip_cb.c:886): assert (!closed) failed
[proxy:0:13@worker13] HYDT_dmxu_poll_wait_for_event (./tools/demux/demux_poll.c:77): callback returned error status
[proxy:0:13@worker13] main (./pm/pmiserv/pmip.c:206): demux engine error waiting for event
[proxy:0:14@worker14] HYD_pmcd_pmip_control_cmd_cb (./pm/pmiserv/pmip_cb.c:886): assert (!closed) failed
[proxy:0:14@worker14] HYDT_dmxu_poll_wait_for_event (./tools/demux/demux_poll.c:77): callback returned error status
[proxy:0:14@worker14] main (./pm/pmiserv/pmip.c:206): demux engine error waiting for event
[proxy:0:15@worker15] HYD_pmcd_pmip_control_cmd_cb (./pm/pmiserv/pmip_cb.c:886): assert (!closed) failed
[proxy:0:15@worker15] HYDT_dmxu_poll_wait_for_event (./tools/demux/demux_poll.c:77): callback returned error status
[proxy:0:15@worker15] main (./pm/pmiserv/pmip.c:206): demux engine error waiting for event
[proxy:0:16@worker16] HYD_pmcd_pmip_control_cmd_cb (./pm/pmiserv/pmip_cb.c:886): assert (!closed) failed
[proxy:0:16@worker16] HYDT_dmxu_poll_wait_for_event (./tools/demux/demux_poll.c:77): callback returned error status
[proxy:0:16@worker16] main (./pm/pmiserv/pmip.c:206): demux engine error waiting for event
[proxy:0:17@worker17] HYD_pmcd_pmip_control_cmd_cb (./pm/pmiserv/pmip_cb.c:886): assert (!closed) failed
[proxy:0:17@worker17] HYDT_dmxu_poll_wait_for_event (./tools/demux/demux_poll.c:77): callback returned error status
[proxy:0:17@worker17] main (./pm/pmiserv/pmip.c:206): demux engine error waiting for event
[proxy:0:18@worker18] HYD_pmcd_pmip_control_cmd_cb (./pm/pmiserv/pmip_cb.c:886): assert (!closed) failed
[proxy:0:18@worker18] HYDT_dmxu_poll_wait_for_event (./tools/demux/demux_poll.c:77): callback returned error status
[proxy:0:18@worker18] main (./pm/pmiserv/pmip.c:206): demux engine error waiting for event
[proxy:0:19@worker19] HYD_pmcd_pmip_control_cmd_cb (./pm/pmiserv/pmip_cb.c:886): assert (!closed) failed
[proxy:0:19@worker19] HYDT_dmxu_poll_wait_for_event (./tools/demux/demux_poll.c:77): callback returned error status
[proxy:0:19@worker19] main (./pm/pmiserv/pmip.c:206): demux engine error waiting for event
[proxy:0:20@worker20] HYD_pmcd_pmip_control_cmd_cb (./pm/pmiserv/pmip_cb.c:886): assert (!closed) failed
[proxy:0:20@worker20] HYDT_dmxu_poll_wait_for_event (./tools/demux/demux_poll.c:77): callback returned error status
[proxy:0:20@worker20] main (./pm/pmiserv/pmip.c:206): demux engine error waiting for event
[proxy:0:21@worker21] HYD_pmcd_pmip_control_cmd_cb (./pm/pmiserv/pmip_cb.c:886): assert (!closed) failed
[proxy:0:21@worker21] HYDT_dmxu_poll_wait_for_event (./tools/demux/demux_poll.c:77): callback returned error status
[proxy:0:21@worker21] main (./pm/pmiserv/pmip.c:206): demux engine error waiting for event
[proxy:0:23@worker23] HYD_pmcd_pmip_control_cmd_cb (./pm/pmiserv/pmip_cb.c:886): assert (!closed) failed
[proxy:0:23@worker23] HYDT_dmxu_poll_wait_for_event (./tools/demux/demux_poll.c:77): callback returned error status
[proxy:0:23@worker23] main (./pm/pmiserv/pmip.c:206): demux engine error waiting for event
[proxy:0:24@worker24] HYD_pmcd_pmip_control_cmd_cb (./pm/pmiserv/pmip_cb.c:886): assert (!closed) failed
[proxy:0:24@worker24] HYDT_dmxu_poll_wait_for_event (./tools/demux/demux_poll.c:77): callback returned error status
[proxy:0:24@worker24] main (./pm/pmiserv/pmip.c:206): demux engine error waiting for event
[proxy:0:25@worker25] HYD_pmcd_pmip_control_cmd_cb (./pm/pmiserv/pmip_cb.c:886): assert (!closed) failed
[proxy:0:25@worker25] HYDT_dmxu_poll_wait_for_event (./tools/demux/demux_poll.c:77): callback returned error status
[proxy:0:25@worker25] main (./pm/pmiserv/pmip.c:206): demux engine error waiting for event
[proxy:0:26@worker26] HYD_pmcd_pmip_control_cmd_cb (./pm/pmiserv/pmip_cb.c:886): assert (!closed) failed
[proxy:0:26@worker26] HYDT_dmxu_poll_wait_for_event (./tools/demux/demux_poll.c:77): callback returned error status
[proxy:0:26@worker26] main (./pm/pmiserv/pmip.c:206): demux engine error waiting for event
[proxy:0:27@worker27] HYD_pmcd_pmip_control_cmd_cb (./pm/pmiserv/pmip_cb.c:886): assert (!closed) failed
[proxy:0:27@worker27] HYDT_dmxu_poll_wait_for_event (./tools/demux/demux_poll.c:77): callback returned error status
[proxy:0:27@worker27] main (./pm/pmiserv/pmip.c:206): demux engine error waiting for event
[proxy:0:28@worker28] HYD_pmcd_pmip_control_cmd_cb (./pm/pmiserv/pmip_cb.c:886): assert (!closed) failed
[proxy:0:28@worker28] HYDT_dmxu_poll_wait_for_event (./tools/demux/demux_poll.c:77): callback returned error status
[proxy:0:28@worker28] main (./pm/pmiserv/pmip.c:206): demux engine error waiting for event
[proxy:0:29@worker29] HYD_pmcd_pmip_control_cmd_cb (./pm/pmiserv/pmip_cb.c:886): assert (!closed) failed
[proxy:0:29@worker29] HYDT_dmxu_poll_wait_for_event (./tools/demux/demux_poll.c:77): callback returned error status
[proxy:0:29@worker29] main (./pm/pmiserv/pmip.c:206): demux engine error waiting for event
[proxy:0:30@worker30] HYD_pmcd_pmip_control_cmd_cb (./pm/pmiserv/pmip_cb.c:886): assert (!closed) failed
[proxy:0:30@worker30] HYDT_dmxu_poll_wait_for_event (./tools/demux/demux_poll.c:77): callback returned error status
[proxy:0:30@worker30] main (./pm/pmiserv/pmip.c:206): demux engine error waiting for event
[proxy:0:31@worker31] HYD_pmcd_pmip_control_cmd_cb (./pm/pmiserv/pmip_cb.c:886): assert (!closed) failed
[proxy:0:31@worker31] HYDT_dmxu_poll_wait_for_event (./tools/demux/demux_poll.c:77): callback returned error status
[proxy:0:31@worker31] main (./pm/pmiserv/pmip.c:206): demux engine error waiting for event
[proxy:0:32@worker32] HYD_pmcd_pmip_control_cmd_cb (./pm/pmiserv/pmip_cb.c:886): assert (!closed) failed
[proxy:0:32@worker32] HYDT_dmxu_poll_wait_for_event (./tools/demux/demux_poll.c:77): callback returned error status
[proxy:0:32@worker32] main (./pm/pmiserv/pmip.c:206): demux engine error waiting for event
[proxy:0:33@worker33] HYD_pmcd_pmip_control_cmd_cb (./pm/pmiserv/pmip_cb.c:886): assert (!closed) failed
[proxy:0:33@worker33] HYDT_dmxu_poll_wait_for_event (./tools/demux/demux_poll.c:77): callback returned error status
[proxy:0:33@worker33] main (./pm/pmiserv/pmip.c:206): demux engine error waiting for event
[proxy:0:34@worker34] HYD_pmcd_pmip_control_cmd_cb (./pm/pmiserv/pmip_cb.c:886): assert (!closed) failed
[proxy:0:34@worker34] HYDT_dmxu_poll_wait_for_event (./tools/demux/demux_poll.c:77): callback returned error status
[proxy:0:34@worker34] main (./pm/pmiserv/pmip.c:206): demux engine error waiting for event
[proxy:0:35@worker35] HYD_pmcd_pmip_control_cmd_cb (./pm/pmiserv/pmip_cb.c:886): assert (!closed) failed
[proxy:0:35@worker35] HYDT_dmxu_poll_wait_for_event (./tools/demux/demux_poll.c:77): callback returned error status
[proxy:0:35@worker35] main (./pm/pmiserv/pmip.c:206): demux engine error waiting for event
[proxy:0:36@worker36] HYD_pmcd_pmip_control_cmd_cb (./pm/pmiserv/pmip_cb.c:886): assert (!closed) failed
[proxy:0:36@worker36] HYDT_dmxu_poll_wait_for_event (./tools/demux/demux_poll.c:77): callback returned error status
[proxy:0:36@worker36] main (./pm/pmiserv/pmip.c:206): demux engine error waiting for event
[proxy:0:37@worker37] HYD_pmcd_pmip_control_cmd_cb (./pm/pmiserv/pmip_cb.c:886): assert (!closed) failed
[proxy:0:37@worker37] HYDT_dmxu_poll_wait_for_event (./tools/demux/demux_poll.c:77): callback returned error status
[proxy:0:37@worker37] main (./pm/pmiserv/pmip.c:206): demux engine error waiting for event
[proxy:0:38@worker38] HYD_pmcd_pmip_control_cmd_cb (./pm/pmiserv/pmip_cb.c:886): assert (!closed) failed
[proxy:0:38@worker38] HYDT_dmxu_poll_wait_for_event (./tools/demux/demux_poll.c:77): callback returned error status
[proxy:0:38@worker38] main (./pm/pmiserv/pmip.c:206): demux engine error waiting for event
[proxy:0:39@worker39] HYD_pmcd_pmip_control_cmd_cb (./pm/pmiserv/pmip_cb.c:886): assert (!closed) failed
[proxy:0:39@worker39] HYDT_dmxu_poll_wait_for_event (./tools/demux/demux_poll.c:77): callback returned error status
[proxy:0:39@worker39] main (./pm/pmiserv/pmip.c:206): demux engine error waiting for event
[proxy:0:40@worker40] HYD_pmcd_pmip_control_cmd_cb (./pm/pmiserv/pmip_cb.c:886): assert (!closed) failed
[proxy:0:40@worker40] HYDT_dmxu_poll_wait_for_event (./tools/demux/demux_poll.c:77): callback returned error status
[proxy:0:40@worker40] main (./pm/pmiserv/pmip.c:206): demux engine error waiting for event
[proxy:0:41@worker41] HYD_pmcd_pmip_control_cmd_cb (./pm/pmiserv/pmip_cb.c:886): assert (!closed) failed
[proxy:0:41@worker41] HYDT_dmxu_poll_wait_for_event (./tools/demux/demux_poll.c:77): callback returned error status
[proxy:0:41@worker41] main (./pm/pmiserv/pmip.c:206): demux engine error waiting for event
[proxy:0:42@worker42] HYD_pmcd_pmip_control_cmd_cb (./pm/pmiserv/pmip_cb.c:886): assert (!closed) failed
[proxy:0:42@worker42] HYDT_dmxu_poll_wait_for_event (./tools/demux/demux_poll.c:77): callback returned error status
[proxy:0:42@worker42] main (./pm/pmiserv/pmip.c:206): demux engine error waiting for event
[proxy:0:43@worker43] HYD_pmcd_pmip_control_cmd_cb (./pm/pmiserv/pmip_cb.c:886): assert (!closed) failed
[proxy:0:43@worker43] HYDT_dmxu_poll_wait_for_event (./tools/demux/demux_poll.c:77): callback returned error status
[proxy:0:43@worker43] main (./pm/pmiserv/pmip.c:206): demux engine error waiting for event
[proxy:0:44@worker44] HYD_pmcd_pmip_control_cmd_cb (./pm/pmiserv/pmip_cb.c:886): assert (!closed) failed
[proxy:0:44@worker44] HYDT_dmxu_poll_wait_for_event (./tools/demux/demux_poll.c:77): callback returned error status
[proxy:0:44@worker44] main (./pm/pmiserv/pmip.c:206): demux engine error waiting for event
[proxy:0:45@worker45] HYD_pmcd_pmip_control_cmd_cb (./pm/pmiserv/pmip_cb.c:886): assert (!closed) failed
[proxy:0:45@worker45] HYDT_dmxu_poll_wait_for_event (./tools/demux/demux_poll.c:77): callback returned error status
[proxy:0:45@worker45] main (./pm/pmiserv/pmip.c:206): demux engine error waiting for event
[proxy:0:46@worker46] HYD_pmcd_pmip_control_cmd_cb (./pm/pmiserv/pmip_cb.c:886): assert (!closed) failed
[proxy:0:46@worker46] HYDT_dmxu_poll_wait_for_event (./tools/demux/demux_poll.c:77): callback returned error status
[proxy:0:46@worker46] main (./pm/pmiserv/pmip.c:206): demux engine error waiting for event
[proxy:0:47@worker47] HYD_pmcd_pmip_control_cmd_cb (./pm/pmiserv/pmip_cb.c:886): assert (!closed) failed
[proxy:0:47@worker47] HYDT_dmxu_poll_wait_for_event (./tools/demux/demux_poll.c:77): callback returned error status
[proxy:0:47@worker47] main (./pm/pmiserv/pmip.c:206): demux engine error waiting for event
[proxy:0:48@worker48] HYD_pmcd_pmip_control_cmd_cb (./pm/pmiserv/pmip_cb.c:886): assert (!closed) failed
[proxy:0:48@worker48] HYDT_dmxu_poll_wait_for_event (./tools/demux/demux_poll.c:77): callback returned error status
[proxy:0:48@worker48] main (./pm/pmiserv/pmip.c:206): demux engine error waiting for event
[proxy:0:49@worker49] HYD_pmcd_pmip_control_cmd_cb (./pm/pmiserv/pmip_cb.c:886): assert (!closed) failed
[proxy:0:49@worker49] HYDT_dmxu_poll_wait_for_event (./tools/demux/demux_poll.c:77): callback returned error status
[proxy:0:49@worker49] main (./pm/pmiserv/pmip.c:206): demux engine error waiting for event
[proxy:0:50@worker50] HYD_pmcd_pmip_control_cmd_cb (./pm/pmiserv/pmip_cb.c:886): assert (!closed) failed
[proxy:0:50@worker50] HYDT_dmxu_poll_wait_for_event (./tools/demux/demux_poll.c:77): callback returned error status
[proxy:0:50@worker50] main (./pm/pmiserv/pmip.c:206): demux engine error waiting for event
[proxy:0:51@worker51] HYD_pmcd_pmip_control_cmd_cb (./pm/pmiserv/pmip_cb.c:886): assert (!closed) failed
[proxy:0:51@worker51] HYDT_dmxu_poll_wait_for_event (./tools/demux/demux_poll.c:77): callback returned error status
[proxy:0:51@worker51] main (./pm/pmiserv/pmip.c:206): demux engine error waiting for event
[proxy:0:52@worker52] HYD_pmcd_pmip_control_cmd_cb (./pm/pmiserv/pmip_cb.c:886): assert (!closed) failed
[proxy:0:52@worker52] HYDT_dmxu_poll_wait_for_event (./tools/demux/demux_poll.c:77): callback returned error status
[proxy:0:52@worker52] main (./pm/pmiserv/pmip.c:206): demux engine error waiting for event
[proxy:0:53@worker53] HYD_pmcd_pmip_control_cmd_cb (./pm/pmiserv/pmip_cb.c:886): assert (!closed) failed
[proxy:0:53@worker53] HYDT_dmxu_poll_wait_for_event (./tools/demux/demux_poll.c:77): callback returned error status
[proxy:0:53@worker53] main (./pm/pmiserv/pmip.c:206): demux engine error waiting for event
[proxy:0:54@worker54] HYD_pmcd_pmip_control_cmd_cb (./pm/pmiserv/pmip_cb.c:886): assert (!closed) failed
[proxy:0:54@worker54] HYDT_dmxu_poll_wait_for_event (./tools/demux/demux_poll.c:77): callback returned error status
[proxy:0:54@worker54] main (./pm/pmiserv/pmip.c:206): demux engine error waiting for event
[proxy:0:55@worker55] HYD_pmcd_pmip_control_cmd_cb (./pm/pmiserv/pmip_cb.c:886): assert (!closed) failed
[proxy:0:55@worker55] HYDT_dmxu_poll_wait_for_event (./tools/demux/demux_poll.c:77): callback returned error status
[proxy:0:55@worker55] main (./pm/pmiserv/pmip.c:206): demux engine error waiting for event
[proxy:0:56@worker56] HYD_pmcd_pmip_control_cmd_cb (./pm/pmiserv/pmip_cb.c:886): assert (!closed) failed
[proxy:0:56@worker56] HYDT_dmxu_poll_wait_for_event (./tools/demux/demux_poll.c:77): callback returned error status
[proxy:0:56@worker56] main (./pm/pmiserv/pmip.c:206): demux engine error waiting for event
[proxy:0:57@worker57] HYD_pmcd_pmip_control_cmd_cb (./pm/pmiserv/pmip_cb.c:886): assert (!closed) failed
[proxy:0:57@worker57] HYDT_dmxu_poll_wait_for_event (./tools/demux/demux_poll.c:77): callback returned error status
[proxy:0:57@worker57] main (./pm/pmiserv/pmip.c:206): demux engine error waiting for event
[proxy:0:58@worker58] HYD_pmcd_pmip_control_cmd_cb (./pm/pmiserv/pmip_cb.c:886): assert (!closed) failed
[proxy:0:58@worker58] HYDT_dmxu_poll_wait_for_event (./tools/demux/demux_poll.c:77): callback returned error status
[proxy:0:58@worker58] main (./pm/pmiserv/pmip.c:206): demux engine error waiting for event
[proxy:0:59@worker59] HYD_pmcd_pmip_control_cmd_cb (./pm/pmiserv/pmip_cb.c:886): assert (!closed) failed
[proxy:0:59@worker59] HYDT_dmxu_poll_wait_for_event (./tools/demux/demux_poll.c:77): callback returned error status
[proxy:0:59@worker59] main (./pm/pmiserv/pmip.c:206): demux engine error waiting for event
[proxy:0:60@worker60] HYD_pmcd_pmip_control_cmd_cb (./pm/pmiserv/pmip_cb.c:886): assert (!closed) failed
[proxy:0:60@worker60] HYDT_dmxu_poll_wait_for_event (./tools/demux/demux_poll.c:77): callback returned error status
[proxy:0:60@worker60] main (./pm/pmiserv/pmip.c:206): demux engine error waiting for event
[proxy:0:61@worker61] HYD_pmcd_pmip_control_cmd_cb (./pm/pmiserv/pmip_cb.c:886): assert (!closed) failed
[proxy:0:61@worker61] HYDT_dmxu_poll_wait_for_event (./tools/demux/demux_poll.c:77): callback returned error status
[proxy:0:61@worker61] main (./pm/pmiserv/pmip.c:206): demux engine error waiting for event
[proxy:0:62@worker62] HYD_pmcd_pmip_control_cmd_cb (./pm/pmiserv/pmip_cb.c:886): assert (!closed) failed
[proxy:0:62@worker62] HYDT_dmxu_poll_wait_for_event (./tools/demux/demux_poll.c:77): callback returned error status
[proxy:0:62@worker62] main (./pm/pmiserv/pmip.c:206): demux engine error waiting for event
[proxy:0:63@worker63] HYD_pmcd_pmip_control_cmd_cb (./pm/pmiserv/pmip_cb.c:886): assert (!closed) failed
[proxy:0:63@worker63] HYDT_dmxu_poll_wait_for_event (./tools/demux/demux_poll.c:77): callback returned error status
[proxy:0:63@worker63] main (./pm/pmiserv/pmip.c:206): demux engine error waiting for event
[mpiexec@master] HYDT_bscu_wait_for_completion (./tools/bootstrap/utils/bscu_wait.c:76): one of the processes terminated badly; aborting
[mpiexec@master] HYDT_bsci_wait_for_completion (./tools/bootstrap/src/bsci_wait.c:23): launcher returned error waiting for completion
[mpiexec@master] HYD_pmci_wait_for_completion (./pm/pmiserv/pmiserv_pmci.c:217): launcher returned error waiting for completion
[mpiexec@master] main (./ui/mpich/mpiexec.c:331): process manager error waiting for completion
